mode: set
github.com/shivasurya/code-pathfinder/sast-engine/graph/callgraph/builder/builder.go:32.34,34.73 1 1
github.com/shivasurya/code-pathfinder/sast-engine/graph/callgraph/builder/builder.go:34.73,35.70 1 0
github.com/shivasurya/code-pathfinder/sast-engine/graph/callgraph/builder/builder.go:35.70,37.18 1 0
github.com/shivasurya/code-pathfinder/sast-engine/graph/callgraph/builder/builder.go:37.18,39.5 1 0
github.com/shivasurya/code-pathfinder/sast-engine/graph/callgraph/builder/builder.go:40.4,40.16 1 0
github.com/shivasurya/code-pathfinder/sast-engine/graph/callgraph/builder/builder.go:45.2,51.17 3 1
github.com/shivasurya/code-pathfinder/sast-engine/graph/callgraph/builder/builder.go:51.17,53.3 1 0
github.com/shivasurya/code-pathfinder/sast-engine/graph/callgraph/builder/builder.go:54.2,54.18 1 1
github.com/shivasurya/code-pathfinder/sast-engine/graph/callgraph/builder/builder.go:54.18,56.3 1 0
github.com/shivasurya/code-pathfinder/sast-engine/graph/callgraph/builder/builder.go:58.2,58.16 1 1
github.com/shivasurya/code-pathfinder/sast-engine/graph/callgraph/builder/builder.go:97.148,123.16 10 1
github.com/shivasurya/code-pathfinder/sast-engine/graph/callgraph/builder/builder.go:123.16,126.3 1 0
github.com/shivasurya/code-pathfinder/sast-engine/graph/callgraph/builder/builder.go:126.8,139.3 4 1
github.com/shivasurya/code-pathfinder/sast-engine/graph/callgraph/builder/builder.go:143.2,163.34 11 1
github.com/shivasurya/code-pathfinder/sast-engine/graph/callgraph/builder/builder.go:163.34,165.13 2 1
github.com/shivasurya/code-pathfinder/sast-engine/graph/callgraph/builder/builder.go:165.13,167.32 2 1
github.com/shivasurya/code-pathfinder/sast-engine/graph/callgraph/builder/builder.go:167.32,169.19 2 1
github.com/shivasurya/code-pathfinder/sast-engine/graph/callgraph/builder/builder.go:169.19,170.14 1 0
github.com/shivasurya/code-pathfinder/sast-engine/graph/callgraph/builder/builder.go:173.5,174.19 2 1
github.com/shivasurya/code-pathfinder/sast-engine/graph/callgraph/builder/builder.go:174.19,175.14 1 0
github.com/shivasurya/code-pathfinder/sast-engine/graph/callgraph/builder/builder.go:178.5,178.25 1 1
github.com/shivasurya/code-pathfinder/sast-engine/graph/callgraph/builder/builder.go:178.25,182.6 3 1
github.com/shivasurya/code-pathfinder/sast-engine/graph/callgraph/builder/builder.go:185.5,186.24 2 1
github.com/shivasurya/code-pathfinder/sast-engine/graph/callgraph/builder/builder.go:186.24,188.6 1 0
github.com/shivasurya/code-pathfinder/sast-engine/graph/callgraph/builder/builder.go:194.2,194.53 1 1
github.com/shivasurya/code-pathfinder/sast-engine/graph/callgraph/builder/builder.go:194.53,195.42 1 1
github.com/shivasurya/code-pathfinder/sast-engine/graph/callgraph/builder/builder.go:195.42,196.12 1 0
github.com/shivasurya/code-pathfinder/sast-engine/graph/callgraph/builder/builder.go:198.3,198.48 1 1
github.com/shivasurya/code-pathfinder/sast-engine/graph/callgraph/builder/builder.go:200.2,217.34 10 1
github.com/shivasurya/code-pathfinder/sast-engine/graph/callgraph/builder/builder.go:217.34,219.13 2 1
github.com/shivasurya/code-pathfinder/sast-engine/graph/callgraph/builder/builder.go:219.13,221.34 2 1
github.com/shivasurya/code-pathfinder/sast-engine/graph/callgraph/builder/builder.go:221.34,223.19 2 1
github.com/shivasurya/code-pathfinder/sast-engine/graph/callgraph/builder/builder.go:223.19,224.14 1 0
github.com/shivasurya/code-pathfinder/sast-engine/graph/callgraph/builder/builder.go:228.5,232.24 3 1
github.com/shivasurya/code-pathfinder/sast-engine/graph/callgraph/builder/builder.go:232.24,234.6 1 0
github.com/shivasurya/code-pathfinder/sast-engine/graph/callgraph/builder/builder.go:240.2,240.44 1 1
github.com/shivasurya/code-pathfinder/sast-engine/graph/callgraph/builder/builder.go:240.44,241.42 1 1
github.com/shivasurya/code-pathfinder/sast-engine/graph/callgraph/builder/builder.go:241.42,242.12 1 0
github.com/shivasurya/code-pathfinder/sast-engine/graph/callgraph/builder/builder.go:244.3,244.22 1 1
github.com/shivasurya/code-pathfinder/sast-engine/graph/callgraph/builder/builder.go:246.2,263.34 9 1
github.com/shivasurya/code-pathfinder/sast-engine/graph/callgraph/builder/builder.go:263.34,265.13 2 1
github.com/shivasurya/code-pathfinder/sast-engine/graph/callgraph/builder/builder.go:265.13,267.30 2 1
github.com/shivasurya/code-pathfinder/sast-engine/graph/callgraph/builder/builder.go:267.30,269.19 2 1
github.com/shivasurya/code-pathfinder/sast-engine/graph/callgraph/builder/builder.go:269.19,270.14 1 0
github.com/shivasurya/code-pathfinder/sast-engine/graph/callgraph/builder/builder.go:274.5,278.24 3 1
github.com/shivasurya/code-pathfinder/sast-engine/graph/callgraph/builder/builder.go:278.24,280.6 1 0
github.com/shivasurya/code-pathfinder/sast-engine/graph/callgraph/builder/builder.go:286.2,286.53 1 1
github.com/shivasurya/code-pathfinder/sast-engine/graph/callgraph/builder/builder.go:286.53,287.42 1 1
github.com/shivasurya/code-pathfinder/sast-engine/graph/callgraph/builder/builder.go:287.42,288.12 1 0
github.com/shivasurya/code-pathfinder/sast-engine/graph/callgraph/builder/builder.go:290.3,290.46 1 1
github.com/shivasurya/code-pathfinder/sast-engine/graph/callgraph/builder/builder.go:292.2,309.34 10 1
github.com/shivasurya/code-pathfinder/sast-engine/graph/callgraph/builder/builder.go:309.34,311.13 2 1
github.com/shivasurya/code-pathfinder/sast-engine/graph/callgraph/builder/builder.go:311.13,313.34 2 1
github.com/shivasurya/code-pathfinder/sast-engine/graph/callgraph/builder/builder.go:313.34,316.19 2 1
github.com/shivasurya/code-pathfinder/sast-engine/graph/callgraph/builder/builder.go:316.19,317.14 1 0
github.com/shivasurya/code-pathfinder/sast-engine/graph/callgraph/builder/builder.go:321.5,322.19 2 1
github.com/shivasurya/code-pathfinder/sast-engine/graph/callgraph/builder/builder.go:322.19,323.14 1 0
github.com/shivasurya/code-pathfinder/sast-engine/graph/callgraph/builder/builder.go:327.5,328.19 2 1
github.com/shivasurya/code-pathfinder/sast-engine/graph/callgraph/builder/builder.go:328.19,329.14 1 0
github.com/shivasurya/code-pathfinder/sast-engine/graph/callgraph/builder/builder.go:333.5,336.40 2 1
github.com/shivasurya/code-pathfinder/sast-engine/graph/callgraph/builder/builder.go:336.40,339.25 2 1
github.com/shivasurya/code-pathfinder/sast-engine/graph/callgraph/builder/builder.go:339.25,341.7 1 0
github.com/shivasurya/code-pathfinder/sast-engine/graph/callgraph/builder/builder.go:344.6,351.25 4 1
github.com/shivasurya/code-pathfinder/sast-engine/graph/callgraph/builder/builder.go:351.25,356.7 4 0
github.com/shivasurya/code-pathfinder/sast-engine/graph/callgraph/builder/builder.go:359.6,359.19 1 1
github.com/shivasurya/code-pathfinder/sast-engine/graph/callgraph/builder/builder.go:359.19,361.7 1 1
github.com/shivasurya/code-pathfinder/sast-engine/graph/callgraph/builder/builder.go:364.6,366.18 3 1
github.com/shivasurya/code-pathfinder/sast-engine/graph/callgraph/builder/builder.go:366.18,368.7 1 1
github.com/shivasurya/code-pathfinder/sast-engine/graph/callgraph/builder/builder.go:369.6,369.29 1 1
github.com/shivasurya/code-pathfinder/sast-engine/graph/callgraph/builder/builder.go:373.5,374.24 2 1
github.com/shivasurya/code-pathfinder/sast-engine/graph/callgraph/builder/builder.go:374.24,376.6 1 0
github.com/shivasurya/code-pathfinder/sast-engine/graph/callgraph/builder/builder.go:382.2,382.53 1 1
github.com/shivasurya/code-pathfinder/sast-engine/graph/callgraph/builder/builder.go:382.53,383.42 1 1
github.com/shivasurya/code-pathfinder/sast-engine/graph/callgraph/builder/builder.go:383.42,384.12 1 0
github.com/shivasurya/code-pathfinder/sast-engine/graph/callgraph/builder/builder.go:386.3,386.50 1 1
github.com/shivasurya/code-pathfinder/sast-engine/graph/callgraph/builder/builder.go:388.2,404.23 9 1
github.com/shivasurya/code-pathfinder/sast-engine/graph/callgraph/builder/builder.go:414.107,416.2 1 1
github.com/shivasurya/code-pathfinder/sast-engine/graph/callgraph/builder/builder.go:419.107,420.39 1 1
github.com/shivasurya/code-pathfinder/sast-engine/graph/callgraph/builder/builder.go:420.39,422.78 1 1
github.com/shivasurya/code-pathfinder/sast-engine/graph/callgraph/builder/builder.go:422.78,423.12 1 1
github.com/shivasurya/code-pathfinder/sast-engine/graph/callgraph/builder/builder.go:427.3,428.10 2 1
github.com/shivasurya/code-pathfinder/sast-engine/graph/callgraph/builder/builder.go:428.10,429.12 1 0
github.com/shivasurya/code-pathfinder/sast-engine/graph/callgraph/builder/builder.go:433.3,434.34 2 1
github.com/shivasurya/code-pathfinder/sast-engine/graph/callgraph/builder/builder.go:446.84,448.2 1 1
github.com/shivasurya/code-pathfinder/sast-engine/graph/callgraph/builder/builder.go:451.84,454.39 2 1
github.com/shivasurya/code-pathfinder/sast-engine/graph/callgraph/builder/builder.go:454.39,456.78 1 1
github.com/shivasurya/code-pathfinder/sast-engine/graph/callgraph/builder/builder.go:456.78,458.4 1 1
github.com/shivasurya/code-pathfinder/sast-engine/graph/callgraph/builder/builder.go:461.2,461.18 1 1
github.com/shivasurya/code-pathfinder/sast-engine/graph/callgraph/builder/builder.go:479.104,481.2 1 1
github.com/shivasurya/code-pathfinder/sast-engine/graph/callgraph/builder/builder.go:484.104,487.26 1 1
github.com/shivasurya/code-pathfinder/sast-engine/graph/callgraph/builder/builder.go:487.26,489.3 1 1
github.com/shivasurya/code-pathfinder/sast-engine/graph/callgraph/builder/builder.go:491.2,494.31 3 1
github.com/shivasurya/code-pathfinder/sast-engine/graph/callgraph/builder/builder.go:494.31,496.45 1 1
github.com/shivasurya/code-pathfinder/sast-engine/graph/callgraph/builder/builder.go:496.45,498.52 1 1
github.com/shivasurya/code-pathfinder/sast-engine/graph/callgraph/builder/builder.go:498.52,501.5 2 1
github.com/shivasurya/code-pathfinder/sast-engine/graph/callgraph/builder/builder.go:505.2,505.22 1 1
github.com/shivasurya/code-pathfinder/sast-engine/graph/callgraph/builder/builder.go:505.22,507.3 1 1
github.com/shivasurya/code-pathfinder/sast-engine/graph/callgraph/builder/builder.go:509.2,509.11 1 0
github.com/shivasurya/code-pathfinder/sast-engine/graph/callgraph/builder/builder.go:530.67,543.45 1 1
github.com/shivasurya/code-pathfinder/sast-engine/graph/callgraph/builder/builder.go:543.45,545.3 1 0
github.com/shivasurya/code-pathfinder/sast-engine/graph/callgraph/builder/builder.go:548.2,559.43 1 1
github.com/shivasurya/code-pathfinder/sast-engine/graph/callgraph/builder/builder.go:559.43,561.3 1 0
github.com/shivasurya/code-pathfinder/sast-engine/graph/callgraph/builder/builder.go:564.2,564.80 1 1
github.com/shivasurya/code-pathfinder/sast-engine/graph/callgraph/builder/builder.go:564.80,566.3 1 0
github.com/shivasurya/code-pathfinder/sast-engine/graph/callgraph/builder/builder.go:570.2,570.60 1 1
github.com/shivasurya/code-pathfinder/sast-engine/graph/callgraph/builder/builder.go:570.60,573.86 2 1
github.com/shivasurya/code-pathfinder/sast-engine/graph/callgraph/builder/builder.go:573.86,580.60 1 1
github.com/shivasurya/code-pathfinder/sast-engine/graph/callgraph/builder/builder.go:580.60,582.5 1 1
github.com/shivasurya/code-pathfinder/sast-engine/graph/callgraph/builder/builder.go:583.4,583.28 1 0
github.com/shivasurya/code-pathfinder/sast-engine/graph/callgraph/builder/builder.go:588.2,588.36 1 0
github.com/shivasurya/code-pathfinder/sast-engine/graph/callgraph/builder/builder.go:588.36,590.3 1 0
github.com/shivasurya/code-pathfinder/sast-engine/graph/callgraph/builder/builder.go:593.2,593.18 1 0
github.com/shivasurya/code-pathfinder/sast-engine/graph/callgraph/builder/builder.go:648.290,650.2 1 0
github.com/shivasurya/code-pathfinder/sast-engine/graph/callgraph/builder/builder.go:653.290,655.42 1 1
github.com/shivasurya/code-pathfinder/sast-engine/graph/callgraph/builder/builder.go:655.42,658.3 2 0
github.com/shivasurya/code-pathfinder/sast-engine/graph/callgraph/builder/builder.go:662.2,662.36 1 1
github.com/shivasurya/code-pathfinder/sast-engine/graph/callgraph/builder/builder.go:662.36,673.20 2 0
github.com/shivasurya/code-pathfinder/sast-engine/graph/callgraph/builder/builder.go:673.20,675.4 1 0
github.com/shivasurya/code-pathfinder/sast-engine/graph/callgraph/builder/builder.go:681.2,681.75 1 1
github.com/shivasurya/code-pathfinder/sast-engine/graph/callgraph/builder/builder.go:681.75,689.19 2 0
github.com/shivasurya/code-pathfinder/sast-engine/graph/callgraph/builder/builder.go:689.19,691.4 1 0
github.com/shivasurya/code-pathfinder/sast-engine/graph/callgraph/builder/builder.go:696.2,696.40 1 1
github.com/shivasurya/code-pathfinder/sast-engine/graph/callgraph/builder/builder.go:696.40,701.39 3 0
github.com/shivasurya/code-pathfinder/sast-engine/graph/callgraph/builder/builder.go:701.39,703.4 1 0
github.com/shivasurya/code-pathfinder/sast-engine/graph/callgraph/builder/builder.go:705.3,705.31 1 0
github.com/shivasurya/code-pathfinder/sast-engine/graph/callgraph/builder/builder.go:709.2,709.36 1 1
github.com/shivasurya/code-pathfinder/sast-engine/graph/callgraph/builder/builder.go:709.36,711.29 1 1
github.com/shivasurya/code-pathfinder/sast-engine/graph/callgraph/builder/builder.go:711.29,714.4 1 1
github.com/shivasurya/code-pathfinder/sast-engine/graph/callgraph/builder/builder.go:717.3,717.47 1 1
github.com/shivasurya/code-pathfinder/sast-engine/graph/callgraph/builder/builder.go:717.47,720.57 1 1
github.com/shivasurya/code-pathfinder/sast-engine/graph/callgraph/builder/builder.go:720.57,722.5 1 0
github.com/shivasurya/code-pathfinder/sast-engine/graph/callgraph/builder/builder.go:724.4,725.29 2 1
github.com/shivasurya/code-pathfinder/sast-engine/graph/callgraph/builder/builder.go:729.3,730.42 2 1
github.com/shivasurya/code-pathfinder/sast-engine/graph/callgraph/builder/builder.go:730.42,732.4 1 1
github.com/shivasurya/code-pathfinder/sast-engine/graph/callgraph/builder/builder.go:735.3,735.28 1 0
github.com/shivasurya/code-pathfinder/sast-engine/graph/callgraph/builder/builder.go:739.2,744.42 4 1
github.com/shivasurya/code-pathfinder/sast-engine/graph/callgraph/builder/builder.go:744.42,750.27 3 1
github.com/shivasurya/code-pathfinder/sast-engine/graph/callgraph/builder/builder.go:750.27,751.58 1 1
github.com/shivasurya/code-pathfinder/sast-engine/graph/callgraph/builder/builder.go:751.58,753.5 1 0
github.com/shivasurya/code-pathfinder/sast-engine/graph/callgraph/builder/builder.go:757.3,757.21 1 1
github.com/shivasurya/code-pathfinder/sast-engine/graph/callgraph/builder/builder.go:757.21,759.26 2 1
github.com/shivasurya/code-pathfinder/sast-engine/graph/callgraph/builder/builder.go:759.26,760.57 1 0
github.com/shivasurya/code-pathfinder/sast-engine/graph/callgraph/builder/builder.go:760.57,762.6 1 0
github.com/shivasurya/code-pathfinder/sast-engine/graph/callgraph/builder/builder.go:766.3,766.21 1 1
github.com/shivasurya/code-pathfinder/sast-engine/graph/callgraph/builder/builder.go:766.21,768.27 1 0
github.com/shivasurya/code-pathfinder/sast-engine/graph/callgraph/builder/builder.go:768.27,772.82 2 0
github.com/shivasurya/code-pathfinder/sast-engine/graph/callgraph/builder/builder.go:772.83,774.6 0 0
github.com/shivasurya/code-pathfinder/sast-engine/graph/callgraph/builder/builder.go:774.11,776.79 1 0
github.com/shivasurya/code-pathfinder/sast-engine/graph/callgraph/builder/builder.go:776.79,778.24 2 0
github.com/shivasurya/code-pathfinder/sast-engine/graph/callgraph/builder/builder.go:778.24,781.8 1 0
github.com/shivasurya/code-pathfinder/sast-engine/graph/callgraph/builder/builder.go:785.6,788.26 2 0
github.com/shivasurya/code-pathfinder/sast-engine/graph/callgraph/builder/builder.go:788.26,789.53 1 0
github.com/shivasurya/code-pathfinder/sast-engine/graph/callgraph/builder/builder.go:789.53,790.83 1 0
github.com/shivasurya/code-pathfinder/sast-engine/graph/callgraph/builder/builder.go:790.83,793.9 1 0
github.com/shivasurya/code-pathfinder/sast-engine/graph/callgraph/builder/builder.go:798.7,799.23 2 0
github.com/shivasurya/code-pathfinder/sast-engine/graph/callgraph/builder/builder.go:799.23,804.76 3 0
github.com/shivasurya/code-pathfinder/sast-engine/graph/callgraph/builder/builder.go:804.76,806.29 2 0
github.com/shivasurya/code-pathfinder/sast-engine/graph/callgraph/builder/builder.go:806.29,807.66 1 0
github.com/shivasurya/code-pathfinder/sast-engine/graph/callgraph/builder/builder.go:807.66,808.86 1 0
github.com/shivasurya/code-pathfinder/sast-engine/graph/callgraph/builder/builder.go:808.86,811.12 1 0
github.com/shivasurya/code-pathfinder/sast-engine/graph/callgraph/builder/builder.go:819.6,819.40 1 0
github.com/shivasurya/code-pathfinder/sast-engine/graph/callgraph/builder/builder.go:819.40,822.7 1 0
github.com/shivasurya/code-pathfinder/sast-engine/graph/callgraph/builder/builder.go:830.2,830.48 1 1
github.com/shivasurya/code-pathfinder/sast-engine/graph/callgraph/builder/builder.go:830.48,833.60 2 0
github.com/shivasurya/code-pathfinder/sast-engine/graph/callgraph/builder/builder.go:833.60,835.4 1 0
github.com/shivasurya/code-pathfinder/sast-engine/graph/callgraph/builder/builder.go:837.3,837.106 1 0
github.com/shivasurya/code-pathfinder/sast-engine/graph/callgraph/builder/builder.go:837.106,839.4 1 0
github.com/shivasurya/code-pathfinder/sast-engine/graph/callgraph/builder/builder.go:841.3,841.58 1 0
github.com/shivasurya/code-pathfinder/sast-engine/graph/callgraph/builder/builder.go:841.58,842.90 1 0
github.com/shivasurya/code-pathfinder/sast-engine/graph/callgraph/builder/builder.go:842.90,843.57 1 0
github.com/shivasurya/code-pathfinder/sast-engine/graph/callgraph/builder/builder.go:843.57,845.6 1 0
github.com/shivasurya/code-pathfinder/sast-engine/graph/callgraph/builder/builder.go:848.3,848.37 1 0
github.com/shivasurya/code-pathfinder/sast-engine/graph/callgraph/builder/builder.go:848.37,850.4 1 0
github.com/shivasurya/code-pathfinder/sast-engine/graph/callgraph/builder/builder.go:851.3,851.29 1 0
github.com/shivasurya/code-pathfinder/sast-engine/graph/callgraph/builder/builder.go:856.2,857.36 2 1
github.com/shivasurya/code-pathfinder/sast-engine/graph/callgraph/builder/builder.go:857.36,859.3 1 0
github.com/shivasurya/code-pathfinder/sast-engine/graph/callgraph/builder/builder.go:863.2,863.105 1 1
github.com/shivasurya/code-pathfinder/sast-engine/graph/callgraph/builder/builder.go:863.105,865.3 1 0
github.com/shivasurya/code-pathfinder/sast-engine/graph/callgraph/builder/builder.go:869.2,869.57 1 1
github.com/shivasurya/code-pathfinder/sast-engine/graph/callgraph/builder/builder.go:869.57,870.89 1 1
github.com/shivasurya/code-pathfinder/sast-engine/graph/callgraph/builder/builder.go:870.89,871.55 1 1
github.com/shivasurya/code-pathfinder/sast-engine/graph/callgraph/builder/builder.go:871.55,873.5 1 0
github.com/shivasurya/code-pathfinder/sast-engine/graph/callgraph/builder/builder.go:878.2,878.27 1 1
github.com/shivasurya/code-pathfinder/sast-engine/graph/callgraph/builder/builder.go:906.111,908.2 1 0
github.com/shivasurya/code-pathfinder/sast-engine/graph/callgraph/builder/builder.go:911.111,912.25 1 1
github.com/shivasurya/code-pathfinder/sast-engine/graph/callgraph/builder/builder.go:912.25,914.3 1 0
github.com/shivasurya/code-pathfinder/sast-engine/graph/callgraph/builder/builder.go:917.2,918.20 2 1
github.com/shivasurya/code-pathfinder/sast-engine/graph/callgraph/builder/builder.go:918.20,920.3 1 0
github.com/shivasurya/code-pathfinder/sast-engine/graph/callgraph/builder/builder.go:929.2,929.39 1 1
github.com/shivasurya/code-pathfinder/sast-engine/graph/callgraph/builder/builder.go:929.39,934.73 3 1
github.com/shivasurya/code-pathfinder/sast-engine/graph/callgraph/builder/builder.go:934.73,936.4 1 0
github.com/shivasurya/code-pathfinder/sast-engine/graph/callgraph/builder/builder.go:939.3,940.17 2 1
github.com/shivasurya/code-pathfinder/sast-engine/graph/callgraph/builder/builder.go:940.17,942.12 2 0
github.com/shivasurya/code-pathfinder/sast-engine/graph/callgraph/builder/builder.go:944.3,944.20 1 1
github.com/shivasurya/code-pathfinder/sast-engine/graph/callgraph/builder/builder.go:944.20,945.12 1 1
github.com/shivasurya/code-pathfinder/sast-engine/graph/callgraph/builder/builder.go:949.3,949.50 1 0
github.com/shivasurya/code-pathfinder/sast-engine/graph/callgraph/builder/builder.go:949.50,951.4 1 0
github.com/shivasurya/code-pathfinder/sast-engine/graph/callgraph/builder/builder.go:954.3,954.48 1 0
github.com/shivasurya/code-pathfinder/sast-engine/graph/callgraph/builder/builder.go:954.48,956.4 1 0
github.com/shivasurya/code-pathfinder/sast-engine/graph/callgraph/builder/builder.go:959.3,959.50 1 0
github.com/shivasurya/code-pathfinder/sast-engine/graph/callgraph/builder/builder.go:959.50,961.4 1 0
github.com/shivasurya/code-pathfinder/sast-engine/graph/callgraph/builder/builder.go:964.3,964.51 1 0
github.com/shivasurya/code-pathfinder/sast-engine/graph/callgraph/builder/builder.go:964.51,966.4 1 0
github.com/shivasurya/code-pathfinder/sast-engine/graph/callgraph/builder/builder.go:969.2,969.14 1 1
github.com/shivasurya/code-pathfinder/sast-engine/graph/callgraph/builder/builder.go:985.66,987.2 1 1
github.com/shivasurya/code-pathfinder/sast-engine/graph/callgraph/builder/builder.go:990.66,992.40 1 1
github.com/shivasurya/code-pathfinder/sast-engine/graph/callgraph/builder/builder.go:992.40,994.3 1 1
github.com/shivasurya/code-pathfinder/sast-engine/graph/callgraph/builder/builder.go:998.2,999.17 2 1
github.com/shivasurya/code-pathfinder/sast-engine/graph/callgraph/builder/builder.go:999.17,1001.50 2 1
github.com/shivasurya/code-pathfinder/sast-engine/graph/callgraph/builder/builder.go:1001.50,1003.4 1 1
github.com/shivasurya/code-pathfinder/sast-engine/graph/callgraph/builder/builder.go:1006.2,1006.14 1 1
github.com/shivasurya/code-pathfinder/sast-engine/graph/callgraph/builder/builder.go:1011.168,1013.40 1 0
github.com/shivasurya/code-pathfinder/sast-engine/graph/callgraph/builder/builder.go:1013.40,1018.39 3 0
github.com/shivasurya/code-pathfinder/sast-engine/graph/callgraph/builder/builder.go:1018.39,1020.4 1 0
github.com/shivasurya/code-pathfinder/sast-engine/graph/callgraph/builder/builder.go:1022.3,1022.26 1 0
github.com/shivasurya/code-pathfinder/sast-engine/graph/callgraph/builder/builder.go:1026.2,1026.36 1 0
github.com/shivasurya/code-pathfinder/sast-engine/graph/callgraph/builder/builder.go:1026.36,1028.29 1 0
github.com/shivasurya/code-pathfinder/sast-engine/graph/callgraph/builder/builder.go:1028.29,1031.4 1 0
github.com/shivasurya/code-pathfinder/sast-engine/graph/callgraph/builder/builder.go:1034.3,1034.47 1 0
github.com/shivasurya/code-pathfinder/sast-engine/graph/callgraph/builder/builder.go:1034.47,1037.57 1 0
github.com/shivasurya/code-pathfinder/sast-engine/graph/callgraph/builder/builder.go:1037.57,1039.5 1 0
github.com/shivasurya/code-pathfinder/sast-engine/graph/callgraph/builder/builder.go:1041.4,1042.24 2 0
github.com/shivasurya/code-pathfinder/sast-engine/graph/callgraph/builder/builder.go:1046.3,1047.42 2 0
github.com/shivasurya/code-pathfinder/sast-engine/graph/callgraph/builder/builder.go:1047.42,1049.4 1 0
github.com/shivasurya/code-pathfinder/sast-engine/graph/callgraph/builder/builder.go:1052.3,1052.23 1 0
github.com/shivasurya/code-pathfinder/sast-engine/graph/callgraph/builder/builder.go:1056.2,1061.48 4 0
github.com/shivasurya/code-pathfinder/sast-engine/graph/callgraph/builder/builder.go:1061.48,1064.60 2 0
github.com/shivasurya/code-pathfinder/sast-engine/graph/callgraph/builder/builder.go:1064.60,1066.4 1 0
github.com/shivasurya/code-pathfinder/sast-engine/graph/callgraph/builder/builder.go:1068.3,1068.106 1 0
github.com/shivasurya/code-pathfinder/sast-engine/graph/callgraph/builder/builder.go:1068.106,1070.4 1 0
github.com/shivasurya/code-pathfinder/sast-engine/graph/callgraph/builder/builder.go:1071.3,1071.37 1 0
github.com/shivasurya/code-pathfinder/sast-engine/graph/callgraph/builder/builder.go:1071.37,1073.4 1 0
github.com/shivasurya/code-pathfinder/sast-engine/graph/callgraph/builder/builder.go:1074.3,1074.24 1 0
github.com/shivasurya/code-pathfinder/sast-engine/graph/callgraph/builder/builder.go:1079.2,1080.36 2 0
github.com/shivasurya/code-pathfinder/sast-engine/graph/callgraph/builder/builder.go:1080.36,1082.3 1 0
github.com/shivasurya/code-pathfinder/sast-engine/graph/callgraph/builder/builder.go:1086.2,1086.105 1 0
github.com/shivasurya/code-pathfinder/sast-engine/graph/callgraph/builder/builder.go:1086.105,1088.3 1 0
github.com/shivasurya/code-pathfinder/sast-engine/graph/callgraph/builder/builder.go:1091.2,1091.22 1 0
github.com/shivasurya/code-pathfinder/sast-engine/graph/callgraph/builder/builder.go:1105.53,1107.2 1 1
github.com/shivasurya/code-pathfinder/sast-engine/graph/callgraph/builder/builder.go:1110.61,1112.66 1 1
github.com/shivasurya/code-pathfinder/sast-engine/graph/callgraph/builder/builder.go:1112.66,1114.3 1 1
github.com/shivasurya/code-pathfinder/sast-engine/graph/callgraph/builder/builder.go:1117.2,1117.63 1 1
github.com/shivasurya/code-pathfinder/sast-engine/graph/callgraph/builder/builder.go:1117.63,1119.3 1 0
github.com/shivasurya/code-pathfinder/sast-engine/graph/callgraph/builder/builder.go:1122.2,1122.15 1 1
github.com/shivasurya/code-pathfinder/sast-engine/graph/callgraph/builder/builder.go:1126.55,1129.16 3 1
github.com/shivasurya/code-pathfinder/sast-engine/graph/callgraph/builder/builder.go:1129.16,1131.3 1 1
github.com/shivasurya/code-pathfinder/sast-engine/graph/callgraph/builder/builder.go:1133.2,1134.35 2 1
github.com/shivasurya/code-pathfinder/sast-engine/graph/callgraph/builder/builder.go:1137.52,1142.16 3 1
github.com/shivasurya/code-pathfinder/sast-engine/graph/callgraph/builder/builder.go:1142.16,1144.3 1 1
github.com/shivasurya/code-pathfinder/sast-engine/graph/callgraph/builder/builder.go:1147.2,1148.29 2 0
github.com/shivasurya/code-pathfinder/sast-engine/graph/callgraph/builder/builder.go:1148.29,1150.84 1 0
github.com/shivasurya/code-pathfinder/sast-engine/graph/callgraph/builder/builder.go:1150.84,1153.31 2 0
github.com/shivasurya/code-pathfinder/sast-engine/graph/callgraph/builder/builder.go:1153.31,1155.72 2 0
github.com/shivasurya/code-pathfinder/sast-engine/graph/callgraph/builder/builder.go:1155.72,1157.59 1 0
github.com/shivasurya/code-pathfinder/sast-engine/graph/callgraph/builder/builder.go:1157.59,1159.7 1 0
github.com/shivasurya/code-pathfinder/sast-engine/graph/callgraph/builder/builder.go:1165.2,1165.11 1 0
github.com/shivasurya/code-pathfinder/sast-engine/graph/callgraph/builder/builder.go:1168.47,1170.21 2 1
github.com/shivasurya/code-pathfinder/sast-engine/graph/callgraph/builder/builder.go:1170.21,1172.3 1 1
github.com/shivasurya/code-pathfinder/sast-engine/graph/callgraph/builder/builder.go:1173.2,1173.21 1 0
github.com/shivasurya/code-pathfinder/sast-engine/graph/callgraph/builder/builder.go:1173.21,1175.3 1 0
github.com/shivasurya/code-pathfinder/sast-engine/graph/callgraph/builder/builder.go:1176.2,1176.11 1 0
github.com/shivasurya/code-pathfinder/sast-engine/graph/callgraph/builder/cache.go:23.42,27.2 1 1
github.com/shivasurya/code-pathfinder/sast-engine/graph/callgraph/builder/cache.go:36.71,42.2 4 1
github.com/shivasurya/code-pathfinder/sast-engine/graph/callgraph/builder/cache.go:49.74,54.2 3 1
github.com/shivasurya/code-pathfinder/sast-engine/graph/callgraph/builder/cache.go:72.131,74.42 1 1
github.com/shivasurya/code-pathfinder/sast-engine/graph/callgraph/builder/cache.go:74.42,76.3 1 1
github.com/shivasurya/code-pathfinder/sast-engine/graph/callgraph/builder/cache.go:79.2,80.16 2 1
github.com/shivasurya/code-pathfinder/sast-engine/graph/callgraph/builder/cache.go:80.16,82.3 1 0
github.com/shivasurya/code-pathfinder/sast-engine/graph/callgraph/builder/cache.go:85.2,87.23 2 1
github.com/shivasurya/code-pathfinder/sast-engine/graph/callgraph/builder/helpers.go:19.53,21.16 2 1
github.com/shivasurya/code-pathfinder/sast-engine/graph/callgraph/builder/helpers.go:21.16,23.3 1 0
github.com/shivasurya/code-pathfinder/sast-engine/graph/callgraph/builder/helpers.go:24.2,24.29 1 1
github.com/shivasurya/code-pathfinder/sast-engine/graph/callgraph/builder/helpers.go:39.76,40.17 1 1
github.com/shivasurya/code-pathfinder/sast-engine/graph/callgraph/builder/helpers.go:40.17,42.3 1 1
github.com/shivasurya/code-pathfinder/sast-engine/graph/callgraph/builder/helpers.go:45.2,46.41 1 1
github.com/shivasurya/code-pathfinder/sast-engine/graph/callgraph/builder/helpers.go:46.41,48.3 1 1
github.com/shivasurya/code-pathfinder/sast-engine/graph/callgraph/builder/helpers.go:51.2,51.46 1 1
github.com/shivasurya/code-pathfinder/sast-engine/graph/callgraph/builder/helpers.go:51.46,52.77 1 1
github.com/shivasurya/code-pathfinder/sast-engine/graph/callgraph/builder/helpers.go:52.77,54.4 1 1
github.com/shivasurya/code-pathfinder/sast-engine/graph/callgraph/builder/helpers.go:57.2,57.12 1 1
github.com/shivasurya/code-pathfinder/sast-engine/graph/callgraph/builder/integration.go:29.147,33.16 3 1
github.com/shivasurya/code-pathfinder/sast-engine/graph/callgraph/builder/integration.go:33.16,35.3 1 0
github.com/shivasurya/code-pathfinder/sast-engine/graph/callgraph/builder/integration.go:36.2,41.16 4 1
github.com/shivasurya/code-pathfinder/sast-engine/graph/callgraph/builder/integration.go:41.16,43.3 1 0
github.com/shivasurya/code-pathfinder/sast-engine/graph/callgraph/builder/integration.go:44.2,50.39 4 1
github.com/shivasurya/code-pathfinder/sast-engine/graph/callgraph/builder/taint.go:25.115,32.53 5 1
github.com/shivasurya/code-pathfinder/sast-engine/graph/callgraph/builder/taint.go:32.53,35.17 2 1
github.com/shivasurya/code-pathfinder/sast-engine/graph/callgraph/builder/taint.go:35.17,37.12 2 0
github.com/shivasurya/code-pathfinder/sast-engine/graph/callgraph/builder/taint.go:41.3,42.17 2 1
github.com/shivasurya/code-pathfinder/sast-engine/graph/callgraph/builder/taint.go:42.17,44.12 2 0
github.com/shivasurya/code-pathfinder/sast-engine/graph/callgraph/builder/taint.go:48.3,49.26 2 1
github.com/shivasurya/code-pathfinder/sast-engine/graph/callgraph/builder/taint.go:49.26,51.19 2 0
github.com/shivasurya/code-pathfinder/sast-engine/graph/callgraph/builder/taint.go:51.19,53.5 1 0
github.com/shivasurya/code-pathfinder/sast-engine/graph/callgraph/builder/taint.go:54.4,54.12 1 0
github.com/shivasurya/code-pathfinder/sast-engine/graph/callgraph/builder/taint.go:58.3,59.17 2 1
github.com/shivasurya/code-pathfinder/sast-engine/graph/callgraph/builder/taint.go:59.17,61.19 2 0
github.com/shivasurya/code-pathfinder/sast-engine/graph/callgraph/builder/taint.go:61.19,63.5 1 0
github.com/shivasurya/code-pathfinder/sast-engine/graph/callgraph/builder/taint.go:64.4,64.12 1 0
github.com/shivasurya/code-pathfinder/sast-engine/graph/callgraph/builder/taint.go:68.3,87.25 5 1
github.com/shivasurya/code-pathfinder/sast-engine/graph/callgraph/builder/taint.go:87.25,89.4 1 0
github.com/shivasurya/code-pathfinder/sast-engine/graph/callgraph/builder/taint.go:92.3,92.18 1 1
github.com/shivasurya/code-pathfinder/sast-engine/graph/callgraph/builder/taint.go:92.18,94.4 1 1
