mode: set
github.com/shivasurya/code-pathfinder/sast-engine/graph/python/parse_statement.go:8.83,11.46 2 1
github.com/shivasurya/code-pathfinder/sast-engine/graph/python/parse_statement.go:11.46,13.31 2 1
github.com/shivasurya/code-pathfinder/sast-engine/graph/python/parse_statement.go:13.31,15.9 2 1
github.com/shivasurya/code-pathfinder/sast-engine/graph/python/parse_statement.go:18.2,18.19 1 1
github.com/shivasurya/code-pathfinder/sast-engine/graph/python/parse_statement.go:21.81,25.2 2 1
github.com/shivasurya/code-pathfinder/sast-engine/graph/python/parse_statement.go:27.87,31.2 2 1
github.com/shivasurya/code-pathfinder/sast-engine/graph/python/parse_statement.go:33.83,36.46 2 1
github.com/shivasurya/code-pathfinder/sast-engine/graph/python/parse_statement.go:36.46,38.54 2 1
github.com/shivasurya/code-pathfinder/sast-engine/graph/python/parse_statement.go:38.54,39.30 1 1
github.com/shivasurya/code-pathfinder/sast-engine/graph/python/parse_statement.go:39.30,41.5 1 1
github.com/shivasurya/code-pathfinder/sast-engine/graph/python/parse_statement.go:41.10,41.40 1 1
github.com/shivasurya/code-pathfinder/sast-engine/graph/python/parse_statement.go:41.40,43.5 1 1
github.com/shivasurya/code-pathfinder/sast-engine/graph/python/parse_statement.go:46.2,46.19 1 1
github.com/shivasurya/code-pathfinder/sast-engine/graph/python/parse_statement.go:49.81,51.46 2 1
github.com/shivasurya/code-pathfinder/sast-engine/graph/python/parse_statement.go:51.46,56.3 4 1
github.com/shivasurya/code-pathfinder/sast-engine/graph/python/parse_statement.go:57.2,57.18 1 1
github.com/shivasurya/code-pathfinder/sast-engine/graph/python/parse_statement.go:60.81,63.46 2 1
github.com/shivasurya/code-pathfinder/sast-engine/graph/python/parse_statement.go:63.46,65.56 2 1
github.com/shivasurya/code-pathfinder/sast-engine/graph/python/parse_statement.go:65.56,67.9 2 1
github.com/shivasurya/code-pathfinder/sast-engine/graph/python/parse_statement.go:70.2,70.18 1 1
github.com/shivasurya/code-pathfinder/sast-engine/graph/java/parse_statement.go:8.81,11.46 2 1
github.com/shivasurya/code-pathfinder/sast-engine/graph/java/parse_statement.go:11.46,12.43 1 1
github.com/shivasurya/code-pathfinder/sast-engine/graph/java/parse_statement.go:12.43,14.4 1 1
github.com/shivasurya/code-pathfinder/sast-engine/graph/java/parse_statement.go:16.2,16.18 1 1
github.com/shivasurya/code-pathfinder/sast-engine/graph/java/parse_statement.go:19.87,22.46 2 1
github.com/shivasurya/code-pathfinder/sast-engine/graph/java/parse_statement.go:22.46,23.43 1 1
github.com/shivasurya/code-pathfinder/sast-engine/graph/java/parse_statement.go:23.43,25.4 1 1
github.com/shivasurya/code-pathfinder/sast-engine/graph/java/parse_statement.go:27.2,27.21 1 1
github.com/shivasurya/code-pathfinder/sast-engine/graph/java/parse_statement.go:30.81,35.2 4 1
github.com/shivasurya/code-pathfinder/sast-engine/graph/java/parse_statement.go:37.83,40.70 3 1
github.com/shivasurya/code-pathfinder/sast-engine/graph/java/parse_statement.go:40.70,42.3 1 1
github.com/shivasurya/code-pathfinder/sast-engine/graph/java/parse_statement.go:43.2,43.19 1 1
github.com/shivasurya/code-pathfinder/sast-engine/graph/java/parse_statement.go:46.83,48.26 2 0
github.com/shivasurya/code-pathfinder/sast-engine/graph/java/parse_statement.go:48.26,50.3 1 0
github.com/shivasurya/code-pathfinder/sast-engine/graph/java/parse_statement.go:51.2,51.19 1 0
github.com/shivasurya/code-pathfinder/sast-engine/graph/java/parse_statement.go:54.81,56.46 2 1
github.com/shivasurya/code-pathfinder/sast-engine/graph/java/parse_statement.go:56.46,60.3 3 1
github.com/shivasurya/code-pathfinder/sast-engine/graph/java/parse_statement.go:61.2,61.18 1 1
github.com/shivasurya/code-pathfinder/sast-engine/graph/docker/converters.go:12.72,17.46 2 1
github.com/shivasurya/code-pathfinder/sast-engine/graph/docker/converters.go:17.46,20.23 2 1
github.com/shivasurya/code-pathfinder/sast-engine/graph/docker/converters.go:21.21,22.37 1 1
github.com/shivasurya/code-pathfinder/sast-engine/graph/docker/converters.go:23.22,24.46 1 1
github.com/shivasurya/code-pathfinder/sast-engine/graph/docker/converters.go:29.2,29.47 1 1
github.com/shivasurya/code-pathfinder/sast-engine/graph/docker/converters.go:29.47,31.3 1 1
github.com/shivasurya/code-pathfinder/sast-engine/graph/docker/converters.go:34.75,38.53 2 1
github.com/shivasurya/code-pathfinder/sast-engine/graph/docker/converters.go:38.53,42.3 3 1
github.com/shivasurya/code-pathfinder/sast-engine/graph/docker/converters.go:45.2,45.52 1 1
github.com/shivasurya/code-pathfinder/sast-engine/graph/docker/converters.go:45.52,49.3 3 1
github.com/shivasurya/code-pathfinder/sast-engine/graph/docker/converters.go:52.2,52.21 1 1
github.com/shivasurya/code-pathfinder/sast-engine/graph/docker/converters.go:57.72,63.32 4 1
github.com/shivasurya/code-pathfinder/sast-engine/graph/docker/converters.go:63.32,67.3 3 1
github.com/shivasurya/code-pathfinder/sast-engine/graph/docker/converters.go:67.8,69.3 1 1
github.com/shivasurya/code-pathfinder/sast-engine/graph/docker/converters.go:73.72,75.2 1 1
github.com/shivasurya/code-pathfinder/sast-engine/graph/docker/converters.go:78.71,80.2 1 1
github.com/shivasurya/code-pathfinder/sast-engine/graph/docker/converters.go:84.75,87.38 2 1
github.com/shivasurya/code-pathfinder/sast-engine/graph/docker/converters.go:87.38,89.3 1 1
github.com/shivasurya/code-pathfinder/sast-engine/graph/docker/converters.go:90.2,90.40 1 1
github.com/shivasurya/code-pathfinder/sast-engine/graph/docker/converters.go:90.40,92.3 1 0
github.com/shivasurya/code-pathfinder/sast-engine/graph/docker/converters.go:95.2,96.20 2 1
github.com/shivasurya/code-pathfinder/sast-engine/graph/docker/converters.go:96.20,98.21 2 1
github.com/shivasurya/code-pathfinder/sast-engine/graph/docker/converters.go:98.21,100.4 1 1
github.com/shivasurya/code-pathfinder/sast-engine/graph/docker/converters.go:106.71,109.46 2 1
github.com/shivasurya/code-pathfinder/sast-engine/graph/docker/converters.go:109.46,111.23 2 1
github.com/shivasurya/code-pathfinder/sast-engine/graph/docker/converters.go:112.24,114.55 2 1
github.com/shivasurya/code-pathfinder/sast-engine/graph/docker/converters.go:115.28,117.53 2 1
github.com/shivasurya/code-pathfinder/sast-engine/graph/docker/converters.go:123.71,125.2 1 1
github.com/shivasurya/code-pathfinder/sast-engine/graph/docker/converters.go:128.78,130.2 1 1
github.com/shivasurya/code-pathfinder/sast-engine/graph/docker/converters.go:133.81,134.46 1 1
github.com/shivasurya/code-pathfinder/sast-engine/graph/docker/converters.go:134.46,136.23 2 1
github.com/shivasurya/code-pathfinder/sast-engine/graph/docker/converters.go:137.24,139.55 2 1
github.com/shivasurya/code-pathfinder/sast-engine/graph/docker/converters.go:140.28,142.53 2 1
github.com/shivasurya/code-pathfinder/sast-engine/graph/docker/converters.go:149.71,157.29 5 1
github.com/shivasurya/code-pathfinder/sast-engine/graph/docker/converters.go:157.29,158.34 1 1
github.com/shivasurya/code-pathfinder/sast-engine/graph/docker/converters.go:158.34,163.4 4 1
github.com/shivasurya/code-pathfinder/sast-engine/graph/docker/converters.go:169.71,175.32 4 1
github.com/shivasurya/code-pathfinder/sast-engine/graph/docker/converters.go:175.32,179.3 3 1
github.com/shivasurya/code-pathfinder/sast-engine/graph/docker/converters.go:179.8,181.3 1 1
github.com/shivasurya/code-pathfinder/sast-engine/graph/docker/converters.go:186.74,189.46 2 1
github.com/shivasurya/code-pathfinder/sast-engine/graph/docker/converters.go:189.46,191.36 2 1
github.com/shivasurya/code-pathfinder/sast-engine/graph/docker/converters.go:191.36,193.35 2 1
github.com/shivasurya/code-pathfinder/sast-engine/graph/docker/converters.go:193.35,195.56 2 1
github.com/shivasurya/code-pathfinder/sast-engine/graph/docker/converters.go:195.56,197.6 1 1
github.com/shivasurya/code-pathfinder/sast-engine/graph/docker/converters.go:198.5,198.27 1 1
github.com/shivasurya/code-pathfinder/sast-engine/graph/docker/converters.go:199.10,200.52 1 1
github.com/shivasurya/code-pathfinder/sast-engine/graph/docker/converters.go:200.52,202.6 1 1
github.com/shivasurya/code-pathfinder/sast-engine/graph/docker/converters.go:210.75,211.46 1 1
github.com/shivasurya/code-pathfinder/sast-engine/graph/docker/converters.go:211.46,213.29 2 1
github.com/shivasurya/code-pathfinder/sast-engine/graph/docker/converters.go:213.29,216.9 3 1
github.com/shivasurya/code-pathfinder/sast-engine/graph/docker/converters.go:223.74,224.46 1 1
github.com/shivasurya/code-pathfinder/sast-engine/graph/docker/converters.go:224.46,226.23 2 1
github.com/shivasurya/code-pathfinder/sast-engine/graph/docker/converters.go:227.28,228.48 1 1
github.com/shivasurya/code-pathfinder/sast-engine/graph/docker/converters.go:229.15,230.63 1 0
github.com/shivasurya/code-pathfinder/sast-engine/graph/docker/converters.go:237.73,238.46 1 1
github.com/shivasurya/code-pathfinder/sast-engine/graph/docker/converters.go:238.46,240.42 2 1
github.com/shivasurya/code-pathfinder/sast-engine/graph/docker/converters.go:240.42,242.9 2 1
github.com/shivasurya/code-pathfinder/sast-engine/graph/docker/converters.go:249.79,253.46 2 1
github.com/shivasurya/code-pathfinder/sast-engine/graph/docker/converters.go:253.46,255.3 1 1
github.com/shivasurya/code-pathfinder/sast-engine/graph/docker/converters.go:256.2,256.44 1 1
github.com/shivasurya/code-pathfinder/sast-engine/graph/docker/converters.go:256.44,258.3 1 0
github.com/shivasurya/code-pathfinder/sast-engine/graph/docker/converters.go:259.2,259.53 1 1
github.com/shivasurya/code-pathfinder/sast-engine/graph/docker/converters.go:259.53,261.3 1 0
github.com/shivasurya/code-pathfinder/sast-engine/graph/docker/converters.go:262.2,262.44 1 1
github.com/shivasurya/code-pathfinder/sast-engine/graph/docker/converters.go:262.44,263.50 1 0
github.com/shivasurya/code-pathfinder/sast-engine/graph/docker/converters.go:263.50,265.4 1 0
github.com/shivasurya/code-pathfinder/sast-engine/graph/docker/converters.go:269.2,269.46 1 1
github.com/shivasurya/code-pathfinder/sast-engine/graph/docker/converters.go:269.46,272.21 3 1
github.com/shivasurya/code-pathfinder/sast-engine/graph/docker/converters.go:272.21,274.4 1 0
github.com/shivasurya/code-pathfinder/sast-engine/graph/docker/converters.go:275.3,275.40 1 1
github.com/shivasurya/code-pathfinder/sast-engine/graph/docker/converters.go:275.40,278.4 2 1
github.com/shivasurya/code-pathfinder/sast-engine/graph/docker/converters.go:284.73,285.46 1 1
github.com/shivasurya/code-pathfinder/sast-engine/graph/docker/converters.go:285.46,287.35 2 1
github.com/shivasurya/code-pathfinder/sast-engine/graph/docker/converters.go:287.35,290.49 3 1
github.com/shivasurya/code-pathfinder/sast-engine/graph/docker/converters.go:290.49,293.18 3 1
github.com/shivasurya/code-pathfinder/sast-engine/graph/docker/converters.go:293.18,295.6 1 1
github.com/shivasurya/code-pathfinder/sast-engine/graph/docker/converters.go:295.11,297.6 1 1
github.com/shivasurya/code-pathfinder/sast-engine/graph/docker/converters.go:299.4,299.17 1 1
github.com/shivasurya/code-pathfinder/sast-engine/graph/docker/converters.go:299.17,301.5 1 1
github.com/shivasurya/code-pathfinder/sast-engine/graph/docker/converters.go:308.75,309.46 1 1
github.com/shivasurya/code-pathfinder/sast-engine/graph/docker/converters.go:309.46,311.31 2 1
github.com/shivasurya/code-pathfinder/sast-engine/graph/docker/converters.go:311.31,313.9 2 1
github.com/shivasurya/code-pathfinder/sast-engine/graph/docker/converters.go:320.78,324.2 3 1
github.com/shivasurya/code-pathfinder/sast-engine/graph/docker/converters.go:328.78,333.2 4 1
github.com/shivasurya/code-pathfinder/sast-engine/graph/docker/converters.go:338.72,341.46 2 1
github.com/shivasurya/code-pathfinder/sast-engine/graph/docker/converters.go:341.46,343.30 2 1
github.com/shivasurya/code-pathfinder/sast-engine/graph/docker/converters.go:343.30,347.50 3 1
github.com/shivasurya/code-pathfinder/sast-engine/graph/docker/converters.go:347.50,349.5 1 1
github.com/shivasurya/code-pathfinder/sast-engine/graph/docker/converters.go:353.2,353.15 1 1
github.com/shivasurya/code-pathfinder/sast-engine/graph/docker/converters.go:357.62,360.46 2 1
github.com/shivasurya/code-pathfinder/sast-engine/graph/docker/converters.go:360.46,362.29 2 1
github.com/shivasurya/code-pathfinder/sast-engine/graph/docker/converters.go:362.29,364.4 1 1
github.com/shivasurya/code-pathfinder/sast-engine/graph/docker/converters.go:367.2,367.14 1 1
github.com/shivasurya/code-pathfinder/sast-engine/graph/docker/converters.go:371.66,374.46 2 1
github.com/shivasurya/code-pathfinder/sast-engine/graph/docker/converters.go:374.46,376.78 2 1
github.com/shivasurya/code-pathfinder/sast-engine/graph/docker/converters.go:376.78,380.4 3 1
github.com/shivasurya/code-pathfinder/sast-engine/graph/docker/converters.go:383.2,383.14 1 1
github.com/shivasurya/code-pathfinder/sast-engine/graph/docker/converters.go:387.59,388.17 1 1
github.com/shivasurya/code-pathfinder/sast-engine/graph/docker/converters.go:388.17,390.3 1 0
github.com/shivasurya/code-pathfinder/sast-engine/graph/docker/converters.go:391.2,391.29 1 1
github.com/shivasurya/code-pathfinder/sast-engine/graph/docker/graph.go:51.59,59.2 1 1
github.com/shivasurya/code-pathfinder/sast-engine/graph/docker/graph.go:62.64,69.36 4 1
github.com/shivasurya/code-pathfinder/sast-engine/graph/docker/graph.go:69.36,71.3 1 1
github.com/shivasurya/code-pathfinder/sast-engine/graph/docker/graph.go:75.85,77.2 1 1
github.com/shivasurya/code-pathfinder/sast-engine/graph/docker/graph.go:80.71,82.2 1 1
github.com/shivasurya/code-pathfinder/sast-engine/graph/docker/graph.go:85.58,87.2 1 1
github.com/shivasurya/code-pathfinder/sast-engine/graph/docker/graph.go:90.50,91.24 1 1
github.com/shivasurya/code-pathfinder/sast-engine/graph/docker/graph.go:91.24,93.3 1 1
github.com/shivasurya/code-pathfinder/sast-engine/graph/docker/graph.go:94.2,94.33 1 1
github.com/shivasurya/code-pathfinder/sast-engine/graph/docker/graph.go:98.53,99.51 1 1
github.com/shivasurya/code-pathfinder/sast-engine/graph/docker/graph.go:99.51,101.3 1 1
github.com/shivasurya/code-pathfinder/sast-engine/graph/docker/graph.go:102.2,102.17 1 1
github.com/shivasurya/code-pathfinder/sast-engine/graph/docker/graph.go:106.47,108.2 1 1
github.com/shivasurya/code-pathfinder/sast-engine/graph/docker/graph.go:111.48,116.38 4 1
github.com/shivasurya/code-pathfinder/sast-engine/graph/docker/graph.go:116.38,117.37 1 1
github.com/shivasurya/code-pathfinder/sast-engine/graph/docker/graph.go:117.37,119.27 1 1
github.com/shivasurya/code-pathfinder/sast-engine/graph/docker/graph.go:119.27,122.5 2 1
github.com/shivasurya/code-pathfinder/sast-engine/graph/docker/graph.go:125.4,133.16 2 1
github.com/shivasurya/code-pathfinder/sast-engine/graph/docker/graph.go:137.3,137.26 1 1
github.com/shivasurya/code-pathfinder/sast-engine/graph/docker/graph.go:137.26,140.4 2 1
github.com/shivasurya/code-pathfinder/sast-engine/graph/docker/graph.go:144.2,144.25 1 1
github.com/shivasurya/code-pathfinder/sast-engine/graph/docker/graph.go:144.25,145.30 1 1
github.com/shivasurya/code-pathfinder/sast-engine/graph/docker/graph.go:145.30,147.4 1 1
github.com/shivasurya/code-pathfinder/sast-engine/graph/docker/graph.go:148.3,148.44 1 1
github.com/shivasurya/code-pathfinder/sast-engine/graph/docker/graph.go:153.69,154.38 1 1
github.com/shivasurya/code-pathfinder/sast-engine/graph/docker/graph.go:154.38,155.27 1 1
github.com/shivasurya/code-pathfinder/sast-engine/graph/docker/graph.go:155.27,157.4 1 1
github.com/shivasurya/code-pathfinder/sast-engine/graph/docker/graph.go:159.2,159.12 1 1
github.com/shivasurya/code-pathfinder/sast-engine/graph/docker/graph.go:163.55,165.22 2 1
github.com/shivasurya/code-pathfinder/sast-engine/graph/docker/graph.go:165.22,167.3 1 0
github.com/shivasurya/code-pathfinder/sast-engine/graph/docker/graph.go:168.2,168.30 1 1
github.com/shivasurya/code-pathfinder/sast-engine/graph/docker/node.go:94.80,103.2 1 1
github.com/shivasurya/code-pathfinder/sast-engine/graph/docker/node.go:106.54,107.20 1 1
github.com/shivasurya/code-pathfinder/sast-engine/graph/docker/node.go:107.20,109.3 1 0
github.com/shivasurya/code-pathfinder/sast-engine/graph/docker/node.go:110.2,110.22 1 1
github.com/shivasurya/code-pathfinder/sast-engine/graph/docker/node.go:114.52,115.20 1 1
github.com/shivasurya/code-pathfinder/sast-engine/graph/docker/node.go:115.20,117.3 1 0
github.com/shivasurya/code-pathfinder/sast-engine/graph/docker/node.go:118.2,119.15 2 1
github.com/shivasurya/code-pathfinder/sast-engine/graph/docker/node.go:123.44,126.2 1 1
github.com/shivasurya/code-pathfinder/sast-engine/graph/docker/node.go:129.47,132.2 1 1
github.com/shivasurya/code-pathfinder/sast-engine/graph/docker/parser.go:18.46,22.2 3 1
github.com/shivasurya/code-pathfinder/sast-engine/graph/docker/parser.go:25.82,27.16 2 0
github.com/shivasurya/code-pathfinder/sast-engine/graph/docker/parser.go:27.16,29.3 1 0
github.com/shivasurya/code-pathfinder/sast-engine/graph/docker/parser.go:30.2,30.36 1 0
github.com/shivasurya/code-pathfinder/sast-engine/graph/docker/parser.go:34.94,37.16 2 1
github.com/shivasurya/code-pathfinder/sast-engine/graph/docker/parser.go:37.16,39.3 1 0
github.com/shivasurya/code-pathfinder/sast-engine/graph/docker/parser.go:40.2,45.25 3 1
github.com/shivasurya/code-pathfinder/sast-engine/graph/docker/parser.go:45.26,48.3 0 1
github.com/shivasurya/code-pathfinder/sast-engine/graph/docker/parser.go:51.2,56.19 3 1
github.com/shivasurya/code-pathfinder/sast-engine/graph/docker/parser.go:64.3,66.50 1 1
github.com/shivasurya/code-pathfinder/sast-engine/graph/docker/parser.go:66.50,70.32 2 1
github.com/shivasurya/code-pathfinder/sast-engine/graph/docker/parser.go:70.32,71.12 1 1
github.com/shivasurya/code-pathfinder/sast-engine/graph/docker/parser.go:75.3,77.29 2 1
github.com/shivasurya/code-pathfinder/sast-engine/graph/docker/parser.go:81.2,81.28 1 1
github.com/shivasurya/code-pathfinder/sast-engine/graph/docker/parser.go:85.48,108.2 3 1
github.com/shivasurya/code-pathfinder/sast-engine/graph/docker/parser.go:114.19,121.18 5 1
github.com/shivasurya/code-pathfinder/sast-engine/graph/docker/parser.go:122.26,123.40 1 1
github.com/shivasurya/code-pathfinder/sast-engine/graph/docker/parser.go:124.25,125.39 1 1
github.com/shivasurya/code-pathfinder/sast-engine/graph/docker/parser.go:126.26,127.40 1 1
github.com/shivasurya/code-pathfinder/sast-engine/graph/docker/parser.go:128.25,129.39 1 1
github.com/shivasurya/code-pathfinder/sast-engine/graph/docker/parser.go:130.25,131.39 1 1
github.com/shivasurya/code-pathfinder/sast-engine/graph/docker/parser.go:132.25,133.39 1 1
github.com/shivasurya/code-pathfinder/sast-engine/graph/docker/parser.go:134.26,135.40 1 1
github.com/shivasurya/code-pathfinder/sast-engine/graph/docker/parser.go:136.28,137.42 1 1
github.com/shivasurya/code-pathfinder/sast-engine/graph/docker/parser.go:138.29,139.43 1 1
github.com/shivasurya/code-pathfinder/sast-engine/graph/docker/parser.go:140.25,141.39 1 1
github.com/shivasurya/code-pathfinder/sast-engine/graph/docker/parser.go:142.32,143.46 1 1
github.com/shivasurya/code-pathfinder/sast-engine/graph/docker/parser.go:144.28,145.42 1 1
github.com/shivasurya/code-pathfinder/sast-engine/graph/docker/parser.go:146.27,147.41 1 1
github.com/shivasurya/code-pathfinder/sast-engine/graph/docker/parser.go:148.33,149.47 1 1
github.com/shivasurya/code-pathfinder/sast-engine/graph/docker/parser.go:150.27,151.41 1 1
github.com/shivasurya/code-pathfinder/sast-engine/graph/docker/parser.go:152.29,153.43 1 1
github.com/shivasurya/code-pathfinder/sast-engine/graph/docker/parser.go:154.32,155.46 1 1
github.com/shivasurya/code-pathfinder/sast-engine/graph/docker/parser.go:156.32,157.46 1 1
github.com/shivasurya/code-pathfinder/sast-engine/graph/docker/parser.go:160.2,160.19 1 1
github.com/shivasurya/code-pathfinder/sast-engine/graph/docker/parser.go:165.53,186.36 2 1
github.com/shivasurya/code-pathfinder/sast-engine/graph/docker/parser.go:186.36,188.3 1 1
github.com/shivasurya/code-pathfinder/sast-engine/graph/docker/parser.go:189.2,189.17 1 1
github.com/shivasurya/code-pathfinder/sast-engine/graph/callgraph/analysis/taint/analyzer.go:22.34,26.2 1 1
github.com/shivasurya/code-pathfinder/sast-engine/graph/callgraph/analysis/taint/analyzer.go:29.97,35.2 1 1
github.com/shivasurya/code-pathfinder/sast-engine/graph/callgraph/analysis/taint/analyzer.go:38.52,40.2 1 1
github.com/shivasurya/code-pathfinder/sast-engine/graph/callgraph/analysis/taint/analyzer.go:44.71,46.2 1 1
github.com/shivasurya/code-pathfinder/sast-engine/graph/callgraph/analysis/taint/analyzer.go:49.54,51.2 1 1
github.com/shivasurya/code-pathfinder/sast-engine/graph/callgraph/analysis/taint/analyzer.go:62.22,67.34 3 1
github.com/shivasurya/code-pathfinder/sast-engine/graph/callgraph/analysis/taint/analyzer.go:67.34,69.30 1 1
github.com/shivasurya/code-pathfinder/sast-engine/graph/callgraph/analysis/taint/analyzer.go:69.30,71.22 1 1
github.com/shivasurya/code-pathfinder/sast-engine/graph/callgraph/analysis/taint/analyzer.go:71.22,80.5 2 1
github.com/shivasurya/code-pathfinder/sast-engine/graph/callgraph/analysis/taint/analyzer.go:81.4,81.12 1 1
github.com/shivasurya/code-pathfinder/sast-engine/graph/callgraph/analysis/taint/analyzer.go:85.3,85.36 1 1
github.com/shivasurya/code-pathfinder/sast-engine/graph/callgraph/analysis/taint/analyzer.go:85.36,87.12 2 1
github.com/shivasurya/code-pathfinder/sast-engine/graph/callgraph/analysis/taint/analyzer.go:91.3,91.48 1 1
github.com/shivasurya/code-pathfinder/sast-engine/graph/callgraph/analysis/taint/analyzer.go:91.48,93.4 1 1
github.com/shivasurya/code-pathfinder/sast-engine/graph/callgraph/analysis/taint/analyzer.go:96.3,96.67 1 1
github.com/shivasurya/code-pathfinder/sast-engine/graph/callgraph/analysis/taint/analyzer.go:96.67,98.4 1 1
github.com/shivasurya/code-pathfinder/sast-engine/graph/callgraph/analysis/taint/analyzer.go:101.3,101.26 1 1
github.com/shivasurya/code-pathfinder/sast-engine/graph/callgraph/analysis/taint/analyzer.go:101.26,103.38 1 1
github.com/shivasurya/code-pathfinder/sast-engine/graph/callgraph/analysis/taint/analyzer.go:103.38,104.72 1 1
github.com/shivasurya/code-pathfinder/sast-engine/graph/callgraph/analysis/taint/analyzer.go:104.72,114.6 2 1
github.com/shivasurya/code-pathfinder/sast-engine/graph/callgraph/analysis/taint/analyzer.go:119.2,119.16 1 1
github.com/shivasurya/code-pathfinder/sast-engine/graph/callgraph/analysis/taint/analyzer.go:123.100,124.20 1 1
github.com/shivasurya/code-pathfinder/sast-engine/graph/callgraph/analysis/taint/analyzer.go:124.20,126.3 1 0
github.com/shivasurya/code-pathfinder/sast-engine/graph/callgraph/analysis/taint/analyzer.go:129.2,129.36 1 1
github.com/shivasurya/code-pathfinder/sast-engine/graph/callgraph/analysis/taint/analyzer.go:129.36,130.70 1 1
github.com/shivasurya/code-pathfinder/sast-engine/graph/callgraph/analysis/taint/analyzer.go:130.70,141.4 3 1
github.com/shivasurya/code-pathfinder/sast-engine/graph/callgraph/analysis/taint/analyzer.go:146.94,147.20 1 1
github.com/shivasurya/code-pathfinder/sast-engine/graph/callgraph/analysis/taint/analyzer.go:147.20,149.3 1 1
github.com/shivasurya/code-pathfinder/sast-engine/graph/callgraph/analysis/taint/analyzer.go:152.2,152.38 1 1
github.com/shivasurya/code-pathfinder/sast-engine/graph/callgraph/analysis/taint/analyzer.go:152.38,154.3 1 1
github.com/shivasurya/code-pathfinder/sast-engine/graph/callgraph/analysis/taint/analyzer.go:157.2,158.36 2 1
github.com/shivasurya/code-pathfinder/sast-engine/graph/callgraph/analysis/taint/analyzer.go:158.36,159.60 1 1
github.com/shivasurya/code-pathfinder/sast-engine/graph/callgraph/analysis/taint/analyzer.go:159.60,161.9 2 1
github.com/shivasurya/code-pathfinder/sast-engine/graph/callgraph/analysis/taint/analyzer.go:165.2,165.23 1 1
github.com/shivasurya/code-pathfinder/sast-engine/graph/callgraph/analysis/taint/analyzer.go:165.23,167.3 1 0
github.com/shivasurya/code-pathfinder/sast-engine/graph/callgraph/analysis/taint/analyzer.go:170.2,181.4 4 1
github.com/shivasurya/code-pathfinder/sast-engine/graph/callgraph/analysis/taint/analyzer.go:185.68,186.20 1 1
github.com/shivasurya/code-pathfinder/sast-engine/graph/callgraph/analysis/taint/analyzer.go:186.20,188.3 1 1
github.com/shivasurya/code-pathfinder/sast-engine/graph/callgraph/analysis/taint/analyzer.go:192.60,193.27 1 1
github.com/shivasurya/code-pathfinder/sast-engine/graph/callgraph/analysis/taint/analyzer.go:193.27,195.3 1 0
github.com/shivasurya/code-pathfinder/sast-engine/graph/callgraph/analysis/taint/analyzer.go:197.2,197.33 1 1
github.com/shivasurya/code-pathfinder/sast-engine/graph/callgraph/analysis/taint/analyzer.go:197.33,198.51 1 1
github.com/shivasurya/code-pathfinder/sast-engine/graph/callgraph/analysis/taint/analyzer.go:198.51,200.4 1 1
github.com/shivasurya/code-pathfinder/sast-engine/graph/callgraph/analysis/taint/analyzer.go:204.2,204.40 1 1
github.com/shivasurya/code-pathfinder/sast-engine/graph/callgraph/analysis/taint/analyzer.go:208.56,209.27 1 1
github.com/shivasurya/code-pathfinder/sast-engine/graph/callgraph/analysis/taint/analyzer.go:209.27,211.3 1 0
github.com/shivasurya/code-pathfinder/sast-engine/graph/callgraph/analysis/taint/analyzer.go:213.2,213.29 1 1
github.com/shivasurya/code-pathfinder/sast-engine/graph/callgraph/analysis/taint/analyzer.go:213.29,214.49 1 1
github.com/shivasurya/code-pathfinder/sast-engine/graph/callgraph/analysis/taint/analyzer.go:214.49,216.4 1 1
github.com/shivasurya/code-pathfinder/sast-engine/graph/callgraph/analysis/taint/analyzer.go:219.2,219.14 1 1
github.com/shivasurya/code-pathfinder/sast-engine/graph/callgraph/analysis/taint/analyzer.go:223.66,224.27 1 1
github.com/shivasurya/code-pathfinder/sast-engine/graph/callgraph/analysis/taint/analyzer.go:224.27,226.3 1 0
github.com/shivasurya/code-pathfinder/sast-engine/graph/callgraph/analysis/taint/analyzer.go:228.2,228.39 1 1
github.com/shivasurya/code-pathfinder/sast-engine/graph/callgraph/analysis/taint/analyzer.go:228.39,229.54 1 1
github.com/shivasurya/code-pathfinder/sast-engine/graph/callgraph/analysis/taint/analyzer.go:229.54,231.4 1 1
github.com/shivasurya/code-pathfinder/sast-engine/graph/callgraph/analysis/taint/analyzer.go:235.2,235.43 1 1
github.com/shivasurya/code-pathfinder/sast-engine/graph/callgraph/analysis/taint/analyzer.go:259.45,261.46 2 1
github.com/shivasurya/code-pathfinder/sast-engine/graph/callgraph/analysis/taint/analyzer.go:261.46,262.29 1 1
github.com/shivasurya/code-pathfinder/sast-engine/graph/callgraph/analysis/taint/analyzer.go:262.29,263.21 1 1
github.com/shivasurya/code-pathfinder/sast-engine/graph/callgraph/analysis/taint/analyzer.go:263.21,265.5 1 1
github.com/shivasurya/code-pathfinder/sast-engine/graph/callgraph/analysis/taint/analyzer.go:268.2,268.14 1 1
github.com/shivasurya/code-pathfinder/sast-engine/graph/callgraph/analysis/taint/analyzer.go:272.48,274.52 2 1
github.com/shivasurya/code-pathfinder/sast-engine/graph/callgraph/analysis/taint/analyzer.go:274.52,275.32 1 1
github.com/shivasurya/code-pathfinder/sast-engine/graph/callgraph/analysis/taint/analyzer.go:275.32,276.21 1 1
github.com/shivasurya/code-pathfinder/sast-engine/graph/callgraph/analysis/taint/analyzer.go:276.21,278.5 1 1
github.com/shivasurya/code-pathfinder/sast-engine/graph/callgraph/analysis/taint/analyzer.go:281.2,281.14 1 1
github.com/shivasurya/code-pathfinder/sast-engine/graph/callgraph/analysis/taint/analyzer.go:285.46,289.51 2 1
github.com/shivasurya/code-pathfinder/sast-engine/graph/callgraph/analysis/taint/analyzer.go:289.51,290.27 1 1
github.com/shivasurya/code-pathfinder/sast-engine/graph/callgraph/analysis/taint/analyzer.go:290.27,291.21 1 1
github.com/shivasurya/code-pathfinder/sast-engine/graph/callgraph/analysis/taint/analyzer.go:291.21,293.5 1 1
github.com/shivasurya/code-pathfinder/sast-engine/graph/callgraph/analysis/taint/analyzer.go:298.2,298.18 1 1
github.com/shivasurya/code-pathfinder/sast-engine/graph/callgraph/analysis/taint/analyzer.go:298.18,299.56 1 1
github.com/shivasurya/code-pathfinder/sast-engine/graph/callgraph/analysis/taint/analyzer.go:299.56,300.28 1 1
github.com/shivasurya/code-pathfinder/sast-engine/graph/callgraph/analysis/taint/analyzer.go:300.28,301.24 1 1
github.com/shivasurya/code-pathfinder/sast-engine/graph/callgraph/analysis/taint/analyzer.go:301.24,303.6 1 1
github.com/shivasurya/code-pathfinder/sast-engine/graph/callgraph/analysis/taint/analyzer.go:308.2,308.14 1 1
github.com/shivasurya/code-pathfinder/sast-engine/graph/callgraph/analysis/taint/analyzer.go:312.71,314.19 2 1
github.com/shivasurya/code-pathfinder/sast-engine/graph/callgraph/analysis/taint/analyzer.go:314.19,316.3 1 1
github.com/shivasurya/code-pathfinder/sast-engine/graph/callgraph/analysis/taint/analyzer.go:317.2,317.53 1 1
github.com/shivasurya/code-pathfinder/sast-engine/graph/callgraph/analysis/taint/analyzer.go:323.59,326.53 2 1
github.com/shivasurya/code-pathfinder/sast-engine/graph/callgraph/analysis/taint/analyzer.go:326.53,328.3 1 0
github.com/shivasurya/code-pathfinder/sast-engine/graph/callgraph/analysis/taint/analyzer.go:331.2,331.28 1 1
github.com/shivasurya/code-pathfinder/sast-engine/graph/callgraph/analysis/taint/analyzer.go:331.28,333.3 1 1
github.com/shivasurya/code-pathfinder/sast-engine/graph/callgraph/analysis/taint/analyzer.go:336.2,336.49 1 1
github.com/shivasurya/code-pathfinder/sast-engine/graph/callgraph/analysis/taint/analyzer.go:336.49,338.3 1 0
github.com/shivasurya/code-pathfinder/sast-engine/graph/callgraph/analysis/taint/analyzer.go:341.2,341.49 1 1
github.com/shivasurya/code-pathfinder/sast-engine/graph/callgraph/analysis/taint/analyzer.go:341.49,343.3 1 0
github.com/shivasurya/code-pathfinder/sast-engine/graph/callgraph/analysis/taint/analyzer.go:346.2,347.50 2 1
github.com/shivasurya/code-pathfinder/sast-engine/graph/callgraph/analysis/taint/analyzer.go:347.50,349.31 2 1
github.com/shivasurya/code-pathfinder/sast-engine/graph/callgraph/analysis/taint/analyzer.go:349.31,351.4 1 0
github.com/shivasurya/code-pathfinder/sast-engine/graph/callgraph/analysis/taint/analyzer.go:354.2,354.14 1 1
github.com/shivasurya/code-pathfinder/sast-engine/graph/callgraph/cfg/cfg.go:136.64,165.2 8 1
github.com/shivasurya/code-pathfinder/sast-engine/graph/callgraph/cfg/cfg.go:168.58,170.2 1 1
github.com/shivasurya/code-pathfinder/sast-engine/graph/callgraph/cfg/cfg.go:174.69,178.30 3 1
github.com/shivasurya/code-pathfinder/sast-engine/graph/callgraph/cfg/cfg.go:178.30,180.3 1 1
github.com/shivasurya/code-pathfinder/sast-engine/graph/callgraph/cfg/cfg.go:183.2,183.54 1 1
github.com/shivasurya/code-pathfinder/sast-engine/graph/callgraph/cfg/cfg.go:183.54,185.3 1 1
github.com/shivasurya/code-pathfinder/sast-engine/graph/callgraph/cfg/cfg.go:188.2,188.56 1 1
github.com/shivasurya/code-pathfinder/sast-engine/graph/callgraph/cfg/cfg.go:188.56,190.3 1 1
github.com/shivasurya/code-pathfinder/sast-engine/graph/callgraph/cfg/cfg.go:194.75,197.2 2 1
github.com/shivasurya/code-pathfinder/sast-engine/graph/callgraph/cfg/cfg.go:200.74,202.13 2 1
github.com/shivasurya/code-pathfinder/sast-engine/graph/callgraph/cfg/cfg.go:202.13,204.3 1 0
github.com/shivasurya/code-pathfinder/sast-engine/graph/callgraph/cfg/cfg.go:206.2,207.42 2 1
github.com/shivasurya/code-pathfinder/sast-engine/graph/callgraph/cfg/cfg.go:207.42,208.46 1 1
github.com/shivasurya/code-pathfinder/sast-engine/graph/callgraph/cfg/cfg.go:208.46,210.4 1 1
github.com/shivasurya/code-pathfinder/sast-engine/graph/callgraph/cfg/cfg.go:212.2,212.19 1 1
github.com/shivasurya/code-pathfinder/sast-engine/graph/callgraph/cfg/cfg.go:216.76,218.13 2 1
github.com/shivasurya/code-pathfinder/sast-engine/graph/callgraph/cfg/cfg.go:218.13,220.3 1 0
github.com/shivasurya/code-pathfinder/sast-engine/graph/callgraph/cfg/cfg.go:222.2,223.44 2 1
github.com/shivasurya/code-pathfinder/sast-engine/graph/callgraph/cfg/cfg.go:223.44,224.46 1 1
github.com/shivasurya/code-pathfinder/sast-engine/graph/callgraph/cfg/cfg.go:224.46,226.4 1 1
github.com/shivasurya/code-pathfinder/sast-engine/graph/callgraph/cfg/cfg.go:228.2,228.21 1 1
github.com/shivasurya/code-pathfinder/sast-engine/graph/callgraph/cfg/cfg.go:240.50,243.34 2 1
github.com/shivasurya/code-pathfinder/sast-engine/graph/callgraph/cfg/cfg.go:243.34,245.3 1 1
github.com/shivasurya/code-pathfinder/sast-engine/graph/callgraph/cfg/cfg.go:248.2,252.41 3 1
github.com/shivasurya/code-pathfinder/sast-engine/graph/callgraph/cfg/cfg.go:252.41,253.34 1 1
github.com/shivasurya/code-pathfinder/sast-engine/graph/callgraph/cfg/cfg.go:253.34,255.4 1 1
github.com/shivasurya/code-pathfinder/sast-engine/graph/callgraph/cfg/cfg.go:259.2,260.14 2 1
github.com/shivasurya/code-pathfinder/sast-engine/graph/callgraph/cfg/cfg.go:260.14,263.42 2 1
github.com/shivasurya/code-pathfinder/sast-engine/graph/callgraph/cfg/cfg.go:263.42,264.35 1 1
github.com/shivasurya/code-pathfinder/sast-engine/graph/callgraph/cfg/cfg.go:264.35,265.13 1 1
github.com/shivasurya/code-pathfinder/sast-engine/graph/callgraph/cfg/cfg.go:269.4,270.35 2 1
github.com/shivasurya/code-pathfinder/sast-engine/graph/callgraph/cfg/cfg.go:270.35,276.50 3 1
github.com/shivasurya/code-pathfinder/sast-engine/graph/callgraph/cfg/cfg.go:276.50,279.6 2 1
github.com/shivasurya/code-pathfinder/sast-engine/graph/callgraph/cfg/cfg.go:283.4,283.47 1 1
github.com/shivasurya/code-pathfinder/sast-engine/graph/callgraph/cfg/cfg.go:283.47,285.5 1 1
github.com/shivasurya/code-pathfinder/sast-engine/graph/callgraph/cfg/cfg.go:288.4,288.53 1 1
github.com/shivasurya/code-pathfinder/sast-engine/graph/callgraph/cfg/cfg.go:288.53,291.5 2 1
github.com/shivasurya/code-pathfinder/sast-engine/graph/callgraph/cfg/cfg.go:298.76,300.13 2 1
github.com/shivasurya/code-pathfinder/sast-engine/graph/callgraph/cfg/cfg.go:300.13,302.3 1 0
github.com/shivasurya/code-pathfinder/sast-engine/graph/callgraph/cfg/cfg.go:303.2,303.52 1 1
github.com/shivasurya/code-pathfinder/sast-engine/graph/callgraph/cfg/cfg.go:309.55,316.2 5 1
github.com/shivasurya/code-pathfinder/sast-engine/graph/callgraph/cfg/cfg.go:319.124,321.22 1 1
github.com/shivasurya/code-pathfinder/sast-engine/graph/callgraph/cfg/cfg.go:321.22,323.3 1 0
github.com/shivasurya/code-pathfinder/sast-engine/graph/callgraph/cfg/cfg.go:326.2,330.32 3 1
github.com/shivasurya/code-pathfinder/sast-engine/graph/callgraph/cfg/cfg.go:330.32,334.3 3 1
github.com/shivasurya/code-pathfinder/sast-engine/graph/callgraph/cfg/cfg.go:334.8,337.43 2 1
github.com/shivasurya/code-pathfinder/sast-engine/graph/callgraph/cfg/cfg.go:337.43,339.4 1 1
github.com/shivasurya/code-pathfinder/sast-engine/graph/callgraph/cfg/cfg.go:343.2,343.26 1 1
github.com/shivasurya/code-pathfinder/sast-engine/graph/callgraph/cfg/cfg.go:347.40,349.25 2 1
github.com/shivasurya/code-pathfinder/sast-engine/graph/callgraph/cfg/cfg.go:349.25,350.30 1 1
github.com/shivasurya/code-pathfinder/sast-engine/graph/callgraph/cfg/cfg.go:350.30,352.4 1 1
github.com/shivasurya/code-pathfinder/sast-engine/graph/callgraph/cfg/cfg.go:354.2,354.15 1 1
github.com/shivasurya/code-pathfinder/sast-engine/graph/callgraph/cfg/cfg.go:358.38,359.22 1 1
github.com/shivasurya/code-pathfinder/sast-engine/graph/callgraph/cfg/cfg.go:359.22,361.3 1 1
github.com/shivasurya/code-pathfinder/sast-engine/graph/callgraph/cfg/cfg.go:362.2,362.19 1 1
github.com/shivasurya/code-pathfinder/sast-engine/graph/callgraph/cfg/cfg.go:362.19,363.19 1 1
github.com/shivasurya/code-pathfinder/sast-engine/graph/callgraph/cfg/cfg.go:363.19,365.4 1 1
github.com/shivasurya/code-pathfinder/sast-engine/graph/callgraph/cfg/cfg.go:367.2,367.13 1 1
github.com/shivasurya/code-pathfinder/sast-engine/graph/callgraph/cfg/cfg.go:371.55,372.26 1 1
github.com/shivasurya/code-pathfinder/sast-engine/graph/callgraph/cfg/cfg.go:372.26,373.16 1 1
github.com/shivasurya/code-pathfinder/sast-engine/graph/callgraph/cfg/cfg.go:373.16,375.4 1 1
github.com/shivasurya/code-pathfinder/sast-engine/graph/callgraph/cfg/cfg.go:377.2,377.14 1 1
github.com/shivasurya/code-pathfinder/sast-engine/graph/callgraph/core/frameworks.go:366.45,368.2 1 1
github.com/shivasurya/code-pathfinder/sast-engine/graph/callgraph/core/frameworks.go:379.64,382.28 2 1
github.com/shivasurya/code-pathfinder/sast-engine/graph/callgraph/core/frameworks.go:382.28,384.45 2 1
github.com/shivasurya/code-pathfinder/sast-engine/graph/callgraph/core/frameworks.go:384.45,386.55 1 1
github.com/shivasurya/code-pathfinder/sast-engine/graph/callgraph/core/frameworks.go:386.55,388.5 1 1
github.com/shivasurya/code-pathfinder/sast-engine/graph/callgraph/core/frameworks.go:392.2,392.19 1 1
github.com/shivasurya/code-pathfinder/sast-engine/graph/callgraph/core/frameworks.go:397.46,399.13 2 1
github.com/shivasurya/code-pathfinder/sast-engine/graph/callgraph/core/frameworks.go:399.13,401.3 1 1
github.com/shivasurya/code-pathfinder/sast-engine/graph/callgraph/core/frameworks.go:402.2,402.11 1 1
github.com/shivasurya/code-pathfinder/sast-engine/graph/callgraph/core/frameworks.go:407.42,409.13 2 1
github.com/shivasurya/code-pathfinder/sast-engine/graph/callgraph/core/frameworks.go:409.13,411.3 1 1
github.com/shivasurya/code-pathfinder/sast-engine/graph/callgraph/core/frameworks.go:412.2,412.11 1 1
github.com/shivasurya/code-pathfinder/sast-engine/graph/callgraph/core/statement.go:82.37,84.2 1 1
github.com/shivasurya/code-pathfinder/sast-engine/graph/callgraph/core/statement.go:87.40,89.2 1 1
github.com/shivasurya/code-pathfinder/sast-engine/graph/callgraph/core/statement.go:92.35,94.2 1 1
github.com/shivasurya/code-pathfinder/sast-engine/graph/callgraph/core/statement.go:97.41,99.2 1 1
github.com/shivasurya/code-pathfinder/sast-engine/graph/callgraph/core/statement.go:102.42,103.16 1 1
github.com/shivasurya/code-pathfinder/sast-engine/graph/callgraph/core/statement.go:104.98,105.14 1 1
github.com/shivasurya/code-pathfinder/sast-engine/graph/callgraph/core/statement.go:106.10,107.15 1 1
github.com/shivasurya/code-pathfinder/sast-engine/graph/callgraph/core/statement.go:112.48,114.2 1 1
github.com/shivasurya/code-pathfinder/sast-engine/graph/callgraph/core/statement.go:118.50,121.44 2 1
github.com/shivasurya/code-pathfinder/sast-engine/graph/callgraph/core/statement.go:121.44,123.3 1 1
github.com/shivasurya/code-pathfinder/sast-engine/graph/callgraph/core/statement.go:125.2,125.42 1 1
github.com/shivasurya/code-pathfinder/sast-engine/graph/callgraph/core/statement.go:125.42,127.3 1 1
github.com/shivasurya/code-pathfinder/sast-engine/graph/callgraph/core/statement.go:129.2,129.15 1 1
github.com/shivasurya/code-pathfinder/sast-engine/graph/callgraph/core/statement.go:144.36,149.2 1 1
github.com/shivasurya/code-pathfinder/sast-engine/graph/callgraph/core/statement.go:152.67,153.19 1 1
github.com/shivasurya/code-pathfinder/sast-engine/graph/callgraph/core/statement.go:153.19,155.3 1 1
github.com/shivasurya/code-pathfinder/sast-engine/graph/callgraph/core/statement.go:156.2,156.57 1 1
github.com/shivasurya/code-pathfinder/sast-engine/graph/callgraph/core/statement.go:160.67,161.19 1 1
github.com/shivasurya/code-pathfinder/sast-engine/graph/callgraph/core/statement.go:161.19,163.3 1 1
github.com/shivasurya/code-pathfinder/sast-engine/graph/callgraph/core/statement.go:164.2,164.57 1 1
github.com/shivasurya/code-pathfinder/sast-engine/graph/callgraph/core/statement.go:169.64,170.41 1 1
github.com/shivasurya/code-pathfinder/sast-engine/graph/callgraph/core/statement.go:170.41,172.3 1 1
github.com/shivasurya/code-pathfinder/sast-engine/graph/callgraph/core/statement.go:173.2,173.23 1 1
github.com/shivasurya/code-pathfinder/sast-engine/graph/callgraph/core/statement.go:178.64,179.41 1 1
github.com/shivasurya/code-pathfinder/sast-engine/graph/callgraph/core/statement.go:179.41,181.3 1 1
github.com/shivasurya/code-pathfinder/sast-engine/graph/callgraph/core/statement.go:182.2,182.23 1 1
github.com/shivasurya/code-pathfinder/sast-engine/graph/callgraph/core/statement.go:186.58,188.2 1 1
github.com/shivasurya/code-pathfinder/sast-engine/graph/callgraph/core/statement.go:191.55,193.2 1 1
github.com/shivasurya/code-pathfinder/sast-engine/graph/callgraph/core/statement.go:196.51,199.34 2 1
github.com/shivasurya/code-pathfinder/sast-engine/graph/callgraph/core/statement.go:199.34,201.3 1 1
github.com/shivasurya/code-pathfinder/sast-engine/graph/callgraph/core/statement.go:203.2,203.34 1 1
github.com/shivasurya/code-pathfinder/sast-engine/graph/callgraph/core/statement.go:203.34,205.3 1 1
github.com/shivasurya/code-pathfinder/sast-engine/graph/callgraph/core/statement.go:207.2,208.30 2 1
github.com/shivasurya/code-pathfinder/sast-engine/graph/callgraph/core/statement.go:208.30,210.3 1 1
github.com/shivasurya/code-pathfinder/sast-engine/graph/callgraph/core/statement.go:212.2,212.15 1 1
github.com/shivasurya/code-pathfinder/sast-engine/graph/callgraph/core/statement.go:252.62,256.34 2 1
github.com/shivasurya/code-pathfinder/sast-engine/graph/callgraph/core/statement.go:256.34,258.21 1 1
github.com/shivasurya/code-pathfinder/sast-engine/graph/callgraph/core/statement.go:258.21,260.4 1 1
github.com/shivasurya/code-pathfinder/sast-engine/graph/callgraph/core/statement.go:263.3,263.37 1 1
github.com/shivasurya/code-pathfinder/sast-engine/graph/callgraph/core/statement.go:263.37,265.4 1 1
github.com/shivasurya/code-pathfinder/sast-engine/graph/callgraph/core/statement.go:268.2,268.14 1 1
github.com/shivasurya/code-pathfinder/sast-engine/graph/callgraph/core/statement.go:290.54,295.34 3 1
github.com/shivasurya/code-pathfinder/sast-engine/graph/callgraph/core/statement.go:295.34,297.3 1 1
github.com/shivasurya/code-pathfinder/sast-engine/graph/callgraph/core/statement.go:298.2,298.34 1 1
github.com/shivasurya/code-pathfinder/sast-engine/graph/callgraph/core/statement.go:298.34,300.3 1 1
github.com/shivasurya/code-pathfinder/sast-engine/graph/callgraph/core/statement.go:301.2,304.34 2 1
github.com/shivasurya/code-pathfinder/sast-engine/graph/callgraph/core/statement.go:304.34,306.43 2 1
github.com/shivasurya/code-pathfinder/sast-engine/graph/callgraph/core/statement.go:306.43,308.4 1 1
github.com/shivasurya/code-pathfinder/sast-engine/graph/callgraph/core/statement.go:312.2,312.34 1 1
github.com/shivasurya/code-pathfinder/sast-engine/graph/callgraph/core/statement.go:312.34,314.43 2 1
github.com/shivasurya/code-pathfinder/sast-engine/graph/callgraph/core/statement.go:314.43,316.4 1 1
github.com/shivasurya/code-pathfinder/sast-engine/graph/callgraph/core/statement.go:320.2,320.34 1 1
github.com/shivasurya/code-pathfinder/sast-engine/graph/callgraph/core/statement.go:320.34,321.36 1 1
github.com/shivasurya/code-pathfinder/sast-engine/graph/callgraph/core/statement.go:321.36,323.4 1 1
github.com/shivasurya/code-pathfinder/sast-engine/graph/callgraph/core/statement.go:327.2,327.34 1 1
github.com/shivasurya/code-pathfinder/sast-engine/graph/callgraph/core/statement.go:327.34,328.36 1 1
github.com/shivasurya/code-pathfinder/sast-engine/graph/callgraph/core/statement.go:328.36,330.4 1 1
github.com/shivasurya/code-pathfinder/sast-engine/graph/callgraph/core/statement.go:333.2,333.14 1 1
github.com/shivasurya/code-pathfinder/sast-engine/graph/callgraph/core/stdlib_types.go:112.42,116.2 1 1
github.com/shivasurya/code-pathfinder/sast-engine/graph/callgraph/core/stdlib_types.go:119.69,121.2 1 1
github.com/shivasurya/code-pathfinder/sast-engine/graph/callgraph/core/stdlib_types.go:124.60,127.2 2 1
github.com/shivasurya/code-pathfinder/sast-engine/graph/callgraph/core/stdlib_types.go:130.87,132.19 2 1
github.com/shivasurya/code-pathfinder/sast-engine/graph/callgraph/core/stdlib_types.go:132.19,134.3 1 1
github.com/shivasurya/code-pathfinder/sast-engine/graph/callgraph/core/stdlib_types.go:135.2,135.39 1 1
github.com/shivasurya/code-pathfinder/sast-engine/graph/callgraph/core/stdlib_types.go:139.78,141.19 2 1
github.com/shivasurya/code-pathfinder/sast-engine/graph/callgraph/core/stdlib_types.go:141.19,143.3 1 1
github.com/shivasurya/code-pathfinder/sast-engine/graph/callgraph/core/stdlib_types.go:144.2,144.34 1 1
github.com/shivasurya/code-pathfinder/sast-engine/graph/callgraph/core/stdlib_types.go:148.87,150.19 2 1
github.com/shivasurya/code-pathfinder/sast-engine/graph/callgraph/core/stdlib_types.go:150.19,152.3 1 1
github.com/shivasurya/code-pathfinder/sast-engine/graph/callgraph/core/stdlib_types.go:153.2,153.39 1 1
github.com/shivasurya/code-pathfinder/sast-engine/graph/callgraph/core/stdlib_types.go:157.90,159.19 2 1
github.com/shivasurya/code-pathfinder/sast-engine/graph/callgraph/core/stdlib_types.go:159.19,161.3 1 1
github.com/shivasurya/code-pathfinder/sast-engine/graph/callgraph/core/stdlib_types.go:162.2,162.41 1 1
github.com/shivasurya/code-pathfinder/sast-engine/graph/callgraph/core/stdlib_types.go:166.44,168.2 1 1
github.com/shivasurya/code-pathfinder/sast-engine/graph/callgraph/core/taint_summary.go:45.39,47.2 1 1
github.com/shivasurya/code-pathfinder/sast-engine/graph/callgraph/core/taint_summary.go:50.46,52.2 1 1
github.com/shivasurya/code-pathfinder/sast-engine/graph/callgraph/core/taint_summary.go:55.48,57.2 1 1
github.com/shivasurya/code-pathfinder/sast-engine/graph/callgraph/core/taint_summary.go:60.45,62.2 1 1
github.com/shivasurya/code-pathfinder/sast-engine/graph/callgraph/core/taint_summary.go:98.56,105.2 1 1
github.com/shivasurya/code-pathfinder/sast-engine/graph/callgraph/core/taint_summary.go:108.77,109.39 1 1
github.com/shivasurya/code-pathfinder/sast-engine/graph/callgraph/core/taint_summary.go:109.39,111.3 1 1
github.com/shivasurya/code-pathfinder/sast-engine/graph/callgraph/core/taint_summary.go:112.2,112.70 1 1
github.com/shivasurya/code-pathfinder/sast-engine/graph/callgraph/core/taint_summary.go:117.67,119.2 1 1
github.com/shivasurya/code-pathfinder/sast-engine/graph/callgraph/core/taint_summary.go:122.56,124.34 2 1
github.com/shivasurya/code-pathfinder/sast-engine/graph/callgraph/core/taint_summary.go:124.34,125.23 1 1
github.com/shivasurya/code-pathfinder/sast-engine/graph/callgraph/core/taint_summary.go:125.23,127.4 1 1
github.com/shivasurya/code-pathfinder/sast-engine/graph/callgraph/core/taint_summary.go:129.2,129.14 1 1
github.com/shivasurya/code-pathfinder/sast-engine/graph/callgraph/core/taint_summary.go:133.60,134.22 1 1
github.com/shivasurya/code-pathfinder/sast-engine/graph/callgraph/core/taint_summary.go:134.22,136.3 1 1
github.com/shivasurya/code-pathfinder/sast-engine/graph/callgraph/core/taint_summary.go:137.2,137.50 1 1
github.com/shivasurya/code-pathfinder/sast-engine/graph/callgraph/core/taint_summary.go:141.46,143.2 1 1
github.com/shivasurya/code-pathfinder/sast-engine/graph/callgraph/core/taint_summary.go:146.68,148.42 2 1
github.com/shivasurya/code-pathfinder/sast-engine/graph/callgraph/core/taint_summary.go:148.42,149.35 1 1
github.com/shivasurya/code-pathfinder/sast-engine/graph/callgraph/core/taint_summary.go:149.35,151.4 1 1
github.com/shivasurya/code-pathfinder/sast-engine/graph/callgraph/core/taint_summary.go:153.2,153.15 1 1
github.com/shivasurya/code-pathfinder/sast-engine/graph/callgraph/core/taint_summary.go:157.70,159.42 2 1
github.com/shivasurya/code-pathfinder/sast-engine/graph/callgraph/core/taint_summary.go:159.42,160.37 1 1
github.com/shivasurya/code-pathfinder/sast-engine/graph/callgraph/core/taint_summary.go:160.37,162.4 1 1
github.com/shivasurya/code-pathfinder/sast-engine/graph/callgraph/core/taint_summary.go:164.2,164.15 1 1
github.com/shivasurya/code-pathfinder/sast-engine/graph/callgraph/core/taint_summary.go:168.67,170.42 2 1
github.com/shivasurya/code-pathfinder/sast-engine/graph/callgraph/core/taint_summary.go:170.42,171.34 1 1
github.com/shivasurya/code-pathfinder/sast-engine/graph/callgraph/core/taint_summary.go:171.34,173.4 1 1
github.com/shivasurya/code-pathfinder/sast-engine/graph/callgraph/core/taint_summary.go:175.2,175.15 1 1
github.com/shivasurya/code-pathfinder/sast-engine/graph/callgraph/core/taint_summary.go:179.60,180.21 1 1
github.com/shivasurya/code-pathfinder/sast-engine/graph/callgraph/core/taint_summary.go:180.21,182.3 1 1
github.com/shivasurya/code-pathfinder/sast-engine/graph/callgraph/core/taint_summary.go:185.2,185.37 1 1
github.com/shivasurya/code-pathfinder/sast-engine/graph/callgraph/core/taint_summary.go:185.37,186.21 1 1
github.com/shivasurya/code-pathfinder/sast-engine/graph/callgraph/core/taint_summary.go:186.21,188.4 1 1
github.com/shivasurya/code-pathfinder/sast-engine/graph/callgraph/core/taint_summary.go:191.2,191.56 1 1
github.com/shivasurya/code-pathfinder/sast-engine/graph/callgraph/core/taint_summary.go:195.63,196.37 1 1
github.com/shivasurya/code-pathfinder/sast-engine/graph/callgraph/core/taint_summary.go:196.37,197.21 1 1
github.com/shivasurya/code-pathfinder/sast-engine/graph/callgraph/core/taint_summary.go:197.21,199.4 1 1
github.com/shivasurya/code-pathfinder/sast-engine/graph/callgraph/core/taint_summary.go:201.2,201.14 1 1
github.com/shivasurya/code-pathfinder/sast-engine/graph/callgraph/core/taint_summary.go:205.65,208.2 2 1
github.com/shivasurya/code-pathfinder/sast-engine/graph/callgraph/core/taint_summary.go:211.51,214.2 2 1
github.com/shivasurya/code-pathfinder/sast-engine/graph/callgraph/core/taint_summary.go:217.43,219.2 1 1
github.com/shivasurya/code-pathfinder/sast-engine/graph/callgraph/core/taint_summary.go:222.50,224.44 2 1
github.com/shivasurya/code-pathfinder/sast-engine/graph/callgraph/core/taint_summary.go:224.44,225.35 1 1
github.com/shivasurya/code-pathfinder/sast-engine/graph/callgraph/core/taint_summary.go:225.35,226.24 1 1
github.com/shivasurya/code-pathfinder/sast-engine/graph/callgraph/core/taint_summary.go:226.24,228.10 2 1
github.com/shivasurya/code-pathfinder/sast-engine/graph/callgraph/core/taint_summary.go:232.2,232.14 1 1
github.com/shivasurya/code-pathfinder/sast-engine/graph/callgraph/core/taint_summary.go:236.49,238.2 1 1
github.com/shivasurya/code-pathfinder/sast-engine/graph/callgraph/core/types.go:93.32,101.2 1 1
github.com/shivasurya/code-pathfinder/sast-engine/graph/callgraph/core/types.go:109.53,111.41 1 1
github.com/shivasurya/code-pathfinder/sast-engine/graph/callgraph/core/types.go:111.41,113.3 1 1
github.com/shivasurya/code-pathfinder/sast-engine/graph/callgraph/core/types.go:116.2,116.48 1 1
github.com/shivasurya/code-pathfinder/sast-engine/graph/callgraph/core/types.go:116.48,118.3 1 1
github.com/shivasurya/code-pathfinder/sast-engine/graph/callgraph/core/types.go:127.68,129.2 1 1
github.com/shivasurya/code-pathfinder/sast-engine/graph/callgraph/core/types.go:139.57,140.48 1 1
github.com/shivasurya/code-pathfinder/sast-engine/graph/callgraph/core/types.go:140.48,142.3 1 1
github.com/shivasurya/code-pathfinder/sast-engine/graph/callgraph/core/types.go:143.2,143.19 1 1
github.com/shivasurya/code-pathfinder/sast-engine/graph/callgraph/core/types.go:154.57,155.41 1 1
github.com/shivasurya/code-pathfinder/sast-engine/graph/callgraph/core/types.go:155.41,157.3 1 1
github.com/shivasurya/code-pathfinder/sast-engine/graph/callgraph/core/types.go:158.2,158.19 1 1
github.com/shivasurya/code-pathfinder/sast-engine/graph/callgraph/core/types.go:192.42,199.2 1 1
github.com/shivasurya/code-pathfinder/sast-engine/graph/callgraph/core/types.go:207.66,214.57 4 1
github.com/shivasurya/code-pathfinder/sast-engine/graph/callgraph/core/types.go:214.57,216.3 1 1
github.com/shivasurya/code-pathfinder/sast-engine/graph/callgraph/core/types.go:226.75,229.2 2 1
github.com/shivasurya/code-pathfinder/sast-engine/graph/callgraph/core/types.go:244.47,249.2 1 1
github.com/shivasurya/code-pathfinder/sast-engine/graph/callgraph/core/types.go:256.51,258.2 1 1
github.com/shivasurya/code-pathfinder/sast-engine/graph/callgraph/core/types.go:267.59,270.2 2 1
github.com/shivasurya/code-pathfinder/sast-engine/graph/callgraph/core/types.go:273.49,274.26 1 1
github.com/shivasurya/code-pathfinder/sast-engine/graph/callgraph/core/types.go:274.26,275.16 1 1
github.com/shivasurya/code-pathfinder/sast-engine/graph/callgraph/core/types.go:275.16,277.4 1 1
github.com/shivasurya/code-pathfinder/sast-engine/graph/callgraph/core/types.go:279.2,279.14 1 1
github.com/shivasurya/code-pathfinder/sast-engine/graph/callgraph/core/types.go:283.55,285.2 1 1
github.com/shivasurya/code-pathfinder/sast-engine/graph/callgraph/core/types.go:289.49,291.44 1 1
github.com/shivasurya/code-pathfinder/sast-engine/graph/callgraph/core/types.go:291.44,292.27 1 1
github.com/shivasurya/code-pathfinder/sast-engine/graph/callgraph/core/types.go:292.27,294.4 1 1
github.com/shivasurya/code-pathfinder/sast-engine/graph/callgraph/core/types.go:296.2,296.19 1 1
github.com/shivasurya/code-pathfinder/sast-engine/graph/callgraph/core/types_extended.go:31.34,31.35 0 0
github.com/shivasurya/code-pathfinder/sast-engine/graph/callgraph/core/types_extended.go:33.40,34.20 1 1
github.com/shivasurya/code-pathfinder/sast-engine/graph/callgraph/core/types_extended.go:34.20,36.3 1 1
github.com/shivasurya/code-pathfinder/sast-engine/graph/callgraph/core/types_extended.go:37.2,37.47 1 1
github.com/shivasurya/code-pathfinder/sast-engine/graph/callgraph/core/types_extended.go:40.37,42.2 1 1
github.com/shivasurya/code-pathfinder/sast-engine/graph/callgraph/core/types_extended.go:44.48,45.40 1 1
github.com/shivasurya/code-pathfinder/sast-engine/graph/callgraph/core/types_extended.go:45.40,47.3 1 1
github.com/shivasurya/code-pathfinder/sast-engine/graph/callgraph/core/types_extended.go:48.2,48.14 1 1
github.com/shivasurya/code-pathfinder/sast-engine/graph/callgraph/core/types_extended.go:51.45,53.2 1 1
github.com/shivasurya/code-pathfinder/sast-engine/graph/callgraph/core/types_extended.go:56.68,58.21 2 1
github.com/shivasurya/code-pathfinder/sast-engine/graph/callgraph/core/types_extended.go:58.21,60.3 1 1
github.com/shivasurya/code-pathfinder/sast-engine/graph/callgraph/core/types_extended.go:61.2,63.74 3 1
github.com/shivasurya/code-pathfinder/sast-engine/graph/callgraph/core/types_extended.go:74.34,74.35 0 0
github.com/shivasurya/code-pathfinder/sast-engine/graph/callgraph/core/types_extended.go:76.40,77.18 1 1
github.com/shivasurya/code-pathfinder/sast-engine/graph/callgraph/core/types_extended.go:77.18,79.3 1 1
github.com/shivasurya/code-pathfinder/sast-engine/graph/callgraph/core/types_extended.go:80.2,80.35 1 1
github.com/shivasurya/code-pathfinder/sast-engine/graph/callgraph/core/types_extended.go:83.37,85.2 1 0
github.com/shivasurya/code-pathfinder/sast-engine/graph/callgraph/core/types_extended.go:87.48,88.40 1 1
github.com/shivasurya/code-pathfinder/sast-engine/graph/callgraph/core/types_extended.go:88.40,90.3 1 1
github.com/shivasurya/code-pathfinder/sast-engine/graph/callgraph/core/types_extended.go:91.2,91.14 1 1
github.com/shivasurya/code-pathfinder/sast-engine/graph/callgraph/core/types_extended.go:94.45,96.2 1 1
github.com/shivasurya/code-pathfinder/sast-engine/graph/callgraph/core/types_extended.go:105.31,105.32 0 0
github.com/shivasurya/code-pathfinder/sast-engine/graph/callgraph/core/types_extended.go:107.37,109.30 2 1
github.com/shivasurya/code-pathfinder/sast-engine/graph/callgraph/core/types_extended.go:109.30,111.3 1 1
github.com/shivasurya/code-pathfinder/sast-engine/graph/callgraph/core/types_extended.go:112.2,112.60 1 1
github.com/shivasurya/code-pathfinder/sast-engine/graph/callgraph/core/types_extended.go:115.34,117.2 1 0
github.com/shivasurya/code-pathfinder/sast-engine/graph/callgraph/core/types_extended.go:119.45,120.37 1 1
github.com/shivasurya/code-pathfinder/sast-engine/graph/callgraph/core/types_extended.go:120.37,121.35 1 1
github.com/shivasurya/code-pathfinder/sast-engine/graph/callgraph/core/types_extended.go:121.35,123.4 1 0
github.com/shivasurya/code-pathfinder/sast-engine/graph/callgraph/core/types_extended.go:125.3,125.30 1 1
github.com/shivasurya/code-pathfinder/sast-engine/graph/callgraph/core/types_extended.go:125.30,127.31 2 1
github.com/shivasurya/code-pathfinder/sast-engine/graph/callgraph/core/types_extended.go:127.31,128.22 1 1
github.com/shivasurya/code-pathfinder/sast-engine/graph/callgraph/core/types_extended.go:128.22,130.11 2 1
github.com/shivasurya/code-pathfinder/sast-engine/graph/callgraph/core/types_extended.go:133.4,133.14 1 1
github.com/shivasurya/code-pathfinder/sast-engine/graph/callgraph/core/types_extended.go:133.14,135.5 1 1
github.com/shivasurya/code-pathfinder/sast-engine/graph/callgraph/core/types_extended.go:137.3,137.14 1 1
github.com/shivasurya/code-pathfinder/sast-engine/graph/callgraph/core/types_extended.go:139.2,139.14 1 0
github.com/shivasurya/code-pathfinder/sast-engine/graph/callgraph/core/types_extended.go:142.42,144.2 1 1
github.com/shivasurya/code-pathfinder/sast-engine/graph/callgraph/core/types_extended.go:148.64,152.28 3 1
github.com/shivasurya/code-pathfinder/sast-engine/graph/callgraph/core/types_extended.go:152.28,153.40 1 1
github.com/shivasurya/code-pathfinder/sast-engine/graph/callgraph/core/types_extended.go:153.40,155.38 1 1
github.com/shivasurya/code-pathfinder/sast-engine/graph/callgraph/core/types_extended.go:155.38,157.19 2 1
github.com/shivasurya/code-pathfinder/sast-engine/graph/callgraph/core/types_extended.go:157.19,160.6 2 1
github.com/shivasurya/code-pathfinder/sast-engine/graph/callgraph/core/types_extended.go:162.9,164.18 2 1
github.com/shivasurya/code-pathfinder/sast-engine/graph/callgraph/core/types_extended.go:164.18,167.5 2 1
github.com/shivasurya/code-pathfinder/sast-engine/graph/callgraph/core/types_extended.go:171.2,171.61 1 1
github.com/shivasurya/code-pathfinder/sast-engine/graph/callgraph/core/types_extended.go:180.29,180.30 0 0
github.com/shivasurya/code-pathfinder/sast-engine/graph/callgraph/core/types_extended.go:182.35,183.20 1 1
github.com/shivasurya/code-pathfinder/sast-engine/graph/callgraph/core/types_extended.go:183.20,185.3 1 1
github.com/shivasurya/code-pathfinder/sast-engine/graph/callgraph/core/types_extended.go:186.2,186.14 1 1
github.com/shivasurya/code-pathfinder/sast-engine/graph/callgraph/core/types_extended.go:189.32,191.2 1 1
github.com/shivasurya/code-pathfinder/sast-engine/graph/callgraph/core/types_extended.go:193.43,196.2 2 0
github.com/shivasurya/code-pathfinder/sast-engine/graph/callgraph/core/types_extended.go:198.40,200.2 1 1
github.com/shivasurya/code-pathfinder/sast-engine/graph/callgraph/core/types_extended.go:205.30,205.31 0 0
github.com/shivasurya/code-pathfinder/sast-engine/graph/callgraph/core/types_extended.go:207.36,209.2 1 1
github.com/shivasurya/code-pathfinder/sast-engine/graph/callgraph/core/types_extended.go:211.33,213.2 1 1
github.com/shivasurya/code-pathfinder/sast-engine/graph/callgraph/core/types_extended.go:215.44,218.2 2 1
github.com/shivasurya/code-pathfinder/sast-engine/graph/callgraph/core/types_extended.go:220.41,222.2 1 1
github.com/shivasurya/code-pathfinder/sast-engine/graph/callgraph/core/types_extended.go:231.34,231.35 0 0
github.com/shivasurya/code-pathfinder/sast-engine/graph/callgraph/core/types_extended.go:233.40,235.33 2 1
github.com/shivasurya/code-pathfinder/sast-engine/graph/callgraph/core/types_extended.go:235.33,237.3 1 1
github.com/shivasurya/code-pathfinder/sast-engine/graph/callgraph/core/types_extended.go:238.2,239.25 2 1
github.com/shivasurya/code-pathfinder/sast-engine/graph/callgraph/core/types_extended.go:239.25,241.3 1 1
github.com/shivasurya/code-pathfinder/sast-engine/graph/callgraph/core/types_extended.go:242.2,242.75 1 1
github.com/shivasurya/code-pathfinder/sast-engine/graph/callgraph/core/types_extended.go:245.37,247.2 1 0
github.com/shivasurya/code-pathfinder/sast-engine/graph/callgraph/core/types_extended.go:249.48,250.40 1 1
github.com/shivasurya/code-pathfinder/sast-engine/graph/callgraph/core/types_extended.go:250.40,251.45 1 1
github.com/shivasurya/code-pathfinder/sast-engine/graph/callgraph/core/types_extended.go:251.45,253.4 1 0
github.com/shivasurya/code-pathfinder/sast-engine/graph/callgraph/core/types_extended.go:254.3,254.34 1 1
github.com/shivasurya/code-pathfinder/sast-engine/graph/callgraph/core/types_extended.go:254.34,255.34 1 1
github.com/shivasurya/code-pathfinder/sast-engine/graph/callgraph/core/types_extended.go:255.34,257.5 1 0
github.com/shivasurya/code-pathfinder/sast-engine/graph/callgraph/core/types_extended.go:259.3,259.49 1 1
github.com/shivasurya/code-pathfinder/sast-engine/graph/callgraph/core/types_extended.go:259.49,261.4 1 0
github.com/shivasurya/code-pathfinder/sast-engine/graph/callgraph/core/types_extended.go:262.3,262.49 1 1
github.com/shivasurya/code-pathfinder/sast-engine/graph/callgraph/core/types_extended.go:262.49,264.4 1 0
github.com/shivasurya/code-pathfinder/sast-engine/graph/callgraph/core/types_extended.go:265.3,265.43 1 1
github.com/shivasurya/code-pathfinder/sast-engine/graph/callgraph/core/types_extended.go:267.2,267.14 1 0
github.com/shivasurya/code-pathfinder/sast-engine/graph/callgraph/core/types_extended.go:270.45,272.2 1 0
github.com/shivasurya/code-pathfinder/sast-engine/graph/callgraph/core/types_extended.go:293.55,294.16 1 1
github.com/shivasurya/code-pathfinder/sast-engine/graph/callgraph/core/types_extended.go:295.28,296.13 1 1
github.com/shivasurya/code-pathfinder/sast-engine/graph/callgraph/core/types_extended.go:297.25,298.14 1 1
github.com/shivasurya/code-pathfinder/sast-engine/graph/callgraph/core/types_extended.go:299.29,300.14 1 1
github.com/shivasurya/code-pathfinder/sast-engine/graph/callgraph/core/types_extended.go:301.28,302.13 1 1
github.com/shivasurya/code-pathfinder/sast-engine/graph/callgraph/core/types_extended.go:303.28,304.14 1 1
github.com/shivasurya/code-pathfinder/sast-engine/graph/callgraph/core/types_extended.go:305.27,306.13 1 1
github.com/shivasurya/code-pathfinder/sast-engine/graph/callgraph/core/types_extended.go:307.33,308.13 1 1
github.com/shivasurya/code-pathfinder/sast-engine/graph/callgraph/core/types_extended.go:309.10,310.13 1 1
github.com/shivasurya/code-pathfinder/sast-engine/graph/callgraph/core/types_extended.go:316.51,317.22 1 1
github.com/shivasurya/code-pathfinder/sast-engine/graph/callgraph/core/types_extended.go:317.22,319.3 1 1
github.com/shivasurya/code-pathfinder/sast-engine/graph/callgraph/core/types_extended.go:320.2,321.31 2 1
github.com/shivasurya/code-pathfinder/sast-engine/graph/callgraph/core/types_extended.go:321.31,323.3 1 1
github.com/shivasurya/code-pathfinder/sast-engine/graph/callgraph/core/types_extended.go:324.2,324.15 1 1
github.com/shivasurya/code-pathfinder/sast-engine/graph/callgraph/core/types_extended.go:332.30,335.2 2 1
github.com/shivasurya/code-pathfinder/sast-engine/graph/callgraph/core/types_extended.go:338.29,341.2 2 1
github.com/shivasurya/code-pathfinder/sast-engine/graph/callgraph/core/types_extended.go:344.34,347.2 2 1
github.com/shivasurya/code-pathfinder/sast-engine/graph/callgraph/core/types_extended.go:350.56,353.2 2 1
github.com/shivasurya/code-pathfinder/sast-engine/graph/callgraph/core/types_extended.go:359.39,360.23 1 1
github.com/shivasurya/code-pathfinder/sast-engine/graph/callgraph/core/types_extended.go:360.23,362.3 1 1
github.com/shivasurya/code-pathfinder/sast-engine/graph/callgraph/core/types_extended.go:363.2,363.23 1 1
github.com/shivasurya/code-pathfinder/sast-engine/graph/callgraph/core/types_extended.go:363.23,365.3 1 1
github.com/shivasurya/code-pathfinder/sast-engine/graph/callgraph/core/types_extended.go:368.2,370.32 3 1
github.com/shivasurya/code-pathfinder/sast-engine/graph/callgraph/core/types_extended.go:370.32,371.23 1 1
github.com/shivasurya/code-pathfinder/sast-engine/graph/callgraph/core/types_extended.go:371.23,373.9 2 1
github.com/shivasurya/code-pathfinder/sast-engine/graph/callgraph/core/types_extended.go:376.2,376.13 1 1
github.com/shivasurya/code-pathfinder/sast-engine/graph/callgraph/core/types_extended.go:376.13,378.3 1 0
github.com/shivasurya/code-pathfinder/sast-engine/graph/callgraph/core/types_extended.go:381.2,381.28 1 1
github.com/shivasurya/code-pathfinder/sast-engine/graph/callgraph/core/types_extended.go:381.28,382.19 1 1
github.com/shivasurya/code-pathfinder/sast-engine/graph/callgraph/core/types_extended.go:382.19,384.4 1 1
github.com/shivasurya/code-pathfinder/sast-engine/graph/callgraph/core/types_extended.go:387.2,387.10 1 0
github.com/shivasurya/code-pathfinder/sast-engine/graph/callgraph/patterns/detector.go:67.44,72.2 1 1
github.com/shivasurya/code-pathfinder/sast-engine/graph/callgraph/patterns/detector.go:75.57,78.2 2 1
github.com/shivasurya/code-pathfinder/sast-engine/graph/callgraph/patterns/detector.go:81.67,84.2 2 1
github.com/shivasurya/code-pathfinder/sast-engine/graph/callgraph/patterns/detector.go:87.82,89.2 1 1
github.com/shivasurya/code-pathfinder/sast-engine/graph/callgraph/patterns/detector.go:93.50,107.2 1 1
github.com/shivasurya/code-pathfinder/sast-engine/graph/callgraph/patterns/detector.go:111.107,112.22 1 1
github.com/shivasurya/code-pathfinder/sast-engine/graph/callgraph/patterns/detector.go:113.36,114.55 1 1
github.com/shivasurya/code-pathfinder/sast-engine/graph/callgraph/patterns/detector.go:115.29,116.48 1 1
github.com/shivasurya/code-pathfinder/sast-engine/graph/callgraph/patterns/detector.go:117.35,118.54 1 1
github.com/shivasurya/code-pathfinder/sast-engine/graph/callgraph/patterns/detector.go:119.10,120.13 1 0
github.com/shivasurya/code-pathfinder/sast-engine/graph/callgraph/patterns/detector.go:136.117,137.53 1 1
github.com/shivasurya/code-pathfinder/sast-engine/graph/callgraph/patterns/detector.go:137.53,138.38 1 1
github.com/shivasurya/code-pathfinder/sast-engine/graph/callgraph/patterns/detector.go:138.38,139.61 1 1
github.com/shivasurya/code-pathfinder/sast-engine/graph/callgraph/patterns/detector.go:139.61,141.58 1 1
github.com/shivasurya/code-pathfinder/sast-engine/graph/callgraph/patterns/detector.go:141.58,148.6 1 1
github.com/shivasurya/code-pathfinder/sast-engine/graph/callgraph/patterns/detector.go:152.2,152.45 1 1
github.com/shivasurya/code-pathfinder/sast-engine/graph/callgraph/patterns/detector.go:156.110,158.27 2 1
github.com/shivasurya/code-pathfinder/sast-engine/graph/callgraph/patterns/detector.go:158.27,160.3 1 0
github.com/shivasurya/code-pathfinder/sast-engine/graph/callgraph/patterns/detector.go:162.2,163.25 2 1
github.com/shivasurya/code-pathfinder/sast-engine/graph/callgraph/patterns/detector.go:163.25,165.3 1 0
github.com/shivasurya/code-pathfinder/sast-engine/graph/callgraph/patterns/detector.go:167.2,167.37 1 1
github.com/shivasurya/code-pathfinder/sast-engine/graph/callgraph/patterns/detector.go:167.37,168.34 1 1
github.com/shivasurya/code-pathfinder/sast-engine/graph/callgraph/patterns/detector.go:168.34,170.21 2 1
github.com/shivasurya/code-pathfinder/sast-engine/graph/callgraph/patterns/detector.go:170.21,177.5 1 1
github.com/shivasurya/code-pathfinder/sast-engine/graph/callgraph/patterns/detector.go:181.2,181.45 1 0
github.com/shivasurya/code-pathfinder/sast-engine/graph/callgraph/patterns/detector.go:185.116,187.27 2 1
github.com/shivasurya/code-pathfinder/sast-engine/graph/callgraph/patterns/detector.go:187.27,189.3 1 0
github.com/shivasurya/code-pathfinder/sast-engine/graph/callgraph/patterns/detector.go:191.2,192.25 2 1
github.com/shivasurya/code-pathfinder/sast-engine/graph/callgraph/patterns/detector.go:192.25,194.3 1 0
github.com/shivasurya/code-pathfinder/sast-engine/graph/callgraph/patterns/detector.go:196.2,202.37 4 1
github.com/shivasurya/code-pathfinder/sast-engine/graph/callgraph/patterns/detector.go:202.37,203.34 1 1
github.com/shivasurya/code-pathfinder/sast-engine/graph/callgraph/patterns/detector.go:203.34,205.36 1 1
github.com/shivasurya/code-pathfinder/sast-engine/graph/callgraph/patterns/detector.go:205.36,207.26 2 1
github.com/shivasurya/code-pathfinder/sast-engine/graph/callgraph/patterns/detector.go:207.26,209.6 1 1
github.com/shivasurya/code-pathfinder/sast-engine/graph/callgraph/patterns/detector.go:210.5,210.13 1 1
github.com/shivasurya/code-pathfinder/sast-engine/graph/callgraph/patterns/detector.go:213.4,214.21 2 1
github.com/shivasurya/code-pathfinder/sast-engine/graph/callgraph/patterns/detector.go:214.21,217.46 2 1
github.com/shivasurya/code-pathfinder/sast-engine/graph/callgraph/patterns/detector.go:217.46,219.36 1 1
github.com/shivasurya/code-pathfinder/sast-engine/graph/callgraph/patterns/detector.go:219.36,220.39 1 1
github.com/shivasurya/code-pathfinder/sast-engine/graph/callgraph/patterns/detector.go:220.39,222.13 2 1
github.com/shivasurya/code-pathfinder/sast-engine/graph/callgraph/patterns/detector.go:225.6,225.22 1 1
github.com/shivasurya/code-pathfinder/sast-engine/graph/callgraph/patterns/detector.go:225.22,226.12 1 1
github.com/shivasurya/code-pathfinder/sast-engine/graph/callgraph/patterns/detector.go:229.5,229.22 1 1
github.com/shivasurya/code-pathfinder/sast-engine/graph/callgraph/patterns/detector.go:229.22,239.6 1 1
github.com/shivasurya/code-pathfinder/sast-engine/graph/callgraph/patterns/detector.go:244.2,244.45 1 1
github.com/shivasurya/code-pathfinder/sast-engine/graph/callgraph/patterns/detector.go:254.111,256.53 2 1
github.com/shivasurya/code-pathfinder/sast-engine/graph/callgraph/patterns/detector.go:256.53,257.38 1 1
github.com/shivasurya/code-pathfinder/sast-engine/graph/callgraph/patterns/detector.go:257.38,258.43 1 1
github.com/shivasurya/code-pathfinder/sast-engine/graph/callgraph/patterns/detector.go:258.43,260.53 1 1
github.com/shivasurya/code-pathfinder/sast-engine/graph/callgraph/patterns/detector.go:260.53,262.6 1 1
github.com/shivasurya/code-pathfinder/sast-engine/graph/callgraph/patterns/detector.go:266.2,266.14 1 1
github.com/shivasurya/code-pathfinder/sast-engine/graph/callgraph/patterns/detector.go:270.85,271.16 1 1
github.com/shivasurya/code-pathfinder/sast-engine/graph/callgraph/patterns/detector.go:271.16,273.3 1 1
github.com/shivasurya/code-pathfinder/sast-engine/graph/callgraph/patterns/detector.go:275.2,276.49 2 1
github.com/shivasurya/code-pathfinder/sast-engine/graph/callgraph/patterns/detector.go:280.117,281.23 1 1
github.com/shivasurya/code-pathfinder/sast-engine/graph/callgraph/patterns/detector.go:281.23,283.3 1 1
github.com/shivasurya/code-pathfinder/sast-engine/graph/callgraph/patterns/detector.go:285.2,285.22 1 1
github.com/shivasurya/code-pathfinder/sast-engine/graph/callgraph/patterns/detector.go:285.22,287.3 1 0
github.com/shivasurya/code-pathfinder/sast-engine/graph/callgraph/patterns/detector.go:289.2,292.33 3 1
github.com/shivasurya/code-pathfinder/sast-engine/graph/callgraph/patterns/detector.go:292.33,293.53 1 1
github.com/shivasurya/code-pathfinder/sast-engine/graph/callgraph/patterns/detector.go:293.53,295.4 1 1
github.com/shivasurya/code-pathfinder/sast-engine/graph/callgraph/patterns/detector.go:298.2,298.14 1 1
github.com/shivasurya/code-pathfinder/sast-engine/graph/callgraph/patterns/detector.go:303.90,304.16 1 1
github.com/shivasurya/code-pathfinder/sast-engine/graph/callgraph/patterns/detector.go:304.16,306.3 1 0
github.com/shivasurya/code-pathfinder/sast-engine/graph/callgraph/patterns/detector.go:308.2,311.62 3 1
github.com/shivasurya/code-pathfinder/sast-engine/graph/callgraph/patterns/detector.go:311.62,313.3 1 1
github.com/shivasurya/code-pathfinder/sast-engine/graph/callgraph/patterns/detector.go:315.2,315.19 1 0
github.com/shivasurya/code-pathfinder/sast-engine/graph/callgraph/patterns/detector.go:319.142,322.23 2 1
github.com/shivasurya/code-pathfinder/sast-engine/graph/callgraph/patterns/detector.go:322.23,324.3 1 1
github.com/shivasurya/code-pathfinder/sast-engine/graph/callgraph/patterns/detector.go:326.2,326.22 1 1
github.com/shivasurya/code-pathfinder/sast-engine/graph/callgraph/patterns/detector.go:326.22,329.3 2 0
github.com/shivasurya/code-pathfinder/sast-engine/graph/callgraph/patterns/detector.go:331.2,334.33 3 1
github.com/shivasurya/code-pathfinder/sast-engine/graph/callgraph/patterns/detector.go:334.33,335.68 1 1
github.com/shivasurya/code-pathfinder/sast-engine/graph/callgraph/patterns/detector.go:335.68,337.4 1 1
github.com/shivasurya/code-pathfinder/sast-engine/graph/callgraph/patterns/detector.go:341.2,342.14 2 0
github.com/shivasurya/code-pathfinder/sast-engine/graph/callgraph/patterns/detector.go:346.37,348.34 1 1
github.com/shivasurya/code-pathfinder/sast-engine/graph/callgraph/patterns/detector.go:348.34,349.39 1 1
github.com/shivasurya/code-pathfinder/sast-engine/graph/callgraph/patterns/detector.go:349.39,350.41 1 0
github.com/shivasurya/code-pathfinder/sast-engine/graph/callgraph/patterns/detector.go:350.41,352.5 1 0
github.com/shivasurya/code-pathfinder/sast-engine/graph/callgraph/patterns/detector.go:363.52,366.46 2 1
github.com/shivasurya/code-pathfinder/sast-engine/graph/callgraph/patterns/detector.go:366.46,368.3 1 0
github.com/shivasurya/code-pathfinder/sast-engine/graph/callgraph/patterns/detector.go:371.2,371.25 1 1
github.com/shivasurya/code-pathfinder/sast-engine/graph/callgraph/patterns/detector.go:371.25,373.3 1 1
github.com/shivasurya/code-pathfinder/sast-engine/graph/callgraph/patterns/detector.go:376.2,376.46 1 1
github.com/shivasurya/code-pathfinder/sast-engine/graph/callgraph/patterns/detector.go:376.46,378.3 1 1
github.com/shivasurya/code-pathfinder/sast-engine/graph/callgraph/patterns/detector.go:382.2,382.46 1 1
github.com/shivasurya/code-pathfinder/sast-engine/graph/callgraph/patterns/detector.go:382.46,384.3 1 1
github.com/shivasurya/code-pathfinder/sast-engine/graph/callgraph/patterns/detector.go:389.2,390.47 2 1
github.com/shivasurya/code-pathfinder/sast-engine/graph/callgraph/patterns/detector.go:390.47,392.31 2 1
github.com/shivasurya/code-pathfinder/sast-engine/graph/callgraph/patterns/detector.go:392.31,394.4 1 0
github.com/shivasurya/code-pathfinder/sast-engine/graph/callgraph/patterns/detector.go:397.2,397.14 1 1
github.com/shivasurya/code-pathfinder/sast-engine/graph/callgraph/patterns/detector.go:408.24,413.9 3 1
github.com/shivasurya/code-pathfinder/sast-engine/graph/callgraph/patterns/detector.go:413.9,416.3 2 0
github.com/shivasurya/code-pathfinder/sast-engine/graph/callgraph/patterns/detector.go:419.2,420.16 2 1
github.com/shivasurya/code-pathfinder/sast-engine/graph/callgraph/patterns/detector.go:420.16,423.3 2 1
github.com/shivasurya/code-pathfinder/sast-engine/graph/callgraph/patterns/detector.go:426.2,427.16 2 1
github.com/shivasurya/code-pathfinder/sast-engine/graph/callgraph/patterns/detector.go:427.16,430.3 2 0
github.com/shivasurya/code-pathfinder/sast-engine/graph/callgraph/patterns/detector.go:431.2,435.25 3 1
github.com/shivasurya/code-pathfinder/sast-engine/graph/callgraph/patterns/detector.go:435.25,438.3 2 0
github.com/shivasurya/code-pathfinder/sast-engine/graph/callgraph/patterns/detector.go:441.2,442.16 2 1
github.com/shivasurya/code-pathfinder/sast-engine/graph/callgraph/patterns/detector.go:442.16,445.3 2 0
github.com/shivasurya/code-pathfinder/sast-engine/graph/callgraph/patterns/detector.go:448.2,461.30 3 1
github.com/shivasurya/code-pathfinder/sast-engine/graph/callgraph/patterns/detector.go:461.30,463.3 1 1
github.com/shivasurya/code-pathfinder/sast-engine/graph/callgraph/patterns/detector.go:466.2,478.3 2 1
github.com/shivasurya/code-pathfinder/sast-engine/graph/callgraph/patterns/frameworks.go:16.60,17.22 1 1
github.com/shivasurya/code-pathfinder/sast-engine/graph/callgraph/patterns/frameworks.go:17.22,19.3 1 1
github.com/shivasurya/code-pathfinder/sast-engine/graph/callgraph/patterns/frameworks.go:23.2,23.40 1 1
github.com/shivasurya/code-pathfinder/sast-engine/graph/callgraph/patterns/frameworks.go:23.40,24.64 1 1
github.com/shivasurya/code-pathfinder/sast-engine/graph/callgraph/patterns/frameworks.go:24.64,29.4 1 1
github.com/shivasurya/code-pathfinder/sast-engine/graph/callgraph/patterns/frameworks.go:32.2,32.12 1 1
github.com/shivasurya/code-pathfinder/sast-engine/graph/callgraph/patterns/frameworks.go:37.47,40.2 2 1
github.com/shivasurya/code-pathfinder/sast-engine/graph/callgraph/patterns/frameworks.go:44.53,46.2 1 1
github.com/shivasurya/code-pathfinder/sast-engine/graph/callgraph/patterns/frameworks.go:50.49,52.2 1 1
github.com/shivasurya/code-pathfinder/sast-engine/graph/callgraph/patterns/helpers.go:10.53,12.2 1 1
github.com/shivasurya/code-pathfinder/sast-engine/graph/callgraph/patterns/helpers.go:15.76,16.17 1 1
github.com/shivasurya/code-pathfinder/sast-engine/graph/callgraph/patterns/helpers.go:16.17,18.3 1 1
github.com/shivasurya/code-pathfinder/sast-engine/graph/callgraph/patterns/helpers.go:21.2,21.83 1 1
github.com/shivasurya/code-pathfinder/sast-engine/graph/callgraph/patterns/helpers.go:21.83,23.3 1 1
github.com/shivasurya/code-pathfinder/sast-engine/graph/callgraph/patterns/helpers.go:26.2,26.46 1 1
github.com/shivasurya/code-pathfinder/sast-engine/graph/callgraph/patterns/helpers.go:26.46,28.69 2 1
github.com/shivasurya/code-pathfinder/sast-engine/graph/callgraph/patterns/helpers.go:28.69,30.4 1 1
github.com/shivasurya/code-pathfinder/sast-engine/graph/callgraph/patterns/helpers.go:33.2,33.12 1 1
github.com/shivasurya/code-pathfinder/sast-engine/graph/callgraph/extraction/attributes.go:44.9,51.16 5 1
github.com/shivasurya/code-pathfinder/sast-engine/graph/callgraph/extraction/attributes.go:51.16,53.3 1 0
github.com/shivasurya/code-pathfinder/sast-engine/graph/callgraph/extraction/attributes.go:54.2,61.36 4 1
github.com/shivasurya/code-pathfinder/sast-engine/graph/callgraph/extraction/attributes.go:61.36,63.22 2 1
github.com/shivasurya/code-pathfinder/sast-engine/graph/callgraph/extraction/attributes.go:63.22,64.12 1 0
github.com/shivasurya/code-pathfinder/sast-engine/graph/callgraph/extraction/attributes.go:68.3,80.42 4 1
github.com/shivasurya/code-pathfinder/sast-engine/graph/callgraph/extraction/attributes.go:80.42,82.24 2 1
github.com/shivasurya/code-pathfinder/sast-engine/graph/callgraph/extraction/attributes.go:82.24,85.5 2 1
github.com/shivasurya/code-pathfinder/sast-engine/graph/callgraph/extraction/attributes.go:89.3,100.46 3 1
github.com/shivasurya/code-pathfinder/sast-engine/graph/callgraph/extraction/attributes.go:103.2,103.12 1 1
github.com/shivasurya/code-pathfinder/sast-engine/graph/callgraph/extraction/attributes.go:107.65,111.34 3 1
github.com/shivasurya/code-pathfinder/sast-engine/graph/callgraph/extraction/attributes.go:111.34,112.37 1 1
github.com/shivasurya/code-pathfinder/sast-engine/graph/callgraph/extraction/attributes.go:112.37,114.4 1 1
github.com/shivasurya/code-pathfinder/sast-engine/graph/callgraph/extraction/attributes.go:116.3,116.44 1 1
github.com/shivasurya/code-pathfinder/sast-engine/graph/callgraph/extraction/attributes.go:116.44,118.20 2 1
github.com/shivasurya/code-pathfinder/sast-engine/graph/callgraph/extraction/attributes.go:118.20,120.5 1 1
github.com/shivasurya/code-pathfinder/sast-engine/graph/callgraph/extraction/attributes.go:124.2,125.16 2 1
github.com/shivasurya/code-pathfinder/sast-engine/graph/callgraph/extraction/attributes.go:129.73,134.51 1 1
github.com/shivasurya/code-pathfinder/sast-engine/graph/callgraph/extraction/attributes.go:134.51,136.19 2 1
github.com/shivasurya/code-pathfinder/sast-engine/graph/callgraph/extraction/attributes.go:136.19,137.12 1 0
github.com/shivasurya/code-pathfinder/sast-engine/graph/callgraph/extraction/attributes.go:140.3,140.35 1 1
github.com/shivasurya/code-pathfinder/sast-engine/graph/callgraph/extraction/attributes.go:140.35,142.4 1 1
github.com/shivasurya/code-pathfinder/sast-engine/graph/callgraph/extraction/attributes.go:145.2,145.11 1 0
github.com/shivasurya/code-pathfinder/sast-engine/graph/callgraph/extraction/attributes.go:149.71,154.51 3 1
github.com/shivasurya/code-pathfinder/sast-engine/graph/callgraph/extraction/attributes.go:154.51,156.46 2 1
github.com/shivasurya/code-pathfinder/sast-engine/graph/callgraph/extraction/attributes.go:156.46,158.9 2 1
github.com/shivasurya/code-pathfinder/sast-engine/graph/callgraph/extraction/attributes.go:162.2,162.22 1 1
github.com/shivasurya/code-pathfinder/sast-engine/graph/callgraph/extraction/attributes.go:162.22,164.3 1 0
github.com/shivasurya/code-pathfinder/sast-engine/graph/callgraph/extraction/attributes.go:167.2,167.51 1 1
github.com/shivasurya/code-pathfinder/sast-engine/graph/callgraph/extraction/attributes.go:167.51,169.60 2 1
[...]
github.com/shivasurya/code-pathfinder/sast-engine/graph/callgraph/builder/builder.go:739.2,744.42 4 1
github.com/shivasurya/code-pathfinder/sast-engine/graph/callgraph/builder/builder.go:744.42,750.27 3 1
github.com/shivasurya/code-pathfinder/sast-engine/graph/callgraph/builder/builder.go:750.27,751.58 1 1
github.com/shivasurya/code-pathfinder/sast-engine/graph/callgraph/builder/builder.go:751.58,753.5 1 0
github.com/shivasurya/code-pathfinder/sast-engine/graph/callgraph/builder/builder.go:757.3,757.21 1 1
github.com/shivasurya/code-pathfinder/sast-engine/graph/callgraph/builder/builder.go:757.21,759.26 2 1
github.com/shivasurya/code-pathfinder/sast-engine/graph/callgraph/builder/builder.go:759.26,760.57 1 0
github.com/shivasurya/code-pathfinder/sast-engine/graph/callgraph/builder/builder.go:760.57,762.6 1 0
github.com/shivasurya/code-pathfinder/sast-engine/graph/callgraph/builder/builder.go:766.3,766.21 1 1
github.com/shivasurya/code-pathfinder/sast-engine/graph/callgraph/builder/builder.go:766.21,768.27 1 0
github.com/shivasurya/code-pathfinder/sast-engine/graph/callgraph/builder/builder.go:768.27,772.82 2 0
github.com/shivasurya/code-pathfinder/sast-engine/graph/callgraph/builder/builder.go:772.83,774.6 0 0
github.com/shivasurya/code-pathfinder/sast-engine/graph/callgraph/builder/builder.go:774.11,776.79 1 0
github.com/shivasurya/code-pathfinder/sast-engine/graph/callgraph/builder/builder.go:776.79,778.24 2 0
github.com/shivasurya/code-pathfinder/sast-engine/graph/callgraph/builder/builder.go:778.24,781.8 1 0
github.com/shivasurya/code-pathfinder/sast-engine/graph/callgraph/builder/builder.go:785.6,788.26 2 0
github.com/shivasurya/code-pathfinder/sast-engine/graph/callgraph/builder/builder.go:788.26,789.53 1 0
github.com/shivasurya/code-pathfinder/sast-engine/graph/callgraph/builder/builder.go:789.53,790.83 1 0
github.com/shivasurya/code-pathfinder/sast-engine/graph/callgraph/builder/builder.go:790.83,793.9 1 0
github.com/shivasurya/code-pathfinder/sast-engine/graph/callgraph/builder/builder.go:798.7,799.23 2 0
github.com/shivasurya/code-pathfinder/sast-engine/graph/callgraph/builder/builder.go:799.23,804.76 3 0
github.com/shivasurya/code-pathfinder/sast-engine/graph/callgraph/builder/builder.go:804.76,806.29 2 0
github.com/shivasurya/code-pathfinder/sast-engine/graph/callgraph/builder/builder.go:806.29,807.66 1 0
github.com/shivasurya/code-pathfinder/sast-engine/graph/callgraph/builder/builder.go:807.66,808.86 1 0
github.com/shivasurya/code-pathfinder/sast-engine/graph/callgraph/builder/builder.go:808.86,811.12 1 0
github.com/shivasurya/code-pathfinder/sast-engine/graph/callgraph/builder/builder.go:819.6,819.40 1 0
github.com/shivasurya/code-pathfinder/sast-engine/graph/callgraph/builder/builder.go:819.40,822.7 1 0
github.com/shivasurya/code-pathfinder/sast-engine/graph/callgraph/builder/builder.go:830.2,830.48 1 1
github.com/shivasurya/code-pathfinder/sast-engine/graph/callgraph/builder/builder.go:830.48,833.60 2 0
github.com/shivasurya/code-pathfinder/sast-engine/graph/callgraph/builder/builder.go:833.60,835.4 1 0
github.com/shivasurya/code-pathfinder/sast-engine/graph/callgraph/builder/builder.go:837.3,837.106 1 0
github.com/shivasurya/code-pathfinder/sast-engine/graph/callgraph/builder/builder.go:837.106,839.4 1 0
github.com/shivasurya/code-pathfinder/sast-engine/graph/callgraph/builder/builder.go:841.3,841.58 1 0
github.com/shivasurya/code-pathfinder/sast-engine/graph/callgraph/builder/builder.go:841.58,842.90 1 0
github.com/shivasurya/code-pathfinder/sast-engine/graph/callgraph/builder/builder.go:842.90,843.57 1 0
github.com/shivasurya/code-pathfinder/sast-engine/graph/callgraph/builder/builder.go:843.57,845.6 1 0
github.com/shivasurya/code-pathfinder/sast-engine/graph/callgraph/builder/builder.go:848.3,848.37 1 0
github.com/shivasurya/code-pathfinder/sast-engine/graph/callgraph/builder/builder.go:848.37,850.4 1 0
github.com/shivasurya/code-pathfinder/sast-engine/graph/callgraph/builder/builder.go:851.3,851.29 1 0
github.com/shivasurya/code-pathfinder/sast-engine/graph/callgraph/builder/builder.go:856.2,857.36 2 1
github.com/shivasurya/code-pathfinder/sast-engine/graph/callgraph/builder/builder.go:857.36,859.3 1 0
github.com/shivasurya/code-pathfinder/sast-engine/graph/callgraph/builder/builder.go:863.2,863.105 1 1
github.com/shivasurya/code-pathfinder/sast-engine/graph/callgraph/builder/builder.go:863.105,865.3 1 0
github.com/shivasurya/code-pathfinder/sast-engine/graph/callgraph/builder/builder.go:869.2,869.57 1 1
github.com/shivasurya/code-pathfinder/sast-engine/graph/callgraph/builder/builder.go:869.57,870.89 1 1
github.com/shivasurya/code-pathfinder/sast-engine/graph/callgraph/builder/builder.go:870.89,871.55 1 1
github.com/shivasurya/code-pathfinder/sast-engine/graph/callgraph/builder/builder.go:871.55,873.5 1 0
github.com/shivasurya/code-pathfinder/sast-engine/graph/callgraph/builder/builder.go:878.2,878.27 1 1
github.com/shivasurya/code-pathfinder/sast-engine/graph/callgraph/builder/builder.go:906.111,908.2 1 0
github.com/shivasurya/code-pathfinder/sast-engine/graph/callgraph/builder/builder.go:911.111,912.25 1 1
github.com/shivasurya/code-pathfinder/sast-engine/graph/callgraph/builder/builder.go:912.25,914.3 1 0
github.com/shivasurya/code-pathfinder/sast-engine/graph/callgraph/builder/builder.go:917.2,918.20 2 1
github.com/shivasurya/code-pathfinder/sast-engine/graph/callgraph/builder/builder.go:918.20,920.3 1 0
github.com/shivasurya/code-pathfinder/sast-engine/graph/callgraph/builder/builder.go:929.2,929.39 1 1
github.com/shivasurya/code-pathfinder/sast-engine/graph/callgraph/builder/builder.go:929.39,934.73 3 1
github.com/shivasurya/code-pathfinder/sast-engine/graph/callgraph/builder/builder.go:934.73,936.4 1 0
github.com/shivasurya/code-pathfinder/sast-engine/graph/callgraph/builder/builder.go:939.3,940.17 2 1
github.com/shivasurya/code-pathfinder/sast-engine/graph/callgraph/builder/builder.go:940.17,942.12 2 0
github.com/shivasurya/code-pathfinder/sast-engine/graph/callgraph/builder/builder.go:944.3,944.20 1 1
github.com/shivasurya/code-pathfinder/sast-engine/graph/callgraph/builder/builder.go:944.20,945.12 1 1
github.com/shivasurya/code-pathfinder/sast-engine/graph/callgraph/builder/builder.go:949.3,949.50 1 0
github.com/shivasurya/code-pathfinder/sast-engine/graph/callgraph/builder/builder.go:949.50,951.4 1 0
github.com/shivasurya/code-pathfinder/sast-engine/graph/callgraph/builder/builder.go:954.3,954.48 1 0
github.com/shivasurya/code-pathfinder/sast-engine/graph/callgraph/builder/builder.go:954.48,956.4 1 0
github.com/shivasurya/code-pathfinder/sast-engine/graph/callgraph/builder/builder.go:959.3,959.50 1 0
github.com/shivasurya/code-pathfinder/sast-engine/graph/callgraph/builder/builder.go:959.50,961.4 1 0
github.com/shivasurya/code-pathfinder/sast-engine/graph/callgraph/builder/builder.go:964.3,964.51 1 0
github.com/shivasurya/code-pathfinder/sast-engine/graph/callgraph/builder/builder.go:964.51,966.4 1 0
github.com/shivasurya/code-pathfinder/sast-engine/graph/callgraph/builder/builder.go:969.2,969.14 1 1
github.com/shivasurya/code-pathfinder/sast-engine/graph/callgraph/builder/builder.go:985.66,987.2 1 1
github.com/shivasurya/code-pathfinder/sast-engine/graph/callgraph/builder/builder.go:990.66,992.40 1 1
github.com/shivasurya/code-pathfinder/sast-engine/graph/callgraph/builder/builder.go:992.40,994.3 1 1
github.com/shivasurya/code-pathfinder/sast-engine/graph/callgraph/builder/builder.go:998.2,999.17 2 1
github.com/shivasurya/code-pathfinder/sast-engine/graph/callgraph/builder/builder.go:999.17,1001.50 2 1
github.com/shivasurya/code-pathfinder/sast-engine/graph/callgraph/builder/builder.go:1001.50,1003.4 1 1
github.com/shivasurya/code-pathfinder/sast-engine/graph/callgraph/builder/builder.go:1006.2,1006.14 1 1
github.com/shivasurya/code-pathfinder/sast-engine/graph/callgraph/builder/builder.go:1011.168,1013.40 1 0
github.com/shivasurya/code-pathfinder/sast-engine/graph/callgraph/builder/builder.go:1013.40,1018.39 3 0
github.com/shivasurya/code-pathfinder/sast-engine/graph/callgraph/builder/builder.go:1018.39,1020.4 1 0
github.com/shivasurya/code-pathfinder/sast-engine/graph/callgraph/builder/builder.go:1022.3,1022.26 1 0
github.com/shivasurya/code-pathfinder/sast-engine/graph/callgraph/builder/builder.go:1026.2,1026.36 1 0
github.com/shivasurya/code-pathfinder/sast-engine/graph/callgraph/builder/builder.go:1026.36,1028.29 1 0
github.com/shivasurya/code-pathfinder/sast-engine/graph/callgraph/builder/builder.go:1028.29,1031.4 1 0
github.com/shivasurya/code-pathfinder/sast-engine/graph/callgraph/builder/builder.go:1034.3,1034.47 1 0
github.com/shivasurya/code-pathfinder/sast-engine/graph/callgraph/builder/builder.go:1034.47,1037.57 1 0
github.com/shivasurya/code-pathfinder/sast-engine/graph/callgraph/builder/builder.go:1037.57,1039.5 1 0
github.com/shivasurya/code-pathfinder/sast-engine/graph/callgraph/builder/builder.go:1041.4,1042.24 2 0
github.com/shivasurya/code-pathfinder/sast-engine/graph/callgraph/builder/builder.go:1046.3,1047.42 2 0
github.com/shivasurya/code-pathfinder/sast-engine/graph/callgraph/builder/builder.go:1047.42,1049.4 1 0
github.com/shivasurya/code-pathfinder/sast-engine/graph/callgraph/builder/builder.go:1052.3,1052.23 1 0
github.com/shivasurya/code-pathfinder/sast-engine/graph/callgraph/builder/builder.go:1056.2,1061.48 4 0
github.com/shivasurya/code-pathfinder/sast-engine/graph/callgraph/builder/builder.go:1061.48,1064.60 2 0
github.com/shivasurya/code-pathfinder/sast-engine/graph/callgraph/builder/builder.go:1064.60,1066.4 1 0
github.com/shivasurya/code-pathfinder/sast-engine/graph/callgraph/builder/builder.go:1068.3,1068.106 1 0
github.com/shivasurya/code-pathfinder/sast-engine/graph/callgraph/builder/builder.go:1068.106,1070.4 1 0
github.com/shivasurya/code-pathfinder/sast-engine/graph/callgraph/builder/builder.go:1071.3,1071.37 1 0
github.com/shivasurya/code-pathfinder/sast-engine/graph/callgraph/builder/builder.go:1071.37,1073.4 1 0
github.com/shivasurya/code-pathfinder/sast-engine/graph/callgraph/builder/builder.go:1074.3,1074.24 1 0
github.com/shivasurya/code-pathfinder/sast-engine/graph/callgraph/builder/builder.go:1079.2,1080.36 2 0
github.com/shivasurya/code-pathfinder/sast-engine/graph/callgraph/builder/builder.go:1080.36,1082.3 1 0
github.com/shivasurya/code-pathfinder/sast-engine/graph/callgraph/builder/builder.go:1086.2,1086.105 1 0
github.com/shivasurya/code-pathfinder/sast-engine/graph/callgraph/builder/builder.go:1086.105,1088.3 1 0
github.com/shivasurya/code-pathfinder/sast-engine/graph/callgraph/builder/builder.go:1091.2,1091.22 1 0
github.com/shivasurya/code-pathfinder/sast-engine/graph/callgraph/builder/builder.go:1105.53,1107.2 1 1
github.com/shivasurya/code-pathfinder/sast-engine/graph/callgraph/builder/builder.go:1110.61,1112.66 1 1
github.com/shivasurya/code-pathfinder/sast-engine/graph/callgraph/builder/builder.go:1112.66,1114.3 1 1
github.com/shivasurya/code-pathfinder/sast-engine/graph/callgraph/builder/builder.go:1117.2,1117.63 1 1
github.com/shivasurya/code-pathfinder/sast-engine/graph/callgraph/builder/builder.go:1117.63,1119.3 1 0
github.com/shivasurya/code-pathfinder/sast-engine/graph/callgraph/builder/builder.go:1122.2,1122.15 1 1
github.com/shivasurya/code-pathfinder/sast-engine/graph/callgraph/builder/builder.go:1126.55,1129.16 3 1
github.com/shivasurya/code-pathfinder/sast-engine/graph/callgraph/builder/builder.go:1129.16,1131.3 1 1
github.com/shivasurya/code-pathfinder/sast-engine/graph/callgraph/builder/builder.go:1133.2,1134.35 2 1
github.com/shivasurya/code-pathfinder/sast-engine/graph/callgraph/builder/builder.go:1137.52,1142.16 3 1
github.com/shivasurya/code-pathfinder/sast-engine/graph/callgraph/builder/builder.go:1142.16,1144.3 1 1
github.com/shivasurya/code-pathfinder/sast-engine/graph/callgraph/builder/builder.go:1147.2,1148.29 2 0
github.com/shivasurya/code-pathfinder/sast-engine/graph/callgraph/builder/builder.go:1148.29,1150.84 1 0
github.com/shivasurya/code-pathfinder/sast-engine/graph/callgraph/builder/builder.go:1150.84,1153.31 2 0
github.com/shivasurya/code-pathfinder/sast-engine/graph/callgraph/builder/builder.go:1153.31,1155.72 2 0
github.com/shivasurya/code-pathfinder/sast-engine/graph/callgraph/builder/builder.go:1155.72,1157.59 1 0
github.com/shivasurya/code-pathfinder/sast-engine/graph/callgraph/builder/builder.go:1157.59,1159.7 1 0
github.com/shivasurya/code-pathfinder/sast-engine/graph/callgraph/builder/builder.go:1165.2,1165.11 1 0
github.com/shivasurya/code-pathfinder/sast-engine/graph/callgraph/builder/builder.go:1168.47,1170.21 2 1
github.com/shivasurya/code-pathfinder/sast-engine/graph/callgraph/builder/builder.go:1170.21,1172.3 1 1
github.com/shivasurya/code-pathfinder/sast-engine/graph/callgraph/builder/builder.go:1173.2,1173.21 1 0
github.com/shivasurya/code-pathfinder/sast-engine/graph/callgraph/builder/builder.go:1173.21,1175.3 1 0
github.com/shivasurya/code-pathfinder/sast-engine/graph/callgraph/builder/builder.go:1176.2,1176.11 1 0
github.com/shivasurya/code-pathfinder/sast-engine/graph/callgraph/builder/cache.go:23.42,27.2 1 1
github.com/shivasurya/code-pathfinder/sast-engine/graph/callgraph/builder/cache.go:36.71,42.2 4 1
github.com/shivasurya/code-pathfinder/sast-engine/graph/callgraph/builder/cache.go:49.74,54.2 3 1
github.com/shivasurya/code-pathfinder/sast-engine/graph/callgraph/builder/cache.go:72.131,74.42 1 1
github.com/shivasurya/code-pathfinder/sast-engine/graph/callgraph/builder/cache.go:74.42,76.3 1 1
github.com/shivasurya/code-pathfinder/sast-engine/graph/callgraph/builder/cache.go:79.2,80.16 2 1
github.com/shivasurya/code-pathfinder/sast-engine/graph/callgraph/builder/cache.go:80.16,82.3 1 0
github.com/shivasurya/code-pathfinder/sast-engine/graph/callgraph/builder/cache.go:85.2,87.23 2 1
github.com/shivasurya/code-pathfinder/sast-engine/graph/callgraph/builder/helpers.go:19.53,21.16 2 1
github.com/shivasurya/code-pathfinder/sast-engine/graph/callgraph/builder/helpers.go:21.16,23.3 1 0
github.com/shivasurya/code-pathfinder/sast-engine/graph/callgraph/builder/helpers.go:24.2,24.29 1 1
github.com/shivasurya/code-pathfinder/sast-engine/graph/callgraph/builder/helpers.go:39.76,40.17 1 1
github.com/shivasurya/code-pathfinder/sast-engine/graph/callgraph/builder/helpers.go:40.17,42.3 1 1
github.com/shivasurya/code-pathfinder/sast-engine/graph/callgraph/builder/helpers.go:45.2,46.41 1 1
github.com/shivasurya/code-pathfinder/sast-engine/graph/callgraph/builder/helpers.go:46.41,48.3 1 1
github.com/shivasurya/code-pathfinder/sast-engine/graph/callgraph/builder/helpers.go:51.2,51.46 1 1
github.com/shivasurya/code-pathfinder/sast-engine/graph/callgraph/builder/helpers.go:51.46,52.77 1 1
github.com/shivasurya/code-pathfinder/sast-engine/graph/callgraph/builder/helpers.go:52.77,54.4 1 1
github.com/shivasurya/code-pathfinder/sast-engine/graph/callgraph/builder/helpers.go:57.2,57.12 1 1
github.com/shivasurya/code-pathfinder/sast-engine/graph/callgraph/builder/integration.go:29.147,33.16 3 1
github.com/shivasurya/code-pathfinder/sast-engine/graph/callgraph/builder/integration.go:33.16,35.3 1 0
github.com/shivasurya/code-pathfinder/sast-engine/graph/callgraph/builder/integration.go:36.2,41.16 4 1
github.com/shivasurya/code-pathfinder/sast-engine/graph/callgraph/builder/integration.go:41.16,43.3 1 0
github.com/shivasurya/code-pathfinder/sast-engine/graph/callgraph/builder/integration.go:44.2,50.39 4 1
github.com/shivasurya/code-pathfinder/sast-engine/graph/callgraph/builder/taint.go:25.115,32.53 5 1
github.com/shivasurya/code-pathfinder/sast-engine/graph/callgraph/builder/taint.go:32.53,35.17 2 1
github.com/shivasurya/code-pathfinder/sast-engine/graph/callgraph/builder/taint.go:35.17,37.12 2 0
github.com/shivasurya/code-pathfinder/sast-engine/graph/callgraph/builder/taint.go:41.3,42.17 2 1
github.com/shivasurya/code-pathfinder/sast-engine/graph/callgraph/builder/taint.go:42.17,44.12 2 0
github.com/shivasurya/code-pathfinder/sast-engine/graph/callgraph/builder/taint.go:48.3,49.26 2 1
github.com/shivasurya/code-pathfinder/sast-engine/graph/callgraph/builder/taint.go:49.26,51.19 2 0
github.com/shivasurya/code-pathfinder/sast-engine/graph/callgraph/builder/taint.go:51.19,53.5 1 0
github.com/shivasurya/code-pathfinder/sast-engine/graph/callgraph/builder/taint.go:54.4,54.12 1 0
github.com/shivasurya/code-pathfinder/sast-engine/graph/callgraph/builder/taint.go:58.3,59.17 2 1
github.com/shivasurya/code-pathfinder/sast-engine/graph/callgraph/builder/taint.go:59.17,61.19 2 0
github.com/shivasurya/code-pathfinder/sast-engine/graph/callgraph/builder/taint.go:61.19,63.5 1 0
github.com/shivasurya/code-pathfinder/sast-engine/graph/callgraph/builder/taint.go:64.4,64.12 1 0
github.com/shivasurya/code-pathfinder/sast-engine/graph/callgraph/builder/taint.go:68.3,87.25 5 1
github.com/shivasurya/code-pathfinder/sast-engine/graph/callgraph/builder/taint.go:87.25,89.4 1 0
github.com/shivasurya/code-pathfinder/sast-engine/graph/callgraph/builder/taint.go:92.3,92.18 1 1
github.com/shivasurya/code-pathfinder/sast-engine/graph/callgraph/builder/taint.go:92.18,94.4 1 1
github.com/shivasurya/code-pathfinder/sast-engine/graph/callgraph/integration.go:54.171,57.16 2 1
github.com/shivasurya/code-pathfinder/sast-engine/graph/callgraph/integration.go:57.16,59.3 1 1
github.com/shivasurya/code-pathfinder/sast-engine/graph/callgraph/integration.go:62.2,63.16 2 1
github.com/shivasurya/code-pathfinder/sast-engine/graph/callgraph/integration.go:63.16,65.3 1 0
github.com/shivasurya/code-pathfinder/sast-engine/graph/callgraph/integration.go:68.2,71.56 3 1
github.com/shivasurya/code-pathfinder/sast-engine/graph/callgraph/integration.go:83.108,93.43 3 1
github.com/shivasurya/code-pathfinder/sast-engine/graph/callgraph/integration.go:93.43,98.42 2 1
github.com/shivasurya/code-pathfinder/sast-engine/graph/callgraph/integration.go:98.42,100.21 2 1
github.com/shivasurya/code-pathfinder/sast-engine/graph/callgraph/integration.go:100.21,116.56 2 1
github.com/shivasurya/code-pathfinder/sast-engine/graph/callgraph/integration.go:116.56,117.67 1 1
github.com/shivasurya/code-pathfinder/sast-engine/graph/callgraph/integration.go:117.67,118.38 1 1
github.com/shivasurya/code-pathfinder/sast-engine/graph/callgraph/integration.go:118.38,119.81 1 1
github.com/shivasurya/code-pathfinder/sast-engine/graph/callgraph/integration.go:119.81,123.14 4 1
github.com/shivasurya/code-pathfinder/sast-engine/graph/callgraph/integration.go:130.5,130.52 1 1
github.com/shivasurya/code-pathfinder/sast-engine/graph/callgraph/integration.go:130.52,131.65 1 1
github.com/shivasurya/code-pathfinder/sast-engine/graph/callgraph/integration.go:131.65,132.38 1 1
github.com/shivasurya/code-pathfinder/sast-engine/graph/callgraph/integration.go:132.38,133.77 1 1
github.com/shivasurya/code-pathfinder/sast-engine/graph/callgraph/integration.go:133.77,137.14 4 1
github.com/shivasurya/code-pathfinder/sast-engine/graph/callgraph/integration.go:143.5,143.45 1 1
github.com/shivasurya/code-pathfinder/sast-engine/graph/callgraph/integration.go:148.2,148.16 1 1
github.com/shivasurya/code-pathfinder/sast-engine/graph/callgraph/integration.go:154.61,155.38 1 1
github.com/shivasurya/code-pathfinder/sast-engine/graph/callgraph/integration.go:155.38,157.3 1 1
github.com/shivasurya/code-pathfinder/sast-engine/graph/callgraph/integration.go:159.2,160.16 2 1
github.com/shivasurya/code-pathfinder/sast-engine/graph/callgraph/integration.go:160.16,162.3 1 1
github.com/shivasurya/code-pathfinder/sast-engine/graph/callgraph/integration.go:163.2,168.21 4 1
github.com/shivasurya/code-pathfinder/sast-engine/graph/callgraph/integration.go:168.21,169.32 1 1
github.com/shivasurya/code-pathfinder/sast-engine/graph/callgraph/integration.go:169.32,172.4 2 1
github.com/shivasurya/code-pathfinder/sast-engine/graph/callgraph/integration.go:173.3,173.16 1 1
github.com/shivasurya/code-pathfinder/sast-engine/graph/callgraph/integration.go:176.2,176.11 1 1
