mode: set
github.com/shivasurya/code-pathfinder/sast-engine/executor/container_executor.go:50.64,56.55 2 1
github.com/shivasurya/code-pathfinder/sast-engine/executor/container_executor.go:56.55,58.3 1 1
github.com/shivasurya/code-pathfinder/sast-engine/executor/container_executor.go:60.2,62.12 3 1
github.com/shivasurya/code-pathfinder/sast-engine/executor/container_executor.go:68.15,71.41 2 1
github.com/shivasurya/code-pathfinder/sast-engine/executor/container_executor.go:71.41,72.72 1 1
github.com/shivasurya/code-pathfinder/sast-engine/executor/container_executor.go:72.72,74.4 1 1
github.com/shivasurya/code-pathfinder/sast-engine/executor/container_executor.go:77.2,77.16 1 1
github.com/shivasurya/code-pathfinder/sast-engine/executor/container_executor.go:83.15,86.38 2 1
github.com/shivasurya/code-pathfinder/sast-engine/executor/container_executor.go:86.38,87.45 1 1
github.com/shivasurya/code-pathfinder/sast-engine/executor/container_executor.go:87.45,88.80 1 1
github.com/shivasurya/code-pathfinder/sast-engine/executor/container_executor.go:88.80,90.5 1 1
github.com/shivasurya/code-pathfinder/sast-engine/executor/container_executor.go:94.2,94.16 1 1
github.com/shivasurya/code-pathfinder/sast-engine/executor/container_executor.go:100.14,102.9 2 1
github.com/shivasurya/code-pathfinder/sast-engine/executor/container_executor.go:102.9,104.3 1 1
github.com/shivasurya/code-pathfinder/sast-engine/executor/container_executor.go:106.2,106.21 1 1
github.com/shivasurya/code-pathfinder/sast-engine/executor/container_executor.go:107.29,108.56 1 1
github.com/shivasurya/code-pathfinder/sast-engine/executor/container_executor.go:109.21,110.49 1 1
github.com/shivasurya/code-pathfinder/sast-engine/executor/container_executor.go:111.16,112.43 1 1
github.com/shivasurya/code-pathfinder/sast-engine/executor/container_executor.go:113.16,114.43 1 1
github.com/shivasurya/code-pathfinder/sast-engine/executor/container_executor.go:115.17,116.44 1 1
github.com/shivasurya/code-pathfinder/sast-engine/executor/container_executor.go:119.2,119.12 1 1
github.com/shivasurya/code-pathfinder/sast-engine/executor/container_executor.go:125.14,127.9 2 1
github.com/shivasurya/code-pathfinder/sast-engine/executor/container_executor.go:127.9,129.3 1 0
github.com/shivasurya/code-pathfinder/sast-engine/executor/container_executor.go:131.2,131.42 1 1
github.com/shivasurya/code-pathfinder/sast-engine/executor/container_executor.go:131.42,141.3 1 1
github.com/shivasurya/code-pathfinder/sast-engine/executor/container_executor.go:143.2,143.12 1 0
github.com/shivasurya/code-pathfinder/sast-engine/executor/container_executor.go:149.14,151.9 2 1
github.com/shivasurya/code-pathfinder/sast-engine/executor/container_executor.go:151.9,153.3 1 0
github.com/shivasurya/code-pathfinder/sast-engine/executor/container_executor.go:155.2,157.29 2 1
github.com/shivasurya/code-pathfinder/sast-engine/executor/container_executor.go:157.29,158.55 1 1
github.com/shivasurya/code-pathfinder/sast-engine/executor/container_executor.go:158.55,168.4 1 1
github.com/shivasurya/code-pathfinder/sast-engine/executor/container_executor.go:171.2,171.12 1 0
github.com/shivasurya/code-pathfinder/sast-engine/executor/container_executor.go:177.8,179.50 1 1
github.com/shivasurya/code-pathfinder/sast-engine/executor/container_executor.go:179.50,180.27 1 1
github.com/shivasurya/code-pathfinder/sast-engine/executor/container_executor.go:180.27,182.4 1 0
github.com/shivasurya/code-pathfinder/sast-engine/executor/container_executor.go:186.2,186.55 1 1
github.com/shivasurya/code-pathfinder/sast-engine/executor/container_executor.go:186.55,187.32 1 1
github.com/shivasurya/code-pathfinder/sast-engine/executor/container_executor.go:187.32,189.4 1 0
github.com/shivasurya/code-pathfinder/sast-engine/executor/container_executor.go:193.2,193.60 1 1
github.com/shivasurya/code-pathfinder/sast-engine/executor/container_executor.go:193.60,195.17 2 1
github.com/shivasurya/code-pathfinder/sast-engine/executor/container_executor.go:195.17,197.4 1 0
github.com/shivasurya/code-pathfinder/sast-engine/executor/container_executor.go:198.3,198.36 1 1
github.com/shivasurya/code-pathfinder/sast-engine/executor/container_executor.go:198.36,200.4 1 0
github.com/shivasurya/code-pathfinder/sast-engine/executor/container_executor.go:204.2,204.54 1 1
github.com/shivasurya/code-pathfinder/sast-engine/executor/container_executor.go:204.54,205.55 1 1
github.com/shivasurya/code-pathfinder/sast-engine/executor/container_executor.go:205.55,207.4 1 0
github.com/shivasurya/code-pathfinder/sast-engine/executor/container_executor.go:211.2,211.61 1 1
github.com/shivasurya/code-pathfinder/sast-engine/executor/container_executor.go:211.61,212.57 1 1
github.com/shivasurya/code-pathfinder/sast-engine/executor/container_executor.go:212.57,214.4 1 0
github.com/shivasurya/code-pathfinder/sast-engine/executor/container_executor.go:218.2,218.59 1 1
github.com/shivasurya/code-pathfinder/sast-engine/executor/container_executor.go:218.59,220.35 2 1
github.com/shivasurya/code-pathfinder/sast-engine/executor/container_executor.go:220.35,221.26 1 1
github.com/shivasurya/code-pathfinder/sast-engine/executor/container_executor.go:221.26,223.10 2 1
github.com/shivasurya/code-pathfinder/sast-engine/executor/container_executor.go:226.3,226.16 1 1
github.com/shivasurya/code-pathfinder/sast-engine/executor/container_executor.go:226.16,228.4 1 0
github.com/shivasurya/code-pathfinder/sast-engine/executor/container_executor.go:232.2,232.63 1 1
github.com/shivasurya/code-pathfinder/sast-engine/executor/container_executor.go:232.63,233.46 1 1
github.com/shivasurya/code-pathfinder/sast-engine/executor/container_executor.go:233.46,235.4 1 0
github.com/shivasurya/code-pathfinder/sast-engine/executor/container_executor.go:236.3,236.47 1 1
github.com/shivasurya/code-pathfinder/sast-engine/executor/container_executor.go:236.47,238.4 1 0
github.com/shivasurya/code-pathfinder/sast-engine/executor/container_executor.go:242.2,242.57 1 1
github.com/shivasurya/code-pathfinder/sast-engine/executor/container_executor.go:242.57,243.34 1 1
github.com/shivasurya/code-pathfinder/sast-engine/executor/container_executor.go:243.34,245.4 1 0
github.com/shivasurya/code-pathfinder/sast-engine/executor/container_executor.go:248.2,248.13 1 1
github.com/shivasurya/code-pathfinder/sast-engine/executor/container_executor.go:255.14,257.9 2 1
github.com/shivasurya/code-pathfinder/sast-engine/executor/container_executor.go:257.9,259.3 1 0
github.com/shivasurya/code-pathfinder/sast-engine/executor/container_executor.go:261.2,261.21 1 1
github.com/shivasurya/code-pathfinder/sast-engine/executor/container_executor.go:262.21,263.58 1 1
github.com/shivasurya/code-pathfinder/sast-engine/executor/container_executor.go:264.25,265.62 1 1
github.com/shivasurya/code-pathfinder/sast-engine/executor/container_executor.go:268.2,268.12 1 0
github.com/shivasurya/code-pathfinder/sast-engine/executor/container_executor.go:275.14,277.9 2 1
github.com/shivasurya/code-pathfinder/sast-engine/executor/container_executor.go:277.9,279.3 1 0
github.com/shivasurya/code-pathfinder/sast-engine/executor/container_executor.go:282.2,282.46 1 1
github.com/shivasurya/code-pathfinder/sast-engine/executor/container_executor.go:282.46,283.51 1 1
github.com/shivasurya/code-pathfinder/sast-engine/executor/container_executor.go:283.51,294.4 1 1
github.com/shivasurya/code-pathfinder/sast-engine/executor/container_executor.go:298.2,298.59 1 1
github.com/shivasurya/code-pathfinder/sast-engine/executor/container_executor.go:298.59,301.41 2 1
github.com/shivasurya/code-pathfinder/sast-engine/executor/container_executor.go:301.41,302.44 1 0
github.com/shivasurya/code-pathfinder/sast-engine/executor/container_executor.go:302.44,313.5 1 0
github.com/shivasurya/code-pathfinder/sast-engine/executor/container_executor.go:316.3,316.49 1 1
github.com/shivasurya/code-pathfinder/sast-engine/executor/container_executor.go:316.49,317.32 1 1
github.com/shivasurya/code-pathfinder/sast-engine/executor/container_executor.go:317.32,318.71 1 1
github.com/shivasurya/code-pathfinder/sast-engine/executor/container_executor.go:318.71,329.6 1 1
github.com/shivasurya/code-pathfinder/sast-engine/executor/container_executor.go:335.2,335.73 1 1
github.com/shivasurya/code-pathfinder/sast-engine/executor/container_executor.go:335.73,336.35 1 1
github.com/shivasurya/code-pathfinder/sast-engine/executor/container_executor.go:336.35,338.11 2 1
github.com/shivasurya/code-pathfinder/sast-engine/executor/container_executor.go:338.11,339.13 1 0
github.com/shivasurya/code-pathfinder/sast-engine/executor/container_executor.go:342.4,343.53 2 1
github.com/shivasurya/code-pathfinder/sast-engine/executor/container_executor.go:343.53,344.34 1 1
github.com/shivasurya/code-pathfinder/sast-engine/executor/container_executor.go:344.34,345.70 1 1
github.com/shivasurya/code-pathfinder/sast-engine/executor/container_executor.go:345.70,356.7 1 1
github.com/shivasurya/code-pathfinder/sast-engine/executor/container_executor.go:362.2,362.12 1 0
github.com/shivasurya/code-pathfinder/sast-engine/executor/container_executor.go:369.14,371.9 2 1
github.com/shivasurya/code-pathfinder/sast-engine/executor/container_executor.go:371.9,373.3 1 0
github.com/shivasurya/code-pathfinder/sast-engine/executor/container_executor.go:375.2,375.46 1 1
github.com/shivasurya/code-pathfinder/sast-engine/executor/container_executor.go:375.46,386.3 1 1
github.com/shivasurya/code-pathfinder/sast-engine/executor/container_executor.go:388.2,388.12 1 0
github.com/shivasurya/code-pathfinder/sast-engine/executor/container_executor.go:395.14,397.9 2 1
github.com/shivasurya/code-pathfinder/sast-engine/executor/container_executor.go:397.9,399.3 1 0
github.com/shivasurya/code-pathfinder/sast-engine/executor/container_executor.go:402.2,402.34 1 1
github.com/shivasurya/code-pathfinder/sast-engine/executor/container_executor.go:402.34,404.10 2 1
github.com/shivasurya/code-pathfinder/sast-engine/executor/container_executor.go:404.10,406.4 1 0
github.com/shivasurya/code-pathfinder/sast-engine/executor/container_executor.go:408.3,417.60 2 1
github.com/shivasurya/code-pathfinder/sast-engine/executor/container_executor.go:417.60,420.4 1 0
github.com/shivasurya/code-pathfinder/sast-engine/executor/container_executor.go:424.2,432.3 1 1
github.com/shivasurya/code-pathfinder/sast-engine/executor/container_executor.go:438.14,440.9 2 1
github.com/shivasurya/code-pathfinder/sast-engine/executor/container_executor.go:440.9,442.3 1 0
github.com/shivasurya/code-pathfinder/sast-engine/executor/container_executor.go:445.2,445.34 1 1
github.com/shivasurya/code-pathfinder/sast-engine/executor/container_executor.go:445.34,447.10 2 1
github.com/shivasurya/code-pathfinder/sast-engine/executor/container_executor.go:447.10,448.12 1 0
github.com/shivasurya/code-pathfinder/sast-engine/executor/container_executor.go:451.3,460.76 2 1
github.com/shivasurya/code-pathfinder/sast-engine/executor/container_executor.go:460.76,462.4 1 1
github.com/shivasurya/code-pathfinder/sast-engine/executor/container_executor.go:465.2,465.12 1 0
github.com/shivasurya/code-pathfinder/sast-engine/executor/container_executor.go:471.14,473.9 2 1
github.com/shivasurya/code-pathfinder/sast-engine/executor/container_executor.go:473.9,475.3 1 0
github.com/shivasurya/code-pathfinder/sast-engine/executor/container_executor.go:478.2,478.34 1 1
github.com/shivasurya/code-pathfinder/sast-engine/executor/container_executor.go:478.34,480.10 2 1
github.com/shivasurya/code-pathfinder/sast-engine/executor/container_executor.go:480.10,481.12 1 0
github.com/shivasurya/code-pathfinder/sast-engine/executor/container_executor.go:484.3,493.76 2 1
github.com/shivasurya/code-pathfinder/sast-engine/executor/container_executor.go:493.76,504.4 1 1
github.com/shivasurya/code-pathfinder/sast-engine/executor/container_executor.go:507.2,507.12 1 0
