mode: set
github.com/shivasurya/code-pathfinder/sast-engine/graph/python/parse_statement.go:8.83,11.46 2 1
github.com/shivasurya/code-pathfinder/sast-engine/graph/python/parse_statement.go:11.46,13.31 2 1
github.com/shivasurya/code-pathfinder/sast-engine/graph/python/parse_statement.go:13.31,15.9 2 1
github.com/shivasurya/code-pathfinder/sast-engine/graph/python/parse_statement.go:18.2,18.19 1 1
github.com/shivasurya/code-pathfinder/sast-engine/graph/python/parse_statement.go:21.81,25.2 2 1
github.com/shivasurya/code-pathfinder/sast-engine/graph/python/parse_statement.go:27.87,31.2 2 1
github.com/shivasurya/code-pathfinder/sast-engine/graph/python/parse_statement.go:33.83,36.46 2 1
github.com/shivasurya/code-pathfinder/sast-engine/graph/python/parse_statement.go:36.46,38.54 2 1
github.com/shivasurya/code-pathfinder/sast-engine/graph/python/parse_statement.go:38.54,39.30 1 1
github.com/shivasurya/code-pathfinder/sast-engine/graph/python/parse_statement.go:39.30,41.5 1 1
github.com/shivasurya/code-pathfinder/sast-engine/graph/python/parse_statement.go:41.10,41.40 1 1
github.com/shivasurya/code-pathfinder/sast-engine/graph/python/parse_statement.go:41.40,43.5 1 1
github.com/shivasurya/code-pathfinder/sast-engine/graph/python/parse_statement.go:46.2,46.19 1 1
github.com/shivasurya/code-pathfinder/sast-engine/graph/python/parse_statement.go:49.81,51.46 2 1
github.com/shivasurya/code-pathfinder/sast-engine/graph/python/parse_statement.go:51.46,56.3 4 1
github.com/shivasurya/code-pathfinder/sast-engine/graph/python/parse_statement.go:57.2,57.18 1 1
github.com/shivasurya/code-pathfinder/sast-engine/graph/python/parse_statement.go:60.81,63.46 2 1
github.com/shivasurya/code-pathfinder/sast-engine/graph/python/parse_statement.go:63.46,65.56 2 1
github.com/shivasurya/code-pathfinder/sast-engine/graph/python/parse_statement.go:65.56,67.9 2 1
github.com/shivasurya/code-pathfinder/sast-engine/graph/python/parse_statement.go:70.2,70.18 1 1
github.com/shivasurya/code-pathfinder/sast-engine/graph/callgraph/core/frameworks.go:366.45,368.2 1 1
github.com/shivasurya/code-pathfinder/sast-engine/graph/callgraph/core/frameworks.go:379.64,382.28 2 1
github.com/shivasurya/code-pathfinder/sast-engine/graph/callgraph/core/frameworks.go:382.28,384.45 2 1
github.com/shivasurya/code-pathfinder/sast-engine/graph/callgraph/core/frameworks.go:384.45,386.55 1 1
github.com/shivasurya/code-pathfinder/sast-engine/graph/callgraph/core/frameworks.go:386.55,388.5 1 1
github.com/shivasurya/code-pathfinder/sast-engine/graph/callgraph/core/frameworks.go:392.2,392.19 1 1
github.com/shivasurya/code-pathfinder/sast-engine/graph/callgraph/core/frameworks.go:397.46,399.13 2 1
github.com/shivasurya/code-pathfinder/sast-engine/graph/callgraph/core/frameworks.go:399.13,401.3 1 1
github.com/shivasurya/code-pathfinder/sast-engine/graph/callgraph/core/frameworks.go:402.2,402.11 1 1
github.com/shivasurya/code-pathfinder/sast-engine/graph/callgraph/core/frameworks.go:407.42,409.13 2 1
github.com/shivasurya/code-pathfinder/sast-engine/graph/callgraph/core/frameworks.go:409.13,411.3 1 1
github.com/shivasurya/code-pathfinder/sast-engine/graph/callgraph/core/frameworks.go:412.2,412.11 1 1
github.com/shivasurya/code-pathfinder/sast-engine/graph/callgraph/core/statement.go:82.37,84.2 1 1
github.com/shivasurya/code-pathfinder/sast-engine/graph/callgraph/core/statement.go:87.40,89.2 1 1
github.com/shivasurya/code-pathfinder/sast-engine/graph/callgraph/core/statement.go:92.35,94.2 1 1
github.com/shivasurya/code-pathfinder/sast-engine/graph/callgraph/core/statement.go:97.41,99.2 1 1
github.com/shivasurya/code-pathfinder/sast-engine/graph/callgraph/core/statement.go:102.42,103.16 1 1
github.com/shivasurya/code-pathfinder/sast-engine/graph/callgraph/core/statement.go:104.98,105.14 1 1
github.com/shivasurya/code-pathfinder/sast-engine/graph/callgraph/core/statement.go:106.10,107.15 1 1
github.com/shivasurya/code-pathfinder/sast-engine/graph/callgraph/core/statement.go:112.48,114.2 1 1
github.com/shivasurya/code-pathfinder/sast-engine/graph/callgraph/core/statement.go:118.50,121.44 2 1
github.com/shivasurya/code-pathfinder/sast-engine/graph/callgraph/core/statement.go:121.44,123.3 1 1
github.com/shivasurya/code-pathfinder/sast-engine/graph/callgraph/core/statement.go:125.2,125.42 1 1
github.com/shivasurya/code-pathfinder/sast-engine/graph/callgraph/core/statement.go:125.42,127.3 1 1
github.com/shivasurya/code-pathfinder/sast-engine/graph/callgraph/core/statement.go:129.2,129.15 1 1
github.com/shivasurya/code-pathfinder/sast-engine/graph/callgraph/core/statement.go:144.36,149.2 1 1
github.com/shivasurya/code-pathfinder/sast-engine/graph/callgraph/core/statement.go:152.67,153.19 1 1
github.com/shivasurya/code-pathfinder/sast-engine/graph/callgraph/core/statement.go:153.19,155.3 1 1
github.com/shivasurya/code-pathfinder/sast-engine/graph/callgraph/core/statement.go:156.2,156.57 1 1
github.com/shivasurya/code-pathfinder/sast-engine/graph/callgraph/core/statement.go:160.67,161.19 1 1
github.com/shivasurya/code-pathfinder/sast-engine/graph/callgraph/core/statement.go:161.19,163.3 1 1
github.com/shivasurya/code-pathfinder/sast-engine/graph/callgraph/core/statement.go:164.2,164.57 1 1
github.com/shivasurya/code-pathfinder/sast-engine/graph/callgraph/core/statement.go:169.64,170.41 1 1
github.com/shivasurya/code-pathfinder/sast-engine/graph/callgraph/core/statement.go:170.41,172.3 1 1
github.com/shivasurya/code-pathfinder/sast-engine/graph/callgraph/core/statement.go:173.2,173.23 1 1
github.com/shivasurya/code-pathfinder/sast-engine/graph/callgraph/core/statement.go:178.64,179.41 1 1
github.com/shivasurya/code-pathfinder/sast-engine/graph/callgraph/core/statement.go:179.41,181.3 1 1
github.com/shivasurya/code-pathfinder/sast-engine/graph/callgraph/core/statement.go:182.2,182.23 1 1
github.com/shivasurya/code-pathfinder/sast-engine/graph/callgraph/core/statement.go:186.58,188.2 1 1
github.com/shivasurya/code-pathfinder/sast-engine/graph/callgraph/core/statement.go:191.55,193.2 1 1
github.com/shivasurya/code-pathfinder/sast-engine/graph/callgraph/core/statement.go:196.51,199.34 2 1
github.com/shivasurya/code-pathfinder/sast-engine/graph/callgraph/core/statement.go:199.34,201.3 1 1
github.com/shivasurya/code-pathfinder/sast-engine/graph/callgraph/core/statement.go:203.2,203.34 1 1
github.com/shivasurya/code-pathfinder/sast-engine/graph/callgraph/core/statement.go:203.34,205.3 1 1
github.com/shivasurya/code-pathfinder/sast-engine/graph/callgraph/core/statement.go:207.2,208.30 2 1
github.com/shivasurya/code-pathfinder/sast-engine/graph/callgraph/core/statement.go:208.30,210.3 1 1
github.com/shivasurya/code-pathfinder/sast-engine/graph/callgraph/core/statement.go:212.2,212.15 1 1
github.com/shivasurya/code-pathfinder/sast-engine/graph/callgraph/core/statement.go:252.62,256.34 2 1
github.com/shivasurya/code-pathfinder/sast-engine/graph/callgraph/core/statement.go:256.34,258.21 1 1
github.com/shivasurya/code-pathfinder/sast-engine/graph/callgraph/core/statement.go:258.21,260.4 1 1
github.com/shivasurya/code-pathfinder/sast-engine/graph/callgraph/core/statement.go:263.3,263.37 1 1
github.com/shivasurya/code-pathfinder/sast-engine/graph/callgraph/core/statement.go:263.37,265.4 1 1
github.com/shivasurya/code-pathfinder/sast-engine/graph/callgraph/core/statement.go:268.2,268.14 1 1
github.com/shivasurya/code-pathfinder/sast-engine/graph/callgraph/core/statement.go:290.54,295.34 3 1
github.com/shivasurya/code-pathfinder/sast-engine/graph/callgraph/core/statement.go:295.34,297.3 1 1
github.com/shivasurya/code-pathfinder/sast-engine/graph/callgraph/core/statement.go:298.2,298.34 1 1
github.com/shivasurya/code-pathfinder/sast-engine/graph/callgraph/core/statement.go:298.34,300.3 1 1
github.com/shivasurya/code-pathfinder/sast-engine/graph/callgraph/core/statement.go:301.2,304.34 2 1
github.com/shivasurya/code-pathfinder/sast-engine/graph/callgraph/core/statement.go:304.34,306.43 2 1
github.com/shivasurya/code-pathfinder/sast-engine/graph/callgraph/core/statement.go:306.43,308.4 1 1
github.com/shivasurya/code-pathfinder/sast-engine/graph/callgraph/core/statement.go:312.2,312.34 1 1
github.com/shivasurya/code-pathfinder/sast-engine/graph/callgraph/core/statement.go:312.34,314.43 2 1
github.com/shivasurya/code-pathfinder/sast-engine/graph/callgraph/core/statement.go:314.43,316.4 1 1
github.com/shivasurya/code-pathfinder/sast-engine/graph/callgraph/core/statement.go:320.2,320.34 1 1
github.com/shivasurya/code-pathfinder/sast-engine/graph/callgraph/core/statement.go:320.34,321.36 1 1
github.com/shivasurya/code-pathfinder/sast-engine/graph/callgraph/core/statement.go:321.36,323.4 1 1
github.com/shivasurya/code-pathfinder/sast-engine/graph/callgraph/core/statement.go:327.2,327.34 1 1
github.com/shivasurya/code-pathfinder/sast-engine/graph/callgraph/core/statement.go:327.34,328.36 1 1
github.com/shivasurya/code-pathfinder/sast-engine/graph/callgraph/core/statement.go:328.36,330.4 1 1
github.com/shivasurya/code-pathfinder/sast-engine/graph/callgraph/core/statement.go:333.2,333.14 1 1
github.com/shivasurya/code-pathfinder/sast-engine/graph/callgraph/core/stdlib_types.go:112.42,116.2 1 1
github.com/shivasurya/code-pathfinder/sast-engine/graph/callgraph/core/stdlib_types.go:119.69,121.2 1 1
github.com/shivasurya/code-pathfinder/sast-engine/graph/callgraph/core/stdlib_types.go:124.60,127.2 2 1
github.com/shivasurya/code-pathfinder/sast-engine/graph/callgraph/core/stdlib_types.go:130.87,132.19 2 1
github.com/shivasurya/code-pathfinder/sast-engine/graph/callgraph/core/stdlib_types.go:132.19,134.3 1 1
github.com/shivasurya/code-pathfinder/sast-engine/graph/callgraph/core/stdlib_types.go:135.2,135.39 1 1
github.com/shivasurya/code-pathfinder/sast-engine/graph/callgraph/core/stdlib_types.go:139.78,141.19 2 1
github.com/shivasurya/code-pathfinder/sast-engine/graph/callgraph/core/stdlib_types.go:141.19,143.3 1 1
github.com/shivasurya/code-pathfinder/sast-engine/graph/callgraph/core/stdlib_types.go:144.2,144.34 1 1
github.com/shivasurya/code-pathfinder/sast-engine/graph/callgraph/core/stdlib_types.go:148.87,150.19 2 1
github.com/shivasurya/code-pathfinder/sast-engine/graph/callgraph/core/stdlib_types.go:150.19,152.3 1 1
github.com/shivasurya/code-pathfinder/sast-engine/graph/callgraph/core/stdlib_types.go:153.2,153.39 1 1
github.com/shivasurya/code-pathfinder/sast-engine/graph/callgraph/core/stdlib_types.go:157.90,159.19 2 1
github.com/shivasurya/code-pathfinder/sast-engine/graph/callgraph/core/stdlib_types.go:159.19,161.3 1 1
github.com/shivasurya/code-pathfinder/sast-engine/graph/callgraph/core/stdlib_types.go:162.2,162.41 1 1
github.com/shivasurya/code-pathfinder/sast-engine/graph/callgraph/core/stdlib_types.go:166.44,168.2 1 1
github.com/shivasurya/code-pathfinder/sast-engine/graph/callgraph/core/taint_summary.go:45.39,47.2 1 1
github.com/shivasurya/code-pathfinder/sast-engine/graph/callgraph/core/taint_summary.go:50.46,52.2 1 1
github.com/shivasurya/code-pathfinder/sast-engine/graph/callgraph/core/taint_summary.go:55.48,57.2 1 1
github.com/shivasurya/code-pathfinder/sast-engine/graph/callgraph/core/taint_summary.go:60.45,62.2 1 1
github.com/shivasurya/code-pathfinder/sast-engine/graph/callgraph/core/taint_summary.go:98.56,105.2 1 1
github.com/shivasurya/code-pathfinder/sast-engine/graph/callgraph/core/taint_summary.go:108.77,109.39 1 1
github.com/shivasurya/code-pathfinder/sast-engine/graph/callgraph/core/taint_summary.go:109.39,111.3 1 1
github.com/shivasurya/code-pathfinder/sast-engine/graph/callgraph/core/taint_summary.go:112.2,112.70 1 1
github.com/shivasurya/code-pathfinder/sast-engine/graph/callgraph/core/taint_summary.go:117.67,119.2 1 1
github.com/shivasurya/code-pathfinder/sast-engine/graph/callgraph/core/taint_summary.go:122.56,124.34 2 1
github.com/shivasurya/code-pathfinder/sast-engine/graph/callgraph/core/taint_summary.go:124.34,125.23 1 1
github.com/shivasurya/code-pathfinder/sast-engine/graph/callgraph/core/taint_summary.go:125.23,127.4 1 1
github.com/shivasurya/code-pathfinder/sast-engine/graph/callgraph/core/taint_summary.go:129.2,129.14 1 1
github.com/shivasurya/code-pathfinder/sast-engine/graph/callgraph/core/taint_summary.go:133.60,134.22 1 1
github.com/shivasurya/code-pathfinder/sast-engine/graph/callgraph/core/taint_summary.go:134.22,136.3 1 1
github.com/shivasurya/code-pathfinder/sast-engine/graph/callgraph/core/taint_summary.go:137.2,137.50 1 1
github.com/shivasurya/code-pathfinder/sast-engine/graph/callgraph/core/taint_summary.go:141.46,143.2 1 1
github.com/shivasurya/code-pathfinder/sast-engine/graph/callgraph/core/taint_summary.go:146.68,148.42 2 1
github.com/shivasurya/code-pathfinder/sast-engine/graph/callgraph/core/taint_summary.go:148.42,149.35 1 1
github.com/shivasurya/code-pathfinder/sast-engine/graph/callgraph/core/taint_summary.go:149.35,151.4 1 1
github.com/shivasurya/code-pathfinder/sast-engine/graph/callgraph/core/taint_summary.go:153.2,153.15 1 1
github.com/shivasurya/code-pathfinder/sast-engine/graph/callgraph/core/taint_summary.go:157.70,159.42 2 1
github.com/shivasurya/code-pathfinder/sast-engine/graph/callgraph/core/taint_summary.go:159.42,160.37 1 1
github.com/shivasurya/code-pathfinder/sast-engine/graph/callgraph/core/taint_summary.go:160.37,162.4 1 1
github.com/shivasurya/code-pathfinder/sast-engine/graph/callgraph/core/taint_summary.go:164.2,164.15 1 1
github.com/shivasurya/code-pathfinder/sast-engine/graph/callgraph/core/taint_summary.go:168.67,170.42 2 1
github.com/shivasurya/code-pathfinder/sast-engine/graph/callgraph/core/taint_summary.go:170.42,171.34 1 1
github.com/shivasurya/code-pathfinder/sast-engine/graph/callgraph/core/taint_summary.go:171.34,173.4 1 1
github.com/shivasurya/code-pathfinder/sast-engine/graph/callgraph/core/taint_summary.go:175.2,175.15 1 1
github.com/shivasurya/code-pathfinder/sast-engine/graph/callgraph/core/taint_summary.go:179.60,180.21 1 1
github.com/shivasurya/code-pathfinder/sast-engine/graph/callgraph/core/taint_summary.go:180.21,182.3 1 1
github.com/shivasurya/code-pathfinder/sast-engine/graph/callgraph/core/taint_summary.go:185.2,185.37 1 1
github.com/shivasurya/code-pathfinder/sast-engine/graph/callgraph/core/taint_summary.go:185.37,186.21 1 1
github.com/shivasurya/code-pathfinder/sast-engine/graph/callgraph/core/taint_summary.go:186.21,188.4 1 1
github.com/shivasurya/code-pathfinder/sast-engine/graph/callgraph/core/taint_summary.go:191.2,191.56 1 1
github.com/shivasurya/code-pathfinder/sast-engine/graph/callgraph/core/taint_summary.go:195.63,196.37 1 1
github.com/shivasurya/code-pathfinder/sast-engine/graph/callgraph/core/taint_summary.go:196.37,197.21 1 1
github.com/shivasurya/code-pathfinder/sast-engine/graph/callgraph/core/taint_summary.go:197.21,199.4 1 1
github.com/shivasurya/code-pathfinder/sast-engine/graph/callgraph/core/taint_summary.go:201.2,201.14 1 1
github.com/shivasurya/code-pathfinder/sast-engine/graph/callgraph/core/taint_summary.go:205.65,208.2 2 1
github.com/shivasurya/code-pathfinder/sast-engine/graph/callgraph/core/taint_summary.go:211.51,214.2 2 1
github.com/shivasurya/code-pathfinder/sast-engine/graph/callgraph/core/taint_summary.go:217.43,219.2 1 1
github.com/shivasurya/code-pathfinder/sast-engine/graph/callgraph/core/taint_summary.go:222.50,224.44 2 1
github.com/shivasurya/code-pathfinder/sast-engine/graph/callgraph/core/taint_summary.go:224.44,225.35 1 1
github.com/shivasurya/code-pathfinder/sast-engine/graph/callgraph/core/taint_summary.go:225.35,226.24 1 1
github.com/shivasurya/code-pathfinder/sast-engine/graph/callgraph/core/taint_summary.go:226.24,228.10 2 1
github.com/shivasurya/code-pathfinder/sast-engine/graph/callgraph/core/taint_summary.go:232.2,232.14 1 1
github.com/shivasurya/code-pathfinder/sast-engine/graph/callgraph/core/taint_summary.go:236.49,238.2 1 1
github.com/shivasurya/code-pathfinder/sast-engine/graph/callgraph/core/types.go:88.32,96.2 1 1
github.com/shivasurya/code-pathfinder/sast-engine/graph/callgraph/core/types.go:104.53,106.41 1 1
github.com/shivasurya/code-pathfinder/sast-engine/graph/callgraph/core/types.go:106.41,108.3 1 1
github.com/shivasurya/code-pathfinder/sast-engine/graph/callgraph/core/types.go:111.2,111.48 1 1
github.com/shivasurya/code-pathfinder/sast-engine/graph/callgraph/core/types.go:111.48,113.3 1 1
github.com/shivasurya/code-pathfinder/sast-engine/graph/callgraph/core/types.go:122.68,124.2 1 1
github.com/shivasurya/code-pathfinder/sast-engine/graph/callgraph/core/types.go:134.57,135.48 1 1
github.com/shivasurya/code-pathfinder/sast-engine/graph/callgraph/core/types.go:135.48,137.3 1 1
github.com/shivasurya/code-pathfinder/sast-engine/graph/callgraph/core/types.go:138.2,138.19 1 1
github.com/shivasurya/code-pathfinder/sast-engine/graph/callgraph/core/types.go:149.57,150.41 1 1
github.com/shivasurya/code-pathfinder/sast-engine/graph/callgraph/core/types.go:150.41,152.3 1 1
github.com/shivasurya/code-pathfinder/sast-engine/graph/callgraph/core/types.go:153.2,153.19 1 1
github.com/shivasurya/code-pathfinder/sast-engine/graph/callgraph/core/types.go:187.42,194.2 1 1
github.com/shivasurya/code-pathfinder/sast-engine/graph/callgraph/core/types.go:202.66,209.57 4 1
github.com/shivasurya/code-pathfinder/sast-engine/graph/callgraph/core/types.go:209.57,211.3 1 1
github.com/shivasurya/code-pathfinder/sast-engine/graph/callgraph/core/types.go:221.75,224.2 2 1
github.com/shivasurya/code-pathfinder/sast-engine/graph/callgraph/core/types.go:239.47,244.2 1 1
github.com/shivasurya/code-pathfinder/sast-engine/graph/callgraph/core/types.go:251.51,253.2 1 1
github.com/shivasurya/code-pathfinder/sast-engine/graph/callgraph/core/types.go:262.59,265.2 2 1
github.com/shivasurya/code-pathfinder/sast-engine/graph/callgraph/core/types.go:268.49,269.26 1 1
github.com/shivasurya/code-pathfinder/sast-engine/graph/callgraph/core/types.go:269.26,270.16 1 1
github.com/shivasurya/code-pathfinder/sast-engine/graph/callgraph/core/types.go:270.16,272.4 1 1
github.com/shivasurya/code-pathfinder/sast-engine/graph/callgraph/core/types.go:274.2,274.14 1 1
github.com/shivasurya/code-pathfinder/sast-engine/graph/callgraph/core/types.go:278.55,280.2 1 1
github.com/shivasurya/code-pathfinder/sast-engine/graph/callgraph/core/types.go:284.49,286.44 1 1
github.com/shivasurya/code-pathfinder/sast-engine/graph/callgraph/core/types.go:286.44,287.27 1 1
github.com/shivasurya/code-pathfinder/sast-engine/graph/callgraph/core/types.go:287.27,289.4 1 1
github.com/shivasurya/code-pathfinder/sast-engine/graph/callgraph/core/types.go:291.2,291.19 1 1
github.com/shivasurya/code-pathfinder/sast-engine/graph/callgraph/analysis/taint/analyzer.go:22.34,26.2 1 1
github.com/shivasurya/code-pathfinder/sast-engine/graph/callgraph/analysis/taint/analyzer.go:29.97,35.2 1 1
github.com/shivasurya/code-pathfinder/sast-engine/graph/callgraph/analysis/taint/analyzer.go:38.52,40.2 1 1
github.com/shivasurya/code-pathfinder/sast-engine/graph/callgraph/analysis/taint/analyzer.go:44.71,46.2 1 1
github.com/shivasurya/code-pathfinder/sast-engine/graph/callgraph/analysis/taint/analyzer.go:49.54,51.2 1 1
github.com/shivasurya/code-pathfinder/sast-engine/graph/callgraph/analysis/taint/analyzer.go:62.22,67.34 3 1
github.com/shivasurya/code-pathfinder/sast-engine/graph/callgraph/analysis/taint/analyzer.go:67.34,69.30 1 1
github.com/shivasurya/code-pathfinder/sast-engine/graph/callgraph/analysis/taint/analyzer.go:69.30,71.22 1 1
github.com/shivasurya/code-pathfinder/sast-engine/graph/callgraph/analysis/taint/analyzer.go:71.22,80.5 2 1
github.com/shivasurya/code-pathfinder/sast-engine/graph/callgraph/analysis/taint/analyzer.go:81.4,81.12 1 1
github.com/shivasurya/code-pathfinder/sast-engine/graph/callgraph/analysis/taint/analyzer.go:85.3,85.36 1 1
github.com/shivasurya/code-pathfinder/sast-engine/graph/callgraph/analysis/taint/analyzer.go:85.36,87.12 2 1
github.com/shivasurya/code-pathfinder/sast-engine/graph/callgraph/analysis/taint/analyzer.go:91.3,91.48 1 1
github.com/shivasurya/code-pathfinder/sast-engine/graph/callgraph/analysis/taint/analyzer.go:91.48,93.4 1 1
github.com/shivasurya/code-pathfinder/sast-engine/graph/callgraph/analysis/taint/analyzer.go:96.3,96.67 1 1
github.com/shivasurya/code-pathfinder/sast-engine/graph/callgraph/analysis/taint/analyzer.go:96.67,98.4 1 1
github.com/shivasurya/code-pathfinder/sast-engine/graph/callgraph/analysis/taint/analyzer.go:101.3,101.26 1 1
github.com/shivasurya/code-pathfinder/sast-engine/graph/callgraph/analysis/taint/analyzer.go:101.26,103.38 1 1
github.com/shivasurya/code-pathfinder/sast-engine/graph/callgraph/analysis/taint/analyzer.go:103.38,104.72 1 1
github.com/shivasurya/code-pathfinder/sast-engine/graph/callgraph/analysis/taint/analyzer.go:104.72,114.6 2 1
github.com/shivasurya/code-pathfinder/sast-engine/graph/callgraph/analysis/taint/analyzer.go:119.2,119.16 1 1
github.com/shivasurya/code-pathfinder/sast-engine/graph/callgraph/analysis/taint/analyzer.go:123.100,124.20 1 1
github.com/shivasurya/code-pathfinder/sast-engine/graph/callgraph/analysis/taint/analyzer.go:124.20,126.3 1 0
github.com/shivasurya/code-pathfinder/sast-engine/graph/callgraph/analysis/taint/analyzer.go:129.2,129.36 1 1
github.com/shivasurya/code-pathfinder/sast-engine/graph/callgraph/analysis/taint/analyzer.go:129.36,130.70 1 1
github.com/shivasurya/code-pathfinder/sast-engine/graph/callgraph/analysis/taint/analyzer.go:130.70,141.4 3 1
github.com/shivasurya/code-pathfinder/sast-engine/graph/callgraph/analysis/taint/analyzer.go:146.94,147.20 1 1
github.com/shivasurya/code-pathfinder/sast-engine/graph/callgraph/analysis/taint/analyzer.go:147.20,149.3 1 1
github.com/shivasurya/code-pathfinder/sast-engine/graph/callgraph/analysis/taint/analyzer.go:152.2,152.38 1 1
github.com/shivasurya/code-pathfinder/sast-engine/graph/callgraph/analysis/taint/analyzer.go:152.38,154.3 1 1
github.com/shivasurya/code-pathfinder/sast-engine/graph/callgraph/analysis/taint/analyzer.go:157.2,158.36 2 1
github.com/shivasurya/code-pathfinder/sast-engine/graph/callgraph/analysis/taint/analyzer.go:158.36,159.60 1 1
github.com/shivasurya/code-pathfinder/sast-engine/graph/callgraph/analysis/taint/analyzer.go:159.60,161.9 2 1
github.com/shivasurya/code-pathfinder/sast-engine/graph/callgraph/analysis/taint/analyzer.go:165.2,165.23 1 1
github.com/shivasurya/code-pathfinder/sast-engine/graph/callgraph/analysis/taint/analyzer.go:165.23,167.3 1 0
github.com/shivasurya/code-pathfinder/sast-engine/graph/callgraph/analysis/taint/analyzer.go:170.2,181.4 4 1
github.com/shivasurya/code-pathfinder/sast-engine/graph/callgraph/analysis/taint/analyzer.go:185.68,186.20 1 1
github.com/shivasurya/code-pathfinder/sast-engine/graph/callgraph/analysis/taint/analyzer.go:186.20,188.3 1 1
github.com/shivasurya/code-pathfinder/sast-engine/graph/callgraph/analysis/taint/analyzer.go:192.60,193.27 1 1
github.com/shivasurya/code-pathfinder/sast-engine/graph/callgraph/analysis/taint/analyzer.go:193.27,195.3 1 0
github.com/shivasurya/code-pathfinder/sast-engine/graph/callgraph/analysis/taint/analyzer.go:197.2,197.33 1 1
github.com/shivasurya/code-pathfinder/sast-engine/graph/callgraph/analysis/taint/analyzer.go:197.33,198.51 1 1
github.com/shivasurya/code-pathfinder/sast-engine/graph/callgraph/analysis/taint/analyzer.go:198.51,200.4 1 1
github.com/shivasurya/code-pathfinder/sast-engine/graph/callgraph/analysis/taint/analyzer.go:204.2,204.40 1 1
github.com/shivasurya/code-pathfinder/sast-engine/graph/callgraph/analysis/taint/analyzer.go:208.56,209.27 1 1
github.com/shivasurya/code-pathfinder/sast-engine/graph/callgraph/analysis/taint/analyzer.go:209.27,211.3 1 0
github.com/shivasurya/code-pathfinder/sast-engine/graph/callgraph/analysis/taint/analyzer.go:213.2,213.29 1 1
github.com/shivasurya/code-pathfinder/sast-engine/graph/callgraph/analysis/taint/analyzer.go:213.29,214.49 1 1
github.com/shivasurya/code-pathfinder/sast-engine/graph/callgraph/analysis/taint/analyzer.go:214.49,216.4 1 1
github.com/shivasurya/code-pathfinder/sast-engine/graph/callgraph/analysis/taint/analyzer.go:219.2,219.14 1 1
github.com/shivasurya/code-pathfinder/sast-engine/graph/callgraph/analysis/taint/analyzer.go:223.66,224.27 1 1
github.com/shivasurya/code-pathfinder/sast-engine/graph/callgraph/analysis/taint/analyzer.go:224.27,226.3 1 0
github.com/shivasurya/code-pathfinder/sast-engine/graph/callgraph/analysis/taint/analyzer.go:228.2,228.39 1 1
github.com/shivasurya/code-pathfinder/sast-engine/graph/callgraph/analysis/taint/analyzer.go:228.39,229.54 1 1
github.com/shivasurya/code-pathfinder/sast-engine/graph/callgraph/analysis/taint/analyzer.go:229.54,231.4 1 1
github.com/shivasurya/code-pathfinder/sast-engine/graph/callgraph/analysis/taint/analyzer.go:235.2,235.43 1 1
github.com/shivasurya/code-pathfinder/sast-engine/graph/callgraph/analysis/taint/analyzer.go:259.45,261.46 2 1
github.com/shivasurya/code-pathfinder/sast-engine/graph/callgraph/analysis/taint/analyzer.go:261.46,262.29 1 1
github.com/shivasurya/code-pathfinder/sast-engine/graph/callgraph/analysis/taint/analyzer.go:262.29,263.21 1 1
github.com/shivasurya/code-pathfinder/sast-engine/graph/callgraph/analysis/taint/analyzer.go:263.21,265.5 1 1
github.com/shivasurya/code-pathfinder/sast-engine/graph/callgraph/analysis/taint/analyzer.go:268.2,268.14 1 1
github.com/shivasurya/code-pathfinder/sast-engine/graph/callgraph/analysis/taint/analyzer.go:272.48,274.52 2 1
github.com/shivasurya/code-pathfinder/sast-engine/graph/callgraph/analysis/taint/analyzer.go:274.52,275.32 1 1
github.com/shivasurya/code-pathfinder/sast-engine/graph/callgraph/analysis/taint/analyzer.go:275.32,276.21 1 1
github.com/shivasurya/code-pathfinder/sast-engine/graph/callgraph/analysis/taint/analyzer.go:276.21,278.5 1 1
github.com/shivasurya/code-pathfinder/sast-engine/graph/callgraph/analysis/taint/analyzer.go:281.2,281.14 1 1
github.com/shivasurya/code-pathfinder/sast-engine/graph/callgraph/analysis/taint/analyzer.go:285.46,289.51 2 1
github.com/shivasurya/code-pathfinder/sast-engine/graph/callgraph/analysis/taint/analyzer.go:289.51,290.27 1 1
github.com/shivasurya/code-pathfinder/sast-engine/graph/callgraph/analysis/taint/analyzer.go:290.27,291.21 1 1
github.com/shivasurya/code-pathfinder/sast-engine/graph/callgraph/analysis/taint/analyzer.go:291.21,293.5 1 1
github.com/shivasurya/code-pathfinder/sast-engine/graph/callgraph/analysis/taint/analyzer.go:298.2,298.18 1 1
github.com/shivasurya/code-pathfinder/sast-engine/graph/callgraph/analysis/taint/analyzer.go:298.18,299.56 1 1
github.com/shivasurya/code-pathfinder/sast-engine/graph/callgraph/analysis/taint/analyzer.go:299.56,300.28 1 1
github.com/shivasurya/code-pathfinder/sast-engine/graph/callgraph/analysis/taint/analyzer.go:300.28,301.24 1 1
github.com/shivasurya/code-pathfinder/sast-engine/graph/callgraph/analysis/taint/analyzer.go:301.24,303.6 1 1
github.com/shivasurya/code-pathfinder/sast-engine/graph/callgraph/analysis/taint/analyzer.go:308.2,308.14 1 1
github.com/shivasurya/code-pathfinder/sast-engine/graph/callgraph/analysis/taint/analyzer.go:312.71,314.19 2 1
github.com/shivasurya/code-pathfinder/sast-engine/graph/callgraph/analysis/taint/analyzer.go:314.19,316.3 1 1
github.com/shivasurya/code-pathfinder/sast-engine/graph/callgraph/analysis/taint/analyzer.go:317.2,317.53 1 1
github.com/shivasurya/code-pathfinder/sast-engine/graph/callgraph/analysis/taint/analyzer.go:323.59,326.53 2 1
github.com/shivasurya/code-pathfinder/sast-engine/graph/callgraph/analysis/taint/analyzer.go:326.53,328.3 1 0
github.com/shivasurya/code-pathfinder/sast-engine/graph/callgraph/analysis/taint/analyzer.go:331.2,331.28 1 1
github.com/shivasurya/code-pathfinder/sast-engine/graph/callgraph/analysis/taint/analyzer.go:331.28,333.3 1 1
github.com/shivasurya/code-pathfinder/sast-engine/graph/callgraph/analysis/taint/analyzer.go:336.2,336.49 1 1
github.com/shivasurya/code-pathfinder/sast-engine/graph/callgraph/analysis/taint/analyzer.go:336.49,338.3 1 0
github.com/shivasurya/code-pathfinder/sast-engine/graph/callgraph/analysis/taint/analyzer.go:341.2,341.49 1 1
github.com/shivasurya/code-pathfinder/sast-engine/graph/callgraph/analysis/taint/analyzer.go:341.49,343.3 1 0
github.com/shivasurya/code-pathfinder/sast-engine/graph/callgraph/analysis/taint/analyzer.go:346.2,347.50 2 1
github.com/shivasurya/code-pathfinder/sast-engine/graph/callgraph/analysis/taint/analyzer.go:347.50,349.31 2 1
github.com/shivasurya/code-pathfinder/sast-engine/graph/callgraph/analysis/taint/analyzer.go:349.31,351.4 1 0
github.com/shivasurya/code-pathfinder/sast-engine/graph/callgraph/analysis/taint/analyzer.go:354.2,354.14 1 1
github.com/shivasurya/code-pathfinder/sast-engine/graph/callgraph/cfg/cfg.go:136.64,165.2 8 1
github.com/shivasurya/code-pathfinder/sast-engine/graph/callgraph/cfg/cfg.go:168.58,170.2 1 1
github.com/shivasurya/code-pathfinder/sast-engine/graph/callgraph/cfg/cfg.go:174.69,178.30 3 1
github.com/shivasurya/code-pathfinder/sast-engine/graph/callgraph/cfg/cfg.go:178.30,180.3 1 1
github.com/shivasurya/code-pathfinder/sast-engine/graph/callgraph/cfg/cfg.go:183.2,183.54 1 1
github.com/shivasurya/code-pathfinder/sast-engine/graph/callgraph/cfg/cfg.go:183.54,185.3 1 1
github.com/shivasurya/code-pathfinder/sast-engine/graph/callgraph/cfg/cfg.go:188.2,188.56 1 1
github.com/shivasurya/code-pathfinder/sast-engine/graph/callgraph/cfg/cfg.go:188.56,190.3 1 1
github.com/shivasurya/code-pathfinder/sast-engine/graph/callgraph/cfg/cfg.go:194.75,197.2 2 1
github.com/shivasurya/code-pathfinder/sast-engine/graph/callgraph/cfg/cfg.go:200.74,202.13 2 1
github.com/shivasurya/code-pathfinder/sast-engine/graph/callgraph/cfg/cfg.go:202.13,204.3 1 0
github.com/shivasurya/code-pathfinder/sast-engine/graph/callgraph/cfg/cfg.go:206.2,207.42 2 1
github.com/shivasurya/code-pathfinder/sast-engine/graph/callgraph/cfg/cfg.go:207.42,208.46 1 1
github.com/shivasurya/code-pathfinder/sast-engine/graph/callgraph/cfg/cfg.go:208.46,210.4 1 1
github.com/shivasurya/code-pathfinder/sast-engine/graph/callgraph/cfg/cfg.go:212.2,212.19 1 1
github.com/shivasurya/code-pathfinder/sast-engine/graph/callgraph/cfg/cfg.go:216.76,218.13 2 1
github.com/shivasurya/code-pathfinder/sast-engine/graph/callgraph/cfg/cfg.go:218.13,220.3 1 0
github.com/shivasurya/code-pathfinder/sast-engine/graph/callgraph/cfg/cfg.go:222.2,223.44 2 1
github.com/shivasurya/code-pathfinder/sast-engine/graph/callgraph/cfg/cfg.go:223.44,224.46 1 1
github.com/shivasurya/code-pathfinder/sast-engine/graph/callgraph/cfg/cfg.go:224.46,226.4 1 1
github.com/shivasurya/code-pathfinder/sast-engine/graph/callgraph/cfg/cfg.go:228.2,228.21 1 1
github.com/shivasurya/code-pathfinder/sast-engine/graph/callgraph/cfg/cfg.go:240.50,243.34 2 1
github.com/shivasurya/code-pathfinder/sast-engine/graph/callgraph/cfg/cfg.go:243.34,245.3 1 1
github.com/shivasurya/code-pathfinder/sast-engine/graph/callgraph/cfg/cfg.go:248.2,252.41 3 1
github.com/shivasurya/code-pathfinder/sast-engine/graph/callgraph/cfg/cfg.go:252.41,253.34 1 1
github.com/shivasurya/code-pathfinder/sast-engine/graph/callgraph/cfg/cfg.go:253.34,255.4 1 1
github.com/shivasurya/code-pathfinder/sast-engine/graph/callgraph/cfg/cfg.go:259.2,260.14 2 1
github.com/shivasurya/code-pathfinder/sast-engine/graph/callgraph/cfg/cfg.go:260.14,263.42 2 1
github.com/shivasurya/code-pathfinder/sast-engine/graph/callgraph/cfg/cfg.go:263.42,264.35 1 1
github.com/shivasurya/code-pathfinder/sast-engine/graph/callgraph/cfg/cfg.go:264.35,265.13 1 1
github.com/shivasurya/code-pathfinder/sast-engine/graph/callgraph/cfg/cfg.go:269.4,270.35 2 1
github.com/shivasurya/code-pathfinder/sast-engine/graph/callgraph/cfg/cfg.go:270.35,276.50 3 1
github.com/shivasurya/code-pathfinder/sast-engine/graph/callgraph/cfg/cfg.go:276.50,279.6 2 1
github.com/shivasurya/code-pathfinder/sast-engine/graph/callgraph/cfg/cfg.go:283.4,283.47 1 1
github.com/shivasurya/code-pathfinder/sast-engine/graph/callgraph/cfg/cfg.go:283.47,285.5 1 1
github.com/shivasurya/code-pathfinder/sast-engine/graph/callgraph/cfg/cfg.go:288.4,288.53 1 1
github.com/shivasurya/code-pathfinder/sast-engine/graph/callgraph/cfg/cfg.go:288.53,291.5 2 1
github.com/shivasurya/code-pathfinder/sast-engine/graph/callgraph/cfg/cfg.go:298.76,300.13 2 1
github.com/shivasurya/code-pathfinder/sast-engine/graph/callgraph/cfg/cfg.go:300.13,302.3 1 0
github.com/shivasurya/code-pathfinder/sast-engine/graph/callgraph/cfg/cfg.go:303.2,303.52 1 1
github.com/shivasurya/code-pathfinder/sast-engine/graph/callgraph/cfg/cfg.go:309.55,316.2 5 1
github.com/shivasurya/code-pathfinder/sast-engine/graph/callgraph/cfg/cfg.go:319.124,321.22 1 1
github.com/shivasurya/code-pathfinder/sast-engine/graph/callgraph/cfg/cfg.go:321.22,323.3 1 0
github.com/shivasurya/code-pathfinder/sast-engine/graph/callgraph/cfg/cfg.go:326.2,330.32 3 1
github.com/shivasurya/code-pathfinder/sast-engine/graph/callgraph/cfg/cfg.go:330.32,334.3 3 1
github.com/shivasurya/code-pathfinder/sast-engine/graph/callgraph/cfg/cfg.go:334.8,337.43 2 1
github.com/shivasurya/code-pathfinder/sast-engine/graph/callgraph/cfg/cfg.go:337.43,339.4 1 1
github.com/shivasurya/code-pathfinder/sast-engine/graph/callgraph/cfg/cfg.go:343.2,343.26 1 1
github.com/shivasurya/code-pathfinder/sast-engine/graph/callgraph/cfg/cfg.go:347.40,349.25 2 1
github.com/shivasurya/code-pathfinder/sast-engine/graph/callgraph/cfg/cfg.go:349.25,350.30 1 1
github.com/shivasurya/code-pathfinder/sast-engine/graph/callgraph/cfg/cfg.go:350.30,352.4 1 1
github.com/shivasurya/code-pathfinder/sast-engine/graph/callgraph/cfg/cfg.go:354.2,354.15 1 1
github.com/shivasurya/code-pathfinder/sast-engine/graph/callgraph/cfg/cfg.go:358.38,359.22 1 1
github.com/shivasurya/code-pathfinder/sast-engine/graph/callgraph/cfg/cfg.go:359.22,361.3 1 1
github.com/shivasurya/code-pathfinder/sast-engine/graph/callgraph/cfg/cfg.go:362.2,362.19 1 1
github.com/shivasurya/code-pathfinder/sast-engine/graph/callgraph/cfg/cfg.go:362.19,363.19 1 1
github.com/shivasurya/code-pathfinder/sast-engine/graph/callgraph/cfg/cfg.go:363.19,365.4 1 1
github.com/shivasurya/code-pathfinder/sast-engine/graph/callgraph/cfg/cfg.go:367.2,367.13 1 1
github.com/shivasurya/code-pathfinder/sast-engine/graph/callgraph/cfg/cfg.go:371.55,372.26 1 1
github.com/shivasurya/code-pathfinder/sast-engine/graph/callgraph/cfg/cfg.go:372.26,373.16 1 1
github.com/shivasurya/code-pathfinder/sast-engine/graph/callgraph/cfg/cfg.go:373.16,375.4 1 1
github.com/shivasurya/code-pathfinder/sast-engine/graph/callgraph/cfg/cfg.go:377.2,377.14 1 1
github.com/shivasurya/code-pathfinder/sast-engine/main.go:10.13,11.38 1 1
github.com/shivasurya/code-pathfinder/sast-engine/main.go:11.38,14.3 2 0
github.com/shivasurya/code-pathfinder/sast-engine/graph/callgraph/extraction/attributes.go:44.9,51.16 5 1
github.com/shivasurya/code-pathfinder/sast-engine/graph/callgraph/extraction/attributes.go:51.16,53.3 1 0
github.com/shivasurya/code-pathfinder/sast-engine/graph/callgraph/extraction/attributes.go:54.2,61.36 4 1
github.com/shivasurya/code-pathfinder/sast-engine/graph/callgraph/extraction/attributes.go:61.36,63.22 2 1
github.com/shivasurya/code-pathfinder/sast-engine/graph/callgraph/extraction/attributes.go:63.22,64.12 1 0
github.com/shivasurya/code-pathfinder/sast-engine/graph/callgraph/extraction/attributes.go:68.3,80.42 4 1
github.com/shivasurya/code-pathfinder/sast-engine/graph/callgraph/extraction/attributes.go:80.42,82.24 2 1
github.com/shivasurya/code-pathfinder/sast-engine/graph/callgraph/extraction/attributes.go:82.24,85.5 2 1
github.com/shivasurya/code-pathfinder/sast-engine/graph/callgraph/extraction/attributes.go:89.3,100.46 3 1
github.com/shivasurya/code-pathfinder/sast-engine/graph/callgraph/extraction/attributes.go:103.2,103.12 1 1
github.com/shivasurya/code-pathfinder/sast-engine/graph/callgraph/extraction/attributes.go:107.65,111.34 3 1
github.com/shivasurya/code-pathfinder/sast-engine/graph/callgraph/extraction/attributes.go:111.34,112.37 1 1
github.com/shivasurya/code-pathfinder/sast-engine/graph/callgraph/extraction/attributes.go:112.37,114.4 1 1
github.com/shivasurya/code-pathfinder/sast-engine/graph/callgraph/extraction/attributes.go:116.3,116.44 1 1
github.com/shivasurya/code-pathfinder/sast-engine/graph/callgraph/extraction/attributes.go:116.44,118.20 2 1
github.com/shivasurya/code-pathfinder/sast-engine/graph/callgraph/extraction/attributes.go:118.20,120.5 1 1
github.com/shivasurya/code-pathfinder/sast-engine/graph/callgraph/extraction/attributes.go:124.2,125.16 2 1
github.com/shivasurya/code-pathfinder/sast-engine/graph/callgraph/extraction/attributes.go:129.73,134.51 1 1
github.com/shivasurya/code-pathfinder/sast-engine/graph/callgraph/extraction/attributes.go:134.51,136.19 2 1
github.com/shivasurya/code-pathfinder/sast-engine/graph/callgraph/extraction/attributes.go:136.19,137.12 1 0
github.com/shivasurya/code-pathfinder/sast-engine/graph/callgraph/extraction/attributes.go:140.3,140.35 1 1
github.com/shivasurya/code-pathfinder/sast-engine/graph/callgraph/extraction/attributes.go:140.35,142.4 1 1
github.com/shivasurya/code-pathfinder/sast-engine/graph/callgraph/extraction/attributes.go:145.2,145.11 1 0
github.com/shivasurya/code-pathfinder/sast-engine/graph/callgraph/extraction/attributes.go:149.71,154.51 3 1
github.com/shivasurya/code-pathfinder/sast-engine/graph/callgraph/extraction/attributes.go:154.51,156.46 2 1
github.com/shivasurya/code-pathfinder/sast-engine/graph/callgraph/extraction/attributes.go:156.46,158.9 2 1
github.com/shivasurya/code-pathfinder/sast-engine/graph/callgraph/extraction/attributes.go:162.2,162.22 1 1
github.com/shivasurya/code-pathfinder/sast-engine/graph/callgraph/extraction/attributes.go:162.22,164.3 1 0
github.com/shivasurya/code-pathfinder/sast-engine/graph/callgraph/extraction/attributes.go:167.2,167.51 1 1
github.com/shivasurya/code-pathfinder/sast-engine/graph/callgraph/extraction/attributes.go:167.51,169.60 2 1
github.com/shivasurya/code-pathfinder/sast-engine/graph/callgraph/extraction/attributes.go:169.60,171.4 1 1
github.com/shivasurya/code-pathfinder/sast-engine/graph/callgraph/extraction/attributes.go:174.2,174.16 1 1
github.com/shivasurya/code-pathfinder/sast-engine/graph/callgraph/extraction/attributes.go:178.75,179.52 1 1
github.com/shivasurya/code-pathfinder/sast-engine/graph/callgraph/extraction/attributes.go:179.52,181.51 2 1
github.com/shivasurya/code-pathfinder/sast-engine/graph/callgraph/extraction/attributes.go:181.51,183.4 1 1
github.com/shivasurya/code-pathfinder/sast-engine/graph/callgraph/extraction/attributes.go:185.2,185.11 1 0
github.com/shivasurya/code-pathfinder/sast-engine/graph/callgraph/extraction/attributes.go:202.35,208.37 3 1
github.com/shivasurya/code-pathfinder/sast-engine/graph/callgraph/extraction/attributes.go:208.37,214.42 3 1
github.com/shivasurya/code-pathfinder/sast-engine/graph/callgraph/extraction/attributes.go:214.42,225.23 3 1
github.com/shivasurya/code-pathfinder/sast-engine/graph/callgraph/extraction/attributes.go:225.23,240.57 3 1
github.com/shivasurya/code-pathfinder/sast-engine/graph/callgraph/extraction/attributes.go:240.57,242.6 1 1
github.com/shivasurya/code-pathfinder/sast-engine/graph/callgraph/extraction/attributes.go:247.2,247.19 1 1
github.com/shivasurya/code-pathfinder/sast-engine/graph/callgraph/extraction/attributes.go:258.101,262.34 3 1
github.com/shivasurya/code-pathfinder/sast-engine/graph/callgraph/extraction/attributes.go:262.34,264.31 1 1
github.com/shivasurya/code-pathfinder/sast-engine/graph/callgraph/extraction/attributes.go:264.31,269.43 3 1
github.com/shivasurya/code-pathfinder/sast-engine/graph/callgraph/extraction/attributes.go:269.43,271.39 1 1
github.com/shivasurya/code-pathfinder/sast-engine/graph/callgraph/extraction/attributes.go:271.39,276.46 3 1
github.com/shivasurya/code-pathfinder/sast-engine/graph/callgraph/extraction/attributes.go:276.46,281.31 3 1
github.com/shivasurya/code-pathfinder/sast-engine/graph/callgraph/extraction/attributes.go:281.31,287.8 1 1
github.com/shivasurya/code-pathfinder/sast-engine/graph/callgraph/extraction/attributes.go:294.3,294.44 1 1
github.com/shivasurya/code-pathfinder/sast-engine/graph/callgraph/extraction/attributes.go:294.44,296.20 2 1
github.com/shivasurya/code-pathfinder/sast-engine/graph/callgraph/extraction/attributes.go:296.20,298.5 1 1
github.com/shivasurya/code-pathfinder/sast-engine/graph/callgraph/extraction/attributes.go:302.2,303.20 2 1
github.com/shivasurya/code-pathfinder/sast-engine/graph/callgraph/extraction/attributes.go:312.18,316.74 2 1
github.com/shivasurya/code-pathfinder/sast-engine/graph/callgraph/extraction/attributes.go:316.74,318.3 1 1
github.com/shivasurya/code-pathfinder/sast-engine/graph/callgraph/extraction/attributes.go:321.2,321.97 1 1
github.com/shivasurya/code-pathfinder/sast-engine/graph/callgraph/extraction/attributes.go:321.97,323.3 1 0
github.com/shivasurya/code-pathfinder/sast-engine/graph/callgraph/extraction/attributes.go:326.2,326.91 1 1
github.com/shivasurya/code-pathfinder/sast-engine/graph/callgraph/extraction/attributes.go:326.91,328.3 1 1
github.com/shivasurya/code-pathfinder/sast-engine/graph/callgraph/extraction/attributes.go:331.2,331.108 1 1
github.com/shivasurya/code-pathfinder/sast-engine/graph/callgraph/extraction/attributes.go:331.108,333.3 1 0
github.com/shivasurya/code-pathfinder/sast-engine/graph/callgraph/extraction/attributes.go:336.2,336.92 1 1
github.com/shivasurya/code-pathfinder/sast-engine/graph/callgraph/extraction/attributes.go:336.92,338.3 1 0
github.com/shivasurya/code-pathfinder/sast-engine/graph/callgraph/extraction/attributes.go:344.2,344.12 1 1
github.com/shivasurya/code-pathfinder/sast-engine/graph/callgraph/extraction/attributes.go:348.67,351.18 2 1
github.com/shivasurya/code-pathfinder/sast-engine/graph/callgraph/extraction/attributes.go:352.39,357.4 1 1
github.com/shivasurya/code-pathfinder/sast-engine/graph/callgraph/extraction/attributes.go:358.17,363.4 1 1
github.com/shivasurya/code-pathfinder/sast-engine/graph/callgraph/extraction/attributes.go:364.15,369.4 1 0
github.com/shivasurya/code-pathfinder/sast-engine/graph/callgraph/extraction/attributes.go:370.23,375.4 1 1
github.com/shivasurya/code-pathfinder/sast-engine/graph/callgraph/extraction/attributes.go:376.14,381.4 1 1
github.com/shivasurya/code-pathfinder/sast-engine/graph/callgraph/extraction/attributes.go:382.20,387.4 1 1
github.com/shivasurya/code-pathfinder/sast-engine/graph/callgraph/extraction/attributes.go:388.15,393.4 1 0
github.com/shivasurya/code-pathfinder/sast-engine/graph/callgraph/extraction/attributes.go:394.13,399.4 1 0
github.com/shivasurya/code-pathfinder/sast-engine/graph/callgraph/extraction/attributes.go:400.14,405.4 1 0
github.com/shivasurya/code-pathfinder/sast-engine/graph/callgraph/extraction/attributes.go:408.2,408.12 1 1
github.com/shivasurya/code-pathfinder/sast-engine/graph/callgraph/extraction/attributes.go:412.122,413.27 1 1
github.com/shivasurya/code-pathfinder/sast-engine/graph/callgraph/extraction/attributes.go:413.27,415.3 1 1
github.com/shivasurya/code-pathfinder/sast-engine/graph/callgraph/extraction/attributes.go:418.2,419.21 2 1
github.com/shivasurya/code-pathfinder/sast-engine/graph/callgraph/extraction/attributes.go:419.21,421.3 1 0
github.com/shivasurya/code-pathfinder/sast-engine/graph/callgraph/extraction/attributes.go:424.2,424.37 1 1
github.com/shivasurya/code-pathfinder/sast-engine/graph/callgraph/extraction/attributes.go:424.37,428.71 2 1
github.com/shivasurya/code-pathfinder/sast-engine/graph/callgraph/extraction/attributes.go:428.71,434.4 1 0
github.com/shivasurya/code-pathfinder/sast-engine/graph/callgraph/extraction/attributes.go:437.2,437.12 1 1
github.com/shivasurya/code-pathfinder/sast-engine/graph/callgraph/extraction/attributes.go:441.116,442.27 1 1
github.com/shivasurya/code-pathfinder/sast-engine/graph/callgraph/extraction/attributes.go:442.27,444.3 1 1
github.com/shivasurya/code-pathfinder/sast-engine/graph/callgraph/extraction/attributes.go:447.2,448.21 2 1
github.com/shivasurya/code-pathfinder/sast-engine/graph/callgraph/extraction/attributes.go:448.21,450.3 1 0
github.com/shivasurya/code-pathfinder/sast-engine/graph/callgraph/extraction/attributes.go:453.2,453.37 1 1
github.com/shivasurya/code-pathfinder/sast-engine/graph/callgraph/extraction/attributes.go:453.37,457.68 2 1
github.com/shivasurya/code-pathfinder/sast-engine/graph/callgraph/extraction/attributes.go:457.68,465.4 1 1
github.com/shivasurya/code-pathfinder/sast-engine/graph/callgraph/extraction/attributes.go:468.2,468.12 1 0
github.com/shivasurya/code-pathfinder/sast-engine/graph/callgraph/extraction/attributes.go:477.18,480.30 2 1
github.com/shivasurya/code-pathfinder/sast-engine/graph/callgraph/extraction/attributes.go:480.30,482.3 1 0
github.com/shivasurya/code-pathfinder/sast-engine/graph/callgraph/extraction/attributes.go:485.2,485.49 1 1
github.com/shivasurya/code-pathfinder/sast-engine/graph/callgraph/extraction/attributes.go:485.49,487.3 1 0
github.com/shivasurya/code-pathfinder/sast-engine/graph/callgraph/extraction/attributes.go:489.2,493.19 3 1
github.com/shivasurya/code-pathfinder/sast-engine/graph/callgraph/extraction/attributes.go:493.19,495.3 1 0
github.com/shivasurya/code-pathfinder/sast-engine/graph/callgraph/extraction/attributes.go:498.2,498.48 1 1
github.com/shivasurya/code-pathfinder/sast-engine/graph/callgraph/extraction/attributes.go:498.48,500.56 2 1
github.com/shivasurya/code-pathfinder/sast-engine/graph/callgraph/extraction/attributes.go:500.56,501.12 1 1
github.com/shivasurya/code-pathfinder/sast-engine/graph/callgraph/extraction/attributes.go:505.3,506.23 2 1
github.com/shivasurya/code-pathfinder/sast-engine/graph/callgraph/extraction/attributes.go:506.23,507.12 1 1
github.com/shivasurya/code-pathfinder/sast-engine/graph/callgraph/extraction/attributes.go:510.3,510.49 1 0
github.com/shivasurya/code-pathfinder/sast-engine/graph/callgraph/extraction/attributes.go:510.49,513.23 2 0
github.com/shivasurya/code-pathfinder/sast-engine/graph/callgraph/extraction/attributes.go:513.23,514.13 1 0
github.com/shivasurya/code-pathfinder/sast-engine/graph/callgraph/extraction/attributes.go:517.4,522.5 2 0
github.com/shivasurya/code-pathfinder/sast-engine/graph/callgraph/extraction/attributes.go:526.2,526.12 1 1
github.com/shivasurya/code-pathfinder/sast-engine/graph/callgraph/extraction/attributes.go:530.108,532.32 1 1
github.com/shivasurya/code-pathfinder/sast-engine/graph/callgraph/extraction/attributes.go:532.32,534.3 1 1
github.com/shivasurya/code-pathfinder/sast-engine/graph/callgraph/extraction/attributes.go:539.2,539.12 1 0
github.com/shivasurya/code-pathfinder/sast-engine/graph/callgraph/extraction/statements.go:15.114,16.25 1 1
github.com/shivasurya/code-pathfinder/sast-engine/graph/callgraph/extraction/statements.go:16.25,18.3 1 1
github.com/shivasurya/code-pathfinder/sast-engine/graph/callgraph/extraction/statements.go:20.2,21.21 2 1
github.com/shivasurya/code-pathfinder/sast-engine/graph/callgraph/extraction/statements.go:21.21,24.3 1 0
github.com/shivasurya/code-pathfinder/sast-engine/graph/callgraph/extraction/statements.go:26.2,29.50 2 1
github.com/shivasurya/code-pathfinder/sast-engine/graph/callgraph/extraction/statements.go:29.50,31.22 2 1
github.com/shivasurya/code-pathfinder/sast-engine/graph/callgraph/extraction/statements.go:31.22,32.12 1 0
github.com/shivasurya/code-pathfinder/sast-engine/graph/callgraph/extraction/statements.go:37.3,38.48 2 1
github.com/shivasurya/code-pathfinder/sast-engine/graph/callgraph/extraction/statements.go:38.48,41.25 2 1
github.com/shivasurya/code-pathfinder/sast-engine/graph/callgraph/extraction/statements.go:41.25,43.5 1 1
github.com/shivasurya/code-pathfinder/sast-engine/graph/callgraph/extraction/statements.go:46.3,48.28 2 1
github.com/shivasurya/code-pathfinder/sast-engine/graph/callgraph/extraction/statements.go:49.21,50.52 1 1
github.com/shivasurya/code-pathfinder/sast-engine/graph/callgraph/extraction/statements.go:52.31,53.61 1 1
github.com/shivasurya/code-pathfinder/sast-engine/graph/callgraph/extraction/statements.go:55.15,57.46 1 1
github.com/shivasurya/code-pathfinder/sast-engine/graph/callgraph/extraction/statements.go:59.27,60.48 1 1
github.com/shivasurya/code-pathfinder/sast-engine/graph/callgraph/extraction/statements.go:63.94,64.12 1 1
github.com/shivasurya/code-pathfinder/sast-engine/graph/callgraph/extraction/statements.go:66.11,68.12 1 1
github.com/shivasurya/code-pathfinder/sast-engine/graph/callgraph/extraction/statements.go:71.3,71.18 1 1
github.com/shivasurya/code-pathfinder/sast-engine/graph/callgraph/extraction/statements.go:71.18,75.4 2 1
github.com/shivasurya/code-pathfinder/sast-engine/graph/callgraph/extraction/statements.go:78.2,78.24 1 1
github.com/shivasurya/code-pathfinder/sast-engine/graph/callgraph/extraction/statements.go:83.78,84.17 1 1
github.com/shivasurya/code-pathfinder/sast-engine/graph/callgraph/extraction/statements.go:84.17,86.3 1 0
github.com/shivasurya/code-pathfinder/sast-engine/graph/callgraph/extraction/statements.go:88.2,91.41 3 1
github.com/shivasurya/code-pathfinder/sast-engine/graph/callgraph/extraction/statements.go:91.41,93.3 1 0
github.com/shivasurya/code-pathfinder/sast-engine/graph/callgraph/extraction/statements.go:95.2,103.18 3 1
github.com/shivasurya/code-pathfinder/sast-engine/graph/callgraph/extraction/statements.go:104.20,107.23 2 1
github.com/shivasurya/code-pathfinder/sast-engine/graph/callgraph/extraction/statements.go:107.23,109.4 1 1
github.com/shivasurya/code-pathfinder/sast-engine/graph/callgraph/extraction/statements.go:111.39,114.13 1 1
github.com/shivasurya/code-pathfinder/sast-engine/graph/callgraph/extraction/statements.go:116.19,119.13 1 1
github.com/shivasurya/code-pathfinder/sast-engine/graph/callgraph/extraction/statements.go:121.19,124.13 1 0
github.com/shivasurya/code-pathfinder/sast-engine/graph/callgraph/extraction/statements.go:126.10,128.13 1 0
github.com/shivasurya/code-pathfinder/sast-engine/graph/callgraph/extraction/statements.go:132.2,137.25 3 1
github.com/shivasurya/code-pathfinder/sast-engine/graph/callgraph/extraction/statements.go:137.25,140.22 2 1
github.com/shivasurya/code-pathfinder/sast-engine/graph/callgraph/extraction/statements.go:140.22,143.4 1 1
github.com/shivasurya/code-pathfinder/sast-engine/graph/callgraph/extraction/statements.go:144.8,147.3 1 1
github.com/shivasurya/code-pathfinder/sast-engine/graph/callgraph/extraction/statements.go:149.2,149.13 1 1
github.com/shivasurya/code-pathfinder/sast-engine/graph/callgraph/extraction/statements.go:154.87,155.17 1 1
github.com/shivasurya/code-pathfinder/sast-engine/graph/callgraph/extraction/statements.go:155.17,157.3 1 0
github.com/shivasurya/code-pathfinder/sast-engine/graph/callgraph/extraction/statements.go:159.2,162.41 3 1
github.com/shivasurya/code-pathfinder/sast-engine/graph/callgraph/extraction/statements.go:162.41,164.3 1 0
github.com/shivasurya/code-pathfinder/sast-engine/graph/callgraph/extraction/statements.go:166.2,174.18 3 1
github.com/shivasurya/code-pathfinder/sast-engine/graph/callgraph/extraction/statements.go:175.20,177.23 2 1
github.com/shivasurya/code-pathfinder/sast-engine/graph/callgraph/extraction/statements.go:177.23,180.4 2 1
github.com/shivasurya/code-pathfinder/sast-engine/graph/callgraph/extraction/statements.go:182.32,188.26 3 1
github.com/shivasurya/code-pathfinder/sast-engine/graph/callgraph/extraction/statements.go:188.26,190.4 1 0
github.com/shivasurya/code-pathfinder/sast-engine/graph/callgraph/extraction/statements.go:192.10,193.13 1 0
github.com/shivasurya/code-pathfinder/sast-engine/graph/callgraph/extraction/statements.go:197.2,200.13 3 1
github.com/shivasurya/code-pathfinder/sast-engine/graph/callgraph/extraction/statements.go:205.76,206.21 1 1
github.com/shivasurya/code-pathfinder/sast-engine/graph/callgraph/extraction/statements.go:206.21,208.3 1 0
github.com/shivasurya/code-pathfinder/sast-engine/graph/callgraph/extraction/statements.go:210.2,217.25 3 1
github.com/shivasurya/code-pathfinder/sast-engine/graph/callgraph/extraction/statements.go:217.25,223.3 3 1
github.com/shivasurya/code-pathfinder/sast-engine/graph/callgraph/extraction/statements.go:226.2,227.26 2 1
github.com/shivasurya/code-pathfinder/sast-engine/graph/callgraph/extraction/statements.go:227.26,234.3 3 1
github.com/shivasurya/code-pathfinder/sast-engine/graph/callgraph/extraction/statements.go:236.2,236.13 1 1
github.com/shivasurya/code-pathfinder/sast-engine/graph/callgraph/extraction/statements.go:241.77,242.25 1 1
github.com/shivasurya/code-pathfinder/sast-engine/graph/callgraph/extraction/statements.go:242.25,244.3 1 0
github.com/shivasurya/code-pathfinder/sast-engine/graph/callgraph/extraction/statements.go:246.2,246.29 1 1
github.com/shivasurya/code-pathfinder/sast-engine/graph/callgraph/extraction/statements.go:247.20,249.50 1 1
github.com/shivasurya/code-pathfinder/sast-engine/graph/callgraph/extraction/statements.go:251.19,255.22 2 1
github.com/shivasurya/code-pathfinder/sast-engine/graph/callgraph/extraction/statements.go:255.22,257.4 1 1
github.com/shivasurya/code-pathfinder/sast-engine/graph/callgraph/extraction/statements.go:258.3,258.50 1 0
github.com/shivasurya/code-pathfinder/sast-engine/graph/callgraph/extraction/statements.go:260.10,262.50 1 1
github.com/shivasurya/code-pathfinder/sast-engine/graph/callgraph/extraction/statements.go:268.89,269.26 1 1
github.com/shivasurya/code-pathfinder/sast-engine/graph/callgraph/extraction/statements.go:269.26,271.3 1 1
github.com/shivasurya/code-pathfinder/sast-engine/graph/callgraph/extraction/statements.go:273.2,277.55 3 1
github.com/shivasurya/code-pathfinder/sast-engine/graph/callgraph/extraction/statements.go:277.55,279.21 2 1
github.com/shivasurya/code-pathfinder/sast-engine/graph/callgraph/extraction/statements.go:279.21,280.12 1 0
github.com/shivasurya/code-pathfinder/sast-engine/graph/callgraph/extraction/statements.go:284.3,284.78 1 1
github.com/shivasurya/code-pathfinder/sast-engine/graph/callgraph/extraction/statements.go:284.78,285.12 1 1
github.com/shivasurya/code-pathfinder/sast-engine/graph/callgraph/extraction/statements.go:289.3,289.43 1 1
github.com/shivasurya/code-pathfinder/sast-engine/graph/callgraph/extraction/statements.go:289.43,291.24 2 1
github.com/shivasurya/code-pathfinder/sast-engine/graph/callgraph/extraction/statements.go:291.24,293.28 2 1
github.com/shivasurya/code-pathfinder/sast-engine/graph/callgraph/extraction/statements.go:293.28,294.19 1 1
github.com/shivasurya/code-pathfinder/sast-engine/graph/callgraph/extraction/statements.go:294.19,297.7 2 1
github.com/shivasurya/code-pathfinder/sast-engine/graph/callgraph/extraction/statements.go:300.4,300.12 1 1
github.com/shivasurya/code-pathfinder/sast-engine/graph/callgraph/extraction/statements.go:304.3,305.26 2 1
github.com/shivasurya/code-pathfinder/sast-engine/graph/callgraph/extraction/statements.go:305.26,306.17 1 1
github.com/shivasurya/code-pathfinder/sast-engine/graph/callgraph/extraction/statements.go:306.17,309.5 2 1
github.com/shivasurya/code-pathfinder/sast-engine/graph/callgraph/extraction/statements.go:313.2,313.20 1 1
github.com/shivasurya/code-pathfinder/sast-engine/graph/callgraph/extraction/statements.go:318.78,319.26 1 1
github.com/shivasurya/code-pathfinder/sast-engine/graph/callgraph/extraction/statements.go:319.26,321.3 1 1
github.com/shivasurya/code-pathfinder/sast-engine/graph/callgraph/extraction/statements.go:323.2,327.55 3 1
github.com/shivasurya/code-pathfinder/sast-engine/graph/callgraph/extraction/statements.go:327.55,329.21 2 1
github.com/shivasurya/code-pathfinder/sast-engine/graph/callgraph/extraction/statements.go:329.21,330.12 1 0
github.com/shivasurya/code-pathfinder/sast-engine/graph/callgraph/extraction/statements.go:334.3,334.78 1 1
github.com/shivasurya/code-pathfinder/sast-engine/graph/callgraph/extraction/statements.go:334.78,335.12 1 1
github.com/shivasurya/code-pathfinder/sast-engine/graph/callgraph/extraction/statements.go:339.3,339.43 1 1
github.com/shivasurya/code-pathfinder/sast-engine/graph/callgraph/extraction/statements.go:339.43,341.24 2 1
github.com/shivasurya/code-pathfinder/sast-engine/graph/callgraph/extraction/statements.go:341.24,344.21 2 1
github.com/shivasurya/code-pathfinder/sast-engine/graph/callgraph/extraction/statements.go:344.21,347.6 2 1
github.com/shivasurya/code-pathfinder/sast-engine/graph/callgraph/extraction/statements.go:349.4,349.12 1 1
github.com/shivasurya/code-pathfinder/sast-engine/graph/callgraph/extraction/statements.go:353.3,354.19 2 1
github.com/shivasurya/code-pathfinder/sast-engine/graph/callgraph/extraction/statements.go:354.19,357.4 2 1
github.com/shivasurya/code-pathfinder/sast-engine/graph/callgraph/extraction/statements.go:360.2,360.13 1 1
github.com/shivasurya/code-pathfinder/sast-engine/graph/callgraph/extraction/statements.go:365.74,366.17 1 1
github.com/shivasurya/code-pathfinder/sast-engine/graph/callgraph/extraction/statements.go:366.17,368.3 1 0
github.com/shivasurya/code-pathfinder/sast-engine/graph/callgraph/extraction/statements.go:370.2,376.46 2 1
github.com/shivasurya/code-pathfinder/sast-engine/graph/callgraph/extraction/statements.go:376.46,378.19 2 1
github.com/shivasurya/code-pathfinder/sast-engine/graph/callgraph/extraction/statements.go:378.19,379.12 1 0
github.com/shivasurya/code-pathfinder/sast-engine/graph/callgraph/extraction/statements.go:383.3,383.31 1 1
github.com/shivasurya/code-pathfinder/sast-engine/graph/callgraph/extraction/statements.go:383.31,384.12 1 1
github.com/shivasurya/code-pathfinder/sast-engine/graph/callgraph/extraction/statements.go:388.3,392.40 3 1
github.com/shivasurya/code-pathfinder/sast-engine/graph/callgraph/extraction/statements.go:395.2,395.13 1 1
github.com/shivasurya/code-pathfinder/sast-engine/graph/callgraph/extraction/statements.go:400.72,401.17 1 1
github.com/shivasurya/code-pathfinder/sast-engine/graph/callgraph/extraction/statements.go:401.17,403.3 1 1
github.com/shivasurya/code-pathfinder/sast-engine/graph/callgraph/extraction/statements.go:405.2,409.31 4 1
github.com/shivasurya/code-pathfinder/sast-engine/graph/callgraph/extraction/statements.go:409.31,410.15 1 1
github.com/shivasurya/code-pathfinder/sast-engine/graph/callgraph/extraction/statements.go:410.15,412.4 1 0
github.com/shivasurya/code-pathfinder/sast-engine/graph/callgraph/extraction/statements.go:414.3,414.31 1 1
github.com/shivasurya/code-pathfinder/sast-engine/graph/callgraph/extraction/statements.go:414.31,416.39 2 1
github.com/shivasurya/code-pathfinder/sast-engine/graph/callgraph/extraction/statements.go:416.39,419.5 2 1
github.com/shivasurya/code-pathfinder/sast-engine/graph/callgraph/extraction/statements.go:420.4,420.10 1 1
github.com/shivasurya/code-pathfinder/sast-engine/graph/callgraph/extraction/statements.go:424.3,424.44 1 1
github.com/shivasurya/code-pathfinder/sast-engine/graph/callgraph/extraction/statements.go:424.44,426.4 1 1
github.com/shivasurya/code-pathfinder/sast-engine/graph/callgraph/extraction/statements.go:429.2,430.20 2 1
github.com/shivasurya/code-pathfinder/sast-engine/graph/callgraph/extraction/statements.go:435.34,448.2 2 1
github.com/shivasurya/code-pathfinder/sast-engine/graph/callgraph/extraction/statements.go:452.63,457.16 4 1
github.com/shivasurya/code-pathfinder/sast-engine/graph/callgraph/extraction/statements.go:457.16,459.3 1 0
github.com/shivasurya/code-pathfinder/sast-engine/graph/callgraph/extraction/statements.go:461.2,461.17 1 1
github.com/shivasurya/code-pathfinder/sast-engine/graph/callgraph/extraction/statements.go:461.17,463.3 1 0
github.com/shivasurya/code-pathfinder/sast-engine/graph/callgraph/extraction/statements.go:465.2,465.18 1 1
github.com/shivasurya/code-pathfinder/sast-engine/graph/callgraph/extraction/variables.go:41.9,48.16 5 1
github.com/shivasurya/code-pathfinder/sast-engine/graph/callgraph/extraction/variables.go:48.16,50.3 1 0
github.com/shivasurya/code-pathfinder/sast-engine/graph/callgraph/extraction/variables.go:51.2,55.13 3 1
github.com/shivasurya/code-pathfinder/sast-engine/graph/callgraph/extraction/variables.go:55.13,58.3 1 0
github.com/shivasurya/code-pathfinder/sast-engine/graph/callgraph/extraction/variables.go:61.2,72.12 2 1
github.com/shivasurya/code-pathfinder/sast-engine/graph/callgraph/extraction/variables.go:94.3,95.17 1 1
github.com/shivasurya/code-pathfinder/sast-engine/graph/callgraph/extraction/variables.go:95.17,97.3 1 0
github.com/shivasurya/code-pathfinder/sast-engine/graph/callgraph/extraction/variables.go:99.2,102.39 2 1
github.com/shivasurya/code-pathfinder/sast-engine/graph/callgraph/extraction/variables.go:102.39,104.25 2 1
github.com/shivasurya/code-pathfinder/sast-engine/graph/callgraph/extraction/variables.go:104.25,105.29 1 1
github.com/shivasurya/code-pathfinder/sast-engine/graph/callgraph/extraction/variables.go:105.29,108.5 1 1
github.com/shivasurya/code-pathfinder/sast-engine/graph/callgraph/extraction/variables.go:108.10,111.5 1 1
github.com/shivasurya/code-pathfinder/sast-engine/graph/callgraph/extraction/variables.go:114.4,114.51 1 1
github.com/shivasurya/code-pathfinder/sast-engine/graph/callgraph/extraction/variables.go:114.51,116.5 1 1
github.com/shivasurya/code-pathfinder/sast-engine/graph/callgraph/extraction/variables.go:121.2,121.30 1 1
github.com/shivasurya/code-pathfinder/sast-engine/graph/callgraph/extraction/variables.go:121.30,132.3 1 1
github.com/shivasurya/code-pathfinder/sast-engine/graph/callgraph/extraction/variables.go:135.2,135.46 1 1
github.com/shivasurya/code-pathfinder/sast-engine/graph/callgraph/extraction/variables.go:135.46,147.3 2 1
github.com/shivasurya/code-pathfinder/sast-engine/graph/callgraph/extraction/variables.go:174.3,185.46 3 1
github.com/shivasurya/code-pathfinder/sast-engine/graph/callgraph/extraction/variables.go:185.46,187.69 2 1
github.com/shivasurya/code-pathfinder/sast-engine/graph/callgraph/extraction/variables.go:187.69,189.4 1 1
github.com/shivasurya/code-pathfinder/sast-engine/graph/callgraph/extraction/variables.go:189.9,189.53 1 1
github.com/shivasurya/code-pathfinder/sast-engine/graph/callgraph/extraction/variables.go:189.53,191.70 1 1
github.com/shivasurya/code-pathfinder/sast-engine/graph/callgraph/extraction/variables.go:191.70,193.5 1 1
github.com/shivasurya/code-pathfinder/sast-engine/graph/callgraph/extraction/variables.go:197.2,197.41 1 1
github.com/shivasurya/code-pathfinder/sast-engine/graph/callgraph/extraction/variables.go:197.41,199.3 1 0
github.com/shivasurya/code-pathfinder/sast-engine/graph/callgraph/extraction/variables.go:202.2,206.39 3 1
github.com/shivasurya/code-pathfinder/sast-engine/graph/callgraph/extraction/variables.go:206.39,208.3 1 0
github.com/shivasurya/code-pathfinder/sast-engine/graph/callgraph/extraction/variables.go:211.2,212.21 2 1
github.com/shivasurya/code-pathfinder/sast-engine/graph/callgraph/extraction/variables.go:212.21,214.3 1 0
github.com/shivasurya/code-pathfinder/sast-engine/graph/callgraph/extraction/variables.go:217.2,228.32 2 1
github.com/shivasurya/code-pathfinder/sast-engine/graph/callgraph/extraction/variables.go:228.32,230.23 2 0
github.com/shivasurya/code-pathfinder/sast-engine/graph/callgraph/extraction/variables.go:230.23,232.4 1 0
github.com/shivasurya/code-pathfinder/sast-engine/graph/callgraph/extraction/variables.go:236.2,237.20 2 1
github.com/shivasurya/code-pathfinder/sast-engine/graph/callgraph/extraction/variables.go:237.20,240.3 1 0
github.com/shivasurya/code-pathfinder/sast-engine/graph/callgraph/extraction/variables.go:242.2,243.18 2 1
github.com/shivasurya/code-pathfinder/sast-engine/graph/callgraph/extraction/variables.go:243.18,246.3 2 0
github.com/shivasurya/code-pathfinder/sast-engine/graph/callgraph/extraction/variables.go:248.2,248.36 1 1
github.com/shivasurya/code-pathfinder/sast-engine/graph/callgraph/extraction/variables.go:274.18,275.17 1 1
github.com/shivasurya/code-pathfinder/sast-engine/graph/callgraph/extraction/variables.go:275.17,277.3 1 0
github.com/shivasurya/code-pathfinder/sast-engine/graph/callgraph/extraction/variables.go:279.2,282.24 2 1
github.com/shivasurya/code-pathfinder/sast-engine/graph/callgraph/extraction/variables.go:282.24,287.23 3 0
github.com/shivasurya/code-pathfinder/sast-engine/graph/callgraph/extraction/variables.go:287.23,289.4 1 0
github.com/shivasurya/code-pathfinder/sast-engine/graph/callgraph/extraction/variables.go:293.3,293.47 1 0
github.com/shivasurya/code-pathfinder/sast-engine/graph/callgraph/extraction/variables.go:293.47,295.67 2 0
github.com/shivasurya/code-pathfinder/sast-engine/graph/callgraph/extraction/variables.go:295.67,297.25 2 0
github.com/shivasurya/code-pathfinder/sast-engine/graph/callgraph/extraction/variables.go:297.25,303.6 1 0
github.com/shivasurya/code-pathfinder/sast-engine/graph/callgraph/extraction/variables.go:309.2,309.18 1 1
github.com/shivasurya/code-pathfinder/sast-engine/graph/callgraph/extraction/variables.go:310.39,315.4 1 1
github.com/shivasurya/code-pathfinder/sast-engine/graph/callgraph/extraction/variables.go:316.17,321.4 1 1
github.com/shivasurya/code-pathfinder/sast-engine/graph/callgraph/extraction/variables.go:322.15,327.4 1 1
github.com/shivasurya/code-pathfinder/sast-engine/graph/callgraph/extraction/variables.go:328.23,333.4 1 1
github.com/shivasurya/code-pathfinder/sast-engine/graph/callgraph/extraction/variables.go:334.14,339.4 1 1
github.com/shivasurya/code-pathfinder/sast-engine/graph/callgraph/extraction/variables.go:340.14,345.4 1 1
github.com/shivasurya/code-pathfinder/sast-engine/graph/callgraph/extraction/variables.go:346.20,351.4 1 1
github.com/shivasurya/code-pathfinder/sast-engine/graph/callgraph/extraction/variables.go:352.13,357.4 1 1
github.com/shivasurya/code-pathfinder/sast-engine/graph/callgraph/extraction/variables.go:358.15,363.4 1 1
github.com/shivasurya/code-pathfinder/sast-engine/graph/callgraph/extraction/variables.go:368.2,369.50 2 1
github.com/shivasurya/code-pathfinder/sast-engine/graph/callgraph/extraction/variables.go:373.71,374.42 1 1
github.com/shivasurya/code-pathfinder/sast-engine/graph/callgraph/extraction/variables.go:374.42,376.3 1 0
github.com/shivasurya/code-pathfinder/sast-engine/graph/callgraph/extraction/variables.go:379.2,379.46 1 1
github.com/shivasurya/code-pathfinder/sast-engine/graph/callgraph/extraction/variables.go:379.46,381.35 2 1
github.com/shivasurya/code-pathfinder/sast-engine/graph/callgraph/extraction/variables.go:381.35,383.4 1 1
github.com/shivasurya/code-pathfinder/sast-engine/graph/callgraph/extraction/variables.go:386.2,386.11 1 0
github.com/shivasurya/code-pathfinder/sast-engine/graph/callgraph/extraction/variables.go:390.69,393.18 2 0
github.com/shivasurya/code-pathfinder/sast-engine/graph/callgraph/extraction/variables.go:394.20,396.34 1 0
github.com/shivasurya/code-pathfinder/sast-engine/graph/callgraph/extraction/variables.go:398.19,404.48 3 0
github.com/shivasurya/code-pathfinder/sast-engine/graph/callgraph/extraction/variables.go:404.48,409.47 3 0
github.com/shivasurya/code-pathfinder/sast-engine/graph/callgraph/extraction/variables.go:409.47,411.5 1 0
github.com/shivasurya/code-pathfinder/sast-engine/graph/callgraph/extraction/variables.go:414.14,417.34 1 0
github.com/shivasurya/code-pathfinder/sast-engine/graph/callgraph/extraction/variables.go:420.2,420.11 1 0
github.com/shivasurya/code-pathfinder/sast-engine/graph/callgraph/patterns/detector.go:67.44,72.2 1 1
github.com/shivasurya/code-pathfinder/sast-engine/graph/callgraph/patterns/detector.go:75.57,78.2 2 1
github.com/shivasurya/code-pathfinder/sast-engine/graph/callgraph/patterns/detector.go:81.67,84.2 2 1
github.com/shivasurya/code-pathfinder/sast-engine/graph/callgraph/patterns/detector.go:87.82,89.2 1 1
github.com/shivasurya/code-pathfinder/sast-engine/graph/callgraph/patterns/detector.go:93.50,107.2 1 1
github.com/shivasurya/code-pathfinder/sast-engine/graph/callgraph/patterns/detector.go:111.107,112.22 1 1
github.com/shivasurya/code-pathfinder/sast-engine/graph/callgraph/patterns/detector.go:113.36,114.55 1 1
github.com/shivasurya/code-pathfinder/sast-engine/graph/callgraph/patterns/detector.go:115.29,116.48 1 1
github.com/shivasurya/code-pathfinder/sast-engine/graph/callgraph/patterns/detector.go:117.35,118.54 1 1
github.com/shivasurya/code-pathfinder/sast-engine/graph/callgraph/patterns/detector.go:119.10,120.13 1 0
github.com/shivasurya/code-pathfinder/sast-engine/graph/callgraph/patterns/detector.go:136.117,137.53 1 1
github.com/shivasurya/code-pathfinder/sast-engine/graph/callgraph/patterns/detector.go:137.53,138.38 1 1
github.com/shivasurya/code-pathfinder/sast-engine/graph/callgraph/patterns/detector.go:138.38,139.61 1 1
github.com/shivasurya/code-pathfinder/sast-engine/graph/callgraph/patterns/detector.go:139.61,141.58 1 1
github.com/shivasurya/code-pathfinder/sast-engine/graph/callgraph/patterns/detector.go:141.58,148.6 1 1
github.com/shivasurya/code-pathfinder/sast-engine/graph/callgraph/patterns/detector.go:152.2,152.45 1 1
github.com/shivasurya/code-pathfinder/sast-engine/graph/callgraph/patterns/detector.go:156.110,158.27 2 1
github.com/shivasurya/code-pathfinder/sast-engine/graph/callgraph/patterns/detector.go:158.27,160.3 1 0
github.com/shivasurya/code-pathfinder/sast-engine/graph/callgraph/patterns/detector.go:162.2,163.25 2 1
github.com/shivasurya/code-pathfinder/sast-engine/graph/callgraph/patterns/detector.go:163.25,165.3 1 0
github.com/shivasurya/code-pathfinder/sast-engine/graph/callgraph/patterns/detector.go:167.2,167.37 1 1
github.com/shivasurya/code-pathfinder/sast-engine/graph/callgraph/patterns/detector.go:167.37,168.34 1 1
github.com/shivasurya/code-pathfinder/sast-engine/graph/callgraph/patterns/detector.go:168.34,170.21 2 1
github.com/shivasurya/code-pathfinder/sast-engine/graph/callgraph/patterns/detector.go:170.21,177.5 1 1
github.com/shivasurya/code-pathfinder/sast-engine/graph/callgraph/patterns/detector.go:181.2,181.45 1 0
github.com/shivasurya/code-pathfinder/sast-engine/graph/callgraph/patterns/detector.go:185.116,187.27 2 1
github.com/shivasurya/code-pathfinder/sast-engine/graph/callgraph/patterns/detector.go:187.27,189.3 1 0
github.com/shivasurya/code-pathfinder/sast-engine/graph/callgraph/patterns/detector.go:191.2,192.25 2 1
github.com/shivasurya/code-pathfinder/sast-engine/graph/callgraph/patterns/detector.go:192.25,194.3 1 0
github.com/shivasurya/code-pathfinder/sast-engine/graph/callgraph/patterns/detector.go:196.2,202.37 4 1
github.com/shivasurya/code-pathfinder/sast-engine/graph/callgraph/patterns/detector.go:202.37,203.34 1 1
github.com/shivasurya/code-pathfinder/sast-engine/graph/callgraph/patterns/detector.go:203.34,205.36 1 1
github.com/shivasurya/code-pathfinder/sast-engine/graph/callgraph/patterns/detector.go:205.36,207.26 2 1
github.com/shivasurya/code-pathfinder/sast-engine/graph/callgraph/patterns/detector.go:207.26,209.6 1 1
github.com/shivasurya/code-pathfinder/sast-engine/graph/callgraph/patterns/detector.go:210.5,210.13 1 1
github.com/shivasurya/code-pathfinder/sast-engine/graph/callgraph/patterns/detector.go:213.4,214.21 2 1
github.com/shivasurya/code-pathfinder/sast-engine/graph/callgraph/patterns/detector.go:214.21,217.46 2 1
github.com/shivasurya/code-pathfinder/sast-engine/graph/callgraph/patterns/detector.go:217.46,219.36 1 1
github.com/shivasurya/code-pathfinder/sast-engine/graph/callgraph/patterns/detector.go:219.36,220.39 1 1
github.com/shivasurya/code-pathfinder/sast-engine/graph/callgraph/patterns/detector.go:220.39,222.13 2 1
github.com/shivasurya/code-pathfinder/sast-engine/graph/callgraph/patterns/detector.go:225.6,225.22 1 1
github.com/shivasurya/code-pathfinder/sast-engine/graph/callgraph/patterns/detector.go:225.22,226.12 1 1
github.com/shivasurya/code-pathfinder/sast-engine/graph/callgraph/patterns/detector.go:229.5,229.22 1 1
github.com/shivasurya/code-pathfinder/sast-engine/graph/callgraph/patterns/detector.go:229.22,239.6 1 1
github.com/shivasurya/code-pathfinder/sast-engine/graph/callgraph/patterns/detector.go:244.2,244.45 1 1
github.com/shivasurya/code-pathfinder/sast-engine/graph/callgraph/patterns/detector.go:254.111,256.53 2 1
github.com/shivasurya/code-pathfinder/sast-engine/graph/callgraph/patterns/detector.go:256.53,257.38 1 1
github.com/shivasurya/code-pathfinder/sast-engine/graph/callgraph/patterns/detector.go:257.38,258.43 1 1
github.com/shivasurya/code-pathfinder/sast-engine/graph/callgraph/patterns/detector.go:258.43,260.53 1 1
github.com/shivasurya/code-pathfinder/sast-engine/graph/callgraph/patterns/detector.go:260.53,262.6 1 1
github.com/shivasurya/code-pathfinder/sast-engine/graph/callgraph/patterns/detector.go:266.2,266.14 1 1
github.com/shivasurya/code-pathfinder/sast-engine/graph/callgraph/patterns/detector.go:270.85,271.16 1 1
github.com/shivasurya/code-pathfinder/sast-engine/graph/callgraph/patterns/detector.go:271.16,273.3 1 1
github.com/shivasurya/code-pathfinder/sast-engine/graph/callgraph/patterns/detector.go:275.2,276.49 2 1
github.com/shivasurya/code-pathfinder/sast-engine/graph/callgraph/patterns/detector.go:280.117,281.23 1 1
github.com/shivasurya/code-pathfinder/sast-engine/graph/callgraph/patterns/detector.go:281.23,283.3 1 1
github.com/shivasurya/code-pathfinder/sast-engine/graph/callgraph/patterns/detector.go:285.2,285.22 1 1
github.com/shivasurya/code-pathfinder/sast-engine/graph/callgraph/patterns/detector.go:285.22,287.3 1 0
github.com/shivasurya/code-pathfinder/sast-engine/graph/callgraph/patterns/detector.go:289.2,292.33 3 1
github.com/shivasurya/code-pathfinder/sast-engine/graph/callgraph/patterns/detector.go:292.33,293.53 1 1
github.com/shivasurya/code-pathfinder/sast-engine/graph/callgraph/patterns/detector.go:293.53,295.4 1 1
github.com/shivasurya/code-pathfinder/sast-engine/graph/callgraph/patterns/detector.go:298.2,298.14 1 1
github.com/shivasurya/code-pathfinder/sast-engine/graph/callgraph/patterns/detector.go:303.90,304.16 1 1
github.com/shivasurya/code-pathfinder/sast-engine/graph/callgraph/patterns/detector.go:304.16,306.3 1 0
github.com/shivasurya/code-pathfinder/sast-engine/graph/callgraph/patterns/detector.go:308.2,311.62 3 1
github.com/shivasurya/code-pathfinder/sast-engine/graph/callgraph/patterns/detector.go:311.62,313.3 1 1
github.com/shivasurya/code-pathfinder/sast-engine/graph/callgraph/patterns/detector.go:315.2,315.19 1 0
github.com/shivasurya/code-pathfinder/sast-engine/graph/callgraph/patterns/detector.go:319.142,322.23 2 1
github.com/shivasurya/code-pathfinder/sast-engine/graph/callgraph/patterns/detector.go:322.23,324.3 1 1
github.com/shivasurya/code-pathfinder/sast-engine/graph/callgraph/patterns/detector.go:326.2,326.22 1 1
github.com/shivasurya/code-pathfinder/sast-engine/graph/callgraph/patterns/detector.go:326.22,329.3 2 0
github.com/shivasurya/code-pathfinder/sast-engine/graph/callgraph/patterns/detector.go:331.2,334.33 3 1
github.com/shivasurya/code-pathfinder/sast-engine/graph/callgraph/patterns/detector.go:334.33,335.68 1 1
github.com/shivasurya/code-pathfinder/sast-engine/graph/callgraph/patterns/detector.go:335.68,337.4 1 1
github.com/shivasurya/code-pathfinder/sast-engine/graph/callgraph/patterns/detector.go:341.2,342.14 2 0
github.com/shivasurya/code-pathfinder/sast-engine/graph/callgraph/patterns/detector.go:346.37,348.34 1 1
github.com/shivasurya/code-pathfinder/sast-engine/graph/callgraph/patterns/detector.go:348.34,349.39 1 1
github.com/shivasurya/code-pathfinder/sast-engine/graph/callgraph/patterns/detector.go:349.39,350.41 1 0
github.com/shivasurya/code-pathfinder/sast-engine/graph/callgraph/patterns/detector.go:350.41,352.5 1 0
github.com/shivasurya/code-pathfinder/sast-engine/graph/callgraph/patterns/detector.go:363.52,366.46 2 1
github.com/shivasurya/code-pathfinder/sast-engine/graph/callgraph/patterns/detector.go:366.46,368.3 1 0
github.com/shivasurya/code-pathfinder/sast-engine/graph/callgraph/patterns/detector.go:371.2,371.25 1 1
github.com/shivasurya/code-pathfinder/sast-engine/graph/callgraph/patterns/detector.go:371.25,373.3 1 1
github.com/shivasurya/code-pathfinder/sast-engine/graph/callgraph/patterns/detector.go:376.2,376.46 1 1
github.com/shivasurya/code-pathfinder/sast-engine/graph/callgraph/patterns/detector.go:376.46,378.3 1 1
github.com/shivasurya/code-pathfinder/sast-engine/graph/callgraph/patterns/detector.go:382.2,382.46 1 1
github.com/shivasurya/code-pathfinder/sast-engine/graph/callgraph/patterns/detector.go:382.46,384.3 1 1
github.com/shivasurya/code-pathfinder/sast-engine/graph/callgraph/patterns/detector.go:389.2,390.47 2 1
github.com/shivasurya/code-pathfinder/sast-engine/graph/callgraph/patterns/detector.go:390.47,392.31 2 1
github.com/shivasurya/code-pathfinder/sast-engine/graph/callgraph/patterns/detector.go:392.31,394.4 1 0
github.com/shivasurya/code-pathfinder/sast-engine/graph/callgraph/patterns/detector.go:397.2,397.14 1 1
github.com/shivasurya/code-pathfinder/sast-engine/graph/callgraph/patterns/detector.go:408.24,413.9 3 1
github.com/shivasurya/code-pathfinder/sast-engine/graph/callgraph/patterns/detector.go:413.9,416.3 2 0
github.com/shivasurya/code-pathfinder/sast-engine/graph/callgraph/patterns/detector.go:419.2,420.16 2 1
github.com/shivasurya/code-pathfinder/sast-engine/graph/callgraph/patterns/detector.go:420.16,423.3 2 1
github.com/shivasurya/code-pathfinder/sast-engine/graph/callgraph/patterns/detector.go:426.2,427.16 2 1
github.com/shivasurya/code-pathfinder/sast-engine/graph/callgraph/patterns/detector.go:427.16,430.3 2 0
github.com/shivasurya/code-pathfinder/sast-engine/graph/callgraph/patterns/detector.go:431.2,435.25 3 1
github.com/shivasurya/code-pathfinder/sast-engine/graph/callgraph/patterns/detector.go:435.25,438.3 2 0
github.com/shivasurya/code-pathfinder/sast-engine/graph/callgraph/patterns/detector.go:441.2,442.16 2 1
github.com/shivasurya/code-pathfinder/sast-engine/graph/callgraph/patterns/detector.go:442.16,445.3 2 0
github.com/shivasurya/code-pathfinder/sast-engine/graph/callgraph/patterns/detector.go:448.2,461.30 3 1
github.com/shivasurya/code-pathfinder/sast-engine/graph/callgraph/patterns/detector.go:461.30,463.3 1 1
github.com/shivasurya/code-pathfinder/sast-engine/graph/callgraph/patterns/detector.go:466.2,478.3 2 1
github.com/shivasurya/code-pathfinder/sast-engine/graph/callgraph/patterns/frameworks.go:16.60,17.22 1 1
github.com/shivasurya/code-pathfinder/sast-engine/graph/callgraph/patterns/frameworks.go:17.22,19.3 1 1
github.com/shivasurya/code-pathfinder/sast-engine/graph/callgraph/patterns/frameworks.go:23.2,23.40 1 1
github.com/shivasurya/code-pathfinder/sast-engine/graph/callgraph/patterns/frameworks.go:23.40,24.64 1 1
github.com/shivasurya/code-pathfinder/sast-engine/graph/callgraph/patterns/frameworks.go:24.64,29.4 1 1
github.com/shivasurya/code-pathfinder/sast-engine/graph/callgraph/patterns/frameworks.go:32.2,32.12 1 1
github.com/shivasurya/code-pathfinder/sast-engine/graph/callgraph/patterns/frameworks.go:37.47,40.2 2 1
github.com/shivasurya/code-pathfinder/sast-engine/graph/callgraph/patterns/frameworks.go:44.53,46.2 1 1
github.com/shivasurya/code-pathfinder/sast-engine/graph/callgraph/patterns/frameworks.go:50.49,52.2 1 1
github.com/shivasurya/code-pathfinder/sast-engine/graph/callgraph/patterns/helpers.go:10.53,12.2 1 1
github.com/shivasurya/code-pathfinder/sast-engine/graph/callgraph/patterns/helpers.go:15.76,16.17 1 1
github.com/shivasurya/code-pathfinder/sast-engine/graph/callgraph/patterns/helpers.go:16.17,18.3 1 1
github.com/shivasurya/code-pathfinder/sast-engine/graph/callgraph/patterns/helpers.go:21.2,21.83 1 1
github.com/shivasurya/code-pathfinder/sast-engine/graph/callgraph/patterns/helpers.go:21.83,23.3 1 1
github.com/shivasurya/code-pathfinder/sast-engine/graph/callgraph/patterns/helpers.go:26.2,26.46 1 1
github.com/shivasurya/code-pathfinder/sast-engine/graph/callgraph/patterns/helpers.go:26.46,28.69 2 1
github.com/shivasurya/code-pathfinder/sast-engine/graph/callgraph/patterns/helpers.go:28.69,30.4 1 1
github.com/shivasurya/code-pathfinder/sast-engine/graph/callgraph/patterns/helpers.go:33.2,33.12 1 1
github.com/shivasurya/code-pathfinder/sast-engine/graph/docker/converters.go:12.72,17.46 2 1
github.com/shivasurya/code-pathfinder/sast-engine/graph/docker/converters.go:17.46,20.23 2 1
[...]
github.com/shivasurya/code-pathfinder/sast-engine/graph/callgraph/builder/builder.go:570.3,570.28 1 0
github.com/shivasurya/code-pathfinder/sast-engine/graph/callgraph/builder/builder.go:574.2,579.42 4 1
github.com/shivasurya/code-pathfinder/sast-engine/graph/callgraph/builder/builder.go:579.42,585.27 3 1
github.com/shivasurya/code-pathfinder/sast-engine/graph/callgraph/builder/builder.go:585.27,586.58 1 1
github.com/shivasurya/code-pathfinder/sast-engine/graph/callgraph/builder/builder.go:586.58,588.5 1 0
github.com/shivasurya/code-pathfinder/sast-engine/graph/callgraph/builder/builder.go:592.3,592.21 1 1
github.com/shivasurya/code-pathfinder/sast-engine/graph/callgraph/builder/builder.go:592.21,594.26 2 1
github.com/shivasurya/code-pathfinder/sast-engine/graph/callgraph/builder/builder.go:594.26,595.57 1 0
github.com/shivasurya/code-pathfinder/sast-engine/graph/callgraph/builder/builder.go:595.57,597.6 1 0
github.com/shivasurya/code-pathfinder/sast-engine/graph/callgraph/builder/builder.go:601.3,601.21 1 1
github.com/shivasurya/code-pathfinder/sast-engine/graph/callgraph/builder/builder.go:601.21,603.27 1 0
github.com/shivasurya/code-pathfinder/sast-engine/graph/callgraph/builder/builder.go:603.27,607.82 2 0
github.com/shivasurya/code-pathfinder/sast-engine/graph/callgraph/builder/builder.go:607.83,609.6 0 0
github.com/shivasurya/code-pathfinder/sast-engine/graph/callgraph/builder/builder.go:609.11,611.79 1 0
github.com/shivasurya/code-pathfinder/sast-engine/graph/callgraph/builder/builder.go:611.79,613.24 2 0
github.com/shivasurya/code-pathfinder/sast-engine/graph/callgraph/builder/builder.go:613.24,616.8 1 0
github.com/shivasurya/code-pathfinder/sast-engine/graph/callgraph/builder/builder.go:620.6,623.26 2 0
github.com/shivasurya/code-pathfinder/sast-engine/graph/callgraph/builder/builder.go:623.26,624.53 1 0
github.com/shivasurya/code-pathfinder/sast-engine/graph/callgraph/builder/builder.go:624.53,625.83 1 0
github.com/shivasurya/code-pathfinder/sast-engine/graph/callgraph/builder/builder.go:625.83,628.9 1 0
github.com/shivasurya/code-pathfinder/sast-engine/graph/callgraph/builder/builder.go:633.7,634.23 2 0
github.com/shivasurya/code-pathfinder/sast-engine/graph/callgraph/builder/builder.go:634.23,639.76 3 0
github.com/shivasurya/code-pathfinder/sast-engine/graph/callgraph/builder/builder.go:639.76,641.29 2 0
github.com/shivasurya/code-pathfinder/sast-engine/graph/callgraph/builder/builder.go:641.29,642.66 1 0
github.com/shivasurya/code-pathfinder/sast-engine/graph/callgraph/builder/builder.go:642.66,643.86 1 0
github.com/shivasurya/code-pathfinder/sast-engine/graph/callgraph/builder/builder.go:643.86,646.12 1 0
github.com/shivasurya/code-pathfinder/sast-engine/graph/callgraph/builder/builder.go:654.6,654.40 1 0
github.com/shivasurya/code-pathfinder/sast-engine/graph/callgraph/builder/builder.go:654.40,657.7 1 0
github.com/shivasurya/code-pathfinder/sast-engine/graph/callgraph/builder/builder.go:665.2,665.48 1 1
github.com/shivasurya/code-pathfinder/sast-engine/graph/callgraph/builder/builder.go:665.48,668.60 2 0
github.com/shivasurya/code-pathfinder/sast-engine/graph/callgraph/builder/builder.go:668.60,670.4 1 0
github.com/shivasurya/code-pathfinder/sast-engine/graph/callgraph/builder/builder.go:672.3,672.106 1 0
github.com/shivasurya/code-pathfinder/sast-engine/graph/callgraph/builder/builder.go:672.106,674.4 1 0
github.com/shivasurya/code-pathfinder/sast-engine/graph/callgraph/builder/builder.go:676.3,676.58 1 0
github.com/shivasurya/code-pathfinder/sast-engine/graph/callgraph/builder/builder.go:676.58,677.90 1 0
github.com/shivasurya/code-pathfinder/sast-engine/graph/callgraph/builder/builder.go:677.90,678.57 1 0
github.com/shivasurya/code-pathfinder/sast-engine/graph/callgraph/builder/builder.go:678.57,680.6 1 0
github.com/shivasurya/code-pathfinder/sast-engine/graph/callgraph/builder/builder.go:683.3,683.37 1 0
github.com/shivasurya/code-pathfinder/sast-engine/graph/callgraph/builder/builder.go:683.37,685.4 1 0
github.com/shivasurya/code-pathfinder/sast-engine/graph/callgraph/builder/builder.go:686.3,686.29 1 0
github.com/shivasurya/code-pathfinder/sast-engine/graph/callgraph/builder/builder.go:691.2,692.36 2 1
github.com/shivasurya/code-pathfinder/sast-engine/graph/callgraph/builder/builder.go:692.36,694.3 1 0
github.com/shivasurya/code-pathfinder/sast-engine/graph/callgraph/builder/builder.go:698.2,698.105 1 1
github.com/shivasurya/code-pathfinder/sast-engine/graph/callgraph/builder/builder.go:698.105,700.3 1 0
github.com/shivasurya/code-pathfinder/sast-engine/graph/callgraph/builder/builder.go:704.2,704.57 1 1
github.com/shivasurya/code-pathfinder/sast-engine/graph/callgraph/builder/builder.go:704.57,705.89 1 1
github.com/shivasurya/code-pathfinder/sast-engine/graph/callgraph/builder/builder.go:705.89,706.55 1 1
github.com/shivasurya/code-pathfinder/sast-engine/graph/callgraph/builder/builder.go:706.55,708.5 1 0
github.com/shivasurya/code-pathfinder/sast-engine/graph/callgraph/builder/builder.go:713.2,713.27 1 1
github.com/shivasurya/code-pathfinder/sast-engine/graph/callgraph/builder/builder.go:741.111,743.2 1 0
github.com/shivasurya/code-pathfinder/sast-engine/graph/callgraph/builder/builder.go:746.111,747.25 1 1
github.com/shivasurya/code-pathfinder/sast-engine/graph/callgraph/builder/builder.go:747.25,749.3 1 0
github.com/shivasurya/code-pathfinder/sast-engine/graph/callgraph/builder/builder.go:752.2,753.20 2 1
github.com/shivasurya/code-pathfinder/sast-engine/graph/callgraph/builder/builder.go:753.20,755.3 1 0
github.com/shivasurya/code-pathfinder/sast-engine/graph/callgraph/builder/builder.go:764.2,764.39 1 1
github.com/shivasurya/code-pathfinder/sast-engine/graph/callgraph/builder/builder.go:764.39,769.73 3 1
github.com/shivasurya/code-pathfinder/sast-engine/graph/callgraph/builder/builder.go:769.73,771.4 1 0
github.com/shivasurya/code-pathfinder/sast-engine/graph/callgraph/builder/builder.go:774.3,775.17 2 1
github.com/shivasurya/code-pathfinder/sast-engine/graph/callgraph/builder/builder.go:775.17,777.12 2 0
github.com/shivasurya/code-pathfinder/sast-engine/graph/callgraph/builder/builder.go:779.3,779.20 1 1
github.com/shivasurya/code-pathfinder/sast-engine/graph/callgraph/builder/builder.go:779.20,780.12 1 1
github.com/shivasurya/code-pathfinder/sast-engine/graph/callgraph/builder/builder.go:784.3,784.50 1 0
github.com/shivasurya/code-pathfinder/sast-engine/graph/callgraph/builder/builder.go:784.50,786.4 1 0
github.com/shivasurya/code-pathfinder/sast-engine/graph/callgraph/builder/builder.go:789.3,789.48 1 0
github.com/shivasurya/code-pathfinder/sast-engine/graph/callgraph/builder/builder.go:789.48,791.4 1 0
github.com/shivasurya/code-pathfinder/sast-engine/graph/callgraph/builder/builder.go:794.3,794.50 1 0
github.com/shivasurya/code-pathfinder/sast-engine/graph/callgraph/builder/builder.go:794.50,796.4 1 0
github.com/shivasurya/code-pathfinder/sast-engine/graph/callgraph/builder/builder.go:799.3,799.51 1 0
github.com/shivasurya/code-pathfinder/sast-engine/graph/callgraph/builder/builder.go:799.51,801.4 1 0
github.com/shivasurya/code-pathfinder/sast-engine/graph/callgraph/builder/builder.go:804.2,804.14 1 1
github.com/shivasurya/code-pathfinder/sast-engine/graph/callgraph/builder/builder.go:820.66,822.2 1 1
github.com/shivasurya/code-pathfinder/sast-engine/graph/callgraph/builder/builder.go:825.66,827.40 1 1
github.com/shivasurya/code-pathfinder/sast-engine/graph/callgraph/builder/builder.go:827.40,829.3 1 1
github.com/shivasurya/code-pathfinder/sast-engine/graph/callgraph/builder/builder.go:833.2,834.17 2 1
github.com/shivasurya/code-pathfinder/sast-engine/graph/callgraph/builder/builder.go:834.17,836.50 2 1
github.com/shivasurya/code-pathfinder/sast-engine/graph/callgraph/builder/builder.go:836.50,838.4 1 1
github.com/shivasurya/code-pathfinder/sast-engine/graph/callgraph/builder/builder.go:841.2,841.14 1 1
github.com/shivasurya/code-pathfinder/sast-engine/graph/callgraph/builder/builder.go:846.168,848.40 1 0
github.com/shivasurya/code-pathfinder/sast-engine/graph/callgraph/builder/builder.go:848.40,853.39 3 0
github.com/shivasurya/code-pathfinder/sast-engine/graph/callgraph/builder/builder.go:853.39,855.4 1 0
github.com/shivasurya/code-pathfinder/sast-engine/graph/callgraph/builder/builder.go:857.3,857.26 1 0
github.com/shivasurya/code-pathfinder/sast-engine/graph/callgraph/builder/builder.go:861.2,861.36 1 0
github.com/shivasurya/code-pathfinder/sast-engine/graph/callgraph/builder/builder.go:861.36,863.29 1 0
github.com/shivasurya/code-pathfinder/sast-engine/graph/callgraph/builder/builder.go:863.29,866.4 1 0
github.com/shivasurya/code-pathfinder/sast-engine/graph/callgraph/builder/builder.go:869.3,869.47 1 0
github.com/shivasurya/code-pathfinder/sast-engine/graph/callgraph/builder/builder.go:869.47,872.57 1 0
github.com/shivasurya/code-pathfinder/sast-engine/graph/callgraph/builder/builder.go:872.57,874.5 1 0
github.com/shivasurya/code-pathfinder/sast-engine/graph/callgraph/builder/builder.go:876.4,877.24 2 0
github.com/shivasurya/code-pathfinder/sast-engine/graph/callgraph/builder/builder.go:881.3,882.42 2 0
github.com/shivasurya/code-pathfinder/sast-engine/graph/callgraph/builder/builder.go:882.42,884.4 1 0
github.com/shivasurya/code-pathfinder/sast-engine/graph/callgraph/builder/builder.go:887.3,887.23 1 0
github.com/shivasurya/code-pathfinder/sast-engine/graph/callgraph/builder/builder.go:891.2,896.48 4 0
github.com/shivasurya/code-pathfinder/sast-engine/graph/callgraph/builder/builder.go:896.48,899.60 2 0
github.com/shivasurya/code-pathfinder/sast-engine/graph/callgraph/builder/builder.go:899.60,901.4 1 0
github.com/shivasurya/code-pathfinder/sast-engine/graph/callgraph/builder/builder.go:903.3,903.106 1 0
github.com/shivasurya/code-pathfinder/sast-engine/graph/callgraph/builder/builder.go:903.106,905.4 1 0
github.com/shivasurya/code-pathfinder/sast-engine/graph/callgraph/builder/builder.go:906.3,906.37 1 0
github.com/shivasurya/code-pathfinder/sast-engine/graph/callgraph/builder/builder.go:906.37,908.4 1 0
github.com/shivasurya/code-pathfinder/sast-engine/graph/callgraph/builder/builder.go:909.3,909.24 1 0
github.com/shivasurya/code-pathfinder/sast-engine/graph/callgraph/builder/builder.go:914.2,915.36 2 0
github.com/shivasurya/code-pathfinder/sast-engine/graph/callgraph/builder/builder.go:915.36,917.3 1 0
github.com/shivasurya/code-pathfinder/sast-engine/graph/callgraph/builder/builder.go:921.2,921.105 1 0
github.com/shivasurya/code-pathfinder/sast-engine/graph/callgraph/builder/builder.go:921.105,923.3 1 0
github.com/shivasurya/code-pathfinder/sast-engine/graph/callgraph/builder/builder.go:926.2,926.22 1 0
github.com/shivasurya/code-pathfinder/sast-engine/graph/callgraph/builder/builder.go:940.53,942.2 1 1
github.com/shivasurya/code-pathfinder/sast-engine/graph/callgraph/builder/builder.go:945.61,947.66 1 1
github.com/shivasurya/code-pathfinder/sast-engine/graph/callgraph/builder/builder.go:947.66,949.3 1 1
github.com/shivasurya/code-pathfinder/sast-engine/graph/callgraph/builder/builder.go:952.2,952.63 1 1
github.com/shivasurya/code-pathfinder/sast-engine/graph/callgraph/builder/builder.go:952.63,954.3 1 0
github.com/shivasurya/code-pathfinder/sast-engine/graph/callgraph/builder/builder.go:957.2,957.15 1 1
github.com/shivasurya/code-pathfinder/sast-engine/graph/callgraph/builder/builder.go:961.55,964.16 3 1
github.com/shivasurya/code-pathfinder/sast-engine/graph/callgraph/builder/builder.go:964.16,966.3 1 1
github.com/shivasurya/code-pathfinder/sast-engine/graph/callgraph/builder/builder.go:968.2,969.35 2 1
github.com/shivasurya/code-pathfinder/sast-engine/graph/callgraph/builder/builder.go:972.52,977.16 3 1
github.com/shivasurya/code-pathfinder/sast-engine/graph/callgraph/builder/builder.go:977.16,979.3 1 1
github.com/shivasurya/code-pathfinder/sast-engine/graph/callgraph/builder/builder.go:982.2,983.29 2 0
github.com/shivasurya/code-pathfinder/sast-engine/graph/callgraph/builder/builder.go:983.29,985.84 1 0
github.com/shivasurya/code-pathfinder/sast-engine/graph/callgraph/builder/builder.go:985.84,988.31 2 0
github.com/shivasurya/code-pathfinder/sast-engine/graph/callgraph/builder/builder.go:988.31,990.72 2 0
github.com/shivasurya/code-pathfinder/sast-engine/graph/callgraph/builder/builder.go:990.72,992.59 1 0
github.com/shivasurya/code-pathfinder/sast-engine/graph/callgraph/builder/builder.go:992.59,994.7 1 0
github.com/shivasurya/code-pathfinder/sast-engine/graph/callgraph/builder/builder.go:1000.2,1000.11 1 0
github.com/shivasurya/code-pathfinder/sast-engine/graph/callgraph/builder/builder.go:1003.47,1005.21 2 1
github.com/shivasurya/code-pathfinder/sast-engine/graph/callgraph/builder/builder.go:1005.21,1007.3 1 1
github.com/shivasurya/code-pathfinder/sast-engine/graph/callgraph/builder/builder.go:1008.2,1008.21 1 0
github.com/shivasurya/code-pathfinder/sast-engine/graph/callgraph/builder/builder.go:1008.21,1010.3 1 0
github.com/shivasurya/code-pathfinder/sast-engine/graph/callgraph/builder/builder.go:1011.2,1011.11 1 0
github.com/shivasurya/code-pathfinder/sast-engine/graph/callgraph/builder/cache.go:23.42,27.2 1 1
github.com/shivasurya/code-pathfinder/sast-engine/graph/callgraph/builder/cache.go:36.71,42.2 4 1
github.com/shivasurya/code-pathfinder/sast-engine/graph/callgraph/builder/cache.go:49.74,54.2 3 1
github.com/shivasurya/code-pathfinder/sast-engine/graph/callgraph/builder/cache.go:72.131,74.42 1 1
github.com/shivasurya/code-pathfinder/sast-engine/graph/callgraph/builder/cache.go:74.42,76.3 1 1
github.com/shivasurya/code-pathfinder/sast-engine/graph/callgraph/builder/cache.go:79.2,80.16 2 1
github.com/shivasurya/code-pathfinder/sast-engine/graph/callgraph/builder/cache.go:80.16,82.3 1 0
github.com/shivasurya/code-pathfinder/sast-engine/graph/callgraph/builder/cache.go:85.2,87.23 2 1
github.com/shivasurya/code-pathfinder/sast-engine/graph/callgraph/builder/helpers.go:19.53,21.16 2 1
github.com/shivasurya/code-pathfinder/sast-engine/graph/callgraph/builder/helpers.go:21.16,23.3 1 0
github.com/shivasurya/code-pathfinder/sast-engine/graph/callgraph/builder/helpers.go:24.2,24.29 1 1
github.com/shivasurya/code-pathfinder/sast-engine/graph/callgraph/builder/helpers.go:39.76,40.17 1 1
github.com/shivasurya/code-pathfinder/sast-engine/graph/callgraph/builder/helpers.go:40.17,42.3 1 1
github.com/shivasurya/code-pathfinder/sast-engine/graph/callgraph/builder/helpers.go:45.2,46.41 1 1
github.com/shivasurya/code-pathfinder/sast-engine/graph/callgraph/builder/helpers.go:46.41,48.3 1 1
github.com/shivasurya/code-pathfinder/sast-engine/graph/callgraph/builder/helpers.go:51.2,51.46 1 1
github.com/shivasurya/code-pathfinder/sast-engine/graph/callgraph/builder/helpers.go:51.46,52.77 1 1
github.com/shivasurya/code-pathfinder/sast-engine/graph/callgraph/builder/helpers.go:52.77,54.4 1 1
github.com/shivasurya/code-pathfinder/sast-engine/graph/callgraph/builder/helpers.go:57.2,57.12 1 1
github.com/shivasurya/code-pathfinder/sast-engine/graph/callgraph/builder/integration.go:29.147,33.16 3 1
github.com/shivasurya/code-pathfinder/sast-engine/graph/callgraph/builder/integration.go:33.16,35.3 1 0
github.com/shivasurya/code-pathfinder/sast-engine/graph/callgraph/builder/integration.go:36.2,41.16 4 1
github.com/shivasurya/code-pathfinder/sast-engine/graph/callgraph/builder/integration.go:41.16,43.3 1 0
github.com/shivasurya/code-pathfinder/sast-engine/graph/callgraph/builder/integration.go:44.2,50.39 4 1
github.com/shivasurya/code-pathfinder/sast-engine/graph/callgraph/builder/taint.go:25.115,32.53 5 1
github.com/shivasurya/code-pathfinder/sast-engine/graph/callgraph/builder/taint.go:32.53,35.17 2 1
github.com/shivasurya/code-pathfinder/sast-engine/graph/callgraph/builder/taint.go:35.17,37.12 2 0
github.com/shivasurya/code-pathfinder/sast-engine/graph/callgraph/builder/taint.go:41.3,42.17 2 1
github.com/shivasurya/code-pathfinder/sast-engine/graph/callgraph/builder/taint.go:42.17,44.12 2 0
github.com/shivasurya/code-pathfinder/sast-engine/graph/callgraph/builder/taint.go:48.3,49.26 2 1
github.com/shivasurya/code-pathfinder/sast-engine/graph/callgraph/builder/taint.go:49.26,51.19 2 0
github.com/shivasurya/code-pathfinder/sast-engine/graph/callgraph/builder/taint.go:51.19,53.5 1 0
github.com/shivasurya/code-pathfinder/sast-engine/graph/callgraph/builder/taint.go:54.4,54.12 1 0
github.com/shivasurya/code-pathfinder/sast-engine/graph/callgraph/builder/taint.go:58.3,59.17 2 1
github.com/shivasurya/code-pathfinder/sast-engine/graph/callgraph/builder/taint.go:59.17,61.19 2 0
github.com/shivasurya/code-pathfinder/sast-engine/graph/callgraph/builder/taint.go:61.19,63.5 1 0
github.com/shivasurya/code-pathfinder/sast-engine/graph/callgraph/builder/taint.go:64.4,64.12 1 0
github.com/shivasurya/code-pathfinder/sast-engine/graph/callgraph/builder/taint.go:68.3,87.25 5 1
github.com/shivasurya/code-pathfinder/sast-engine/graph/callgraph/builder/taint.go:87.25,89.4 1 0
github.com/shivasurya/code-pathfinder/sast-engine/graph/callgraph/builder/taint.go:92.3,92.18 1 1
github.com/shivasurya/code-pathfinder/sast-engine/graph/callgraph/builder/taint.go:92.18,94.4 1 1
github.com/shivasurya/code-pathfinder/sast-engine/graph/callgraph/integration.go:54.171,57.16 2 1
github.com/shivasurya/code-pathfinder/sast-engine/graph/callgraph/integration.go:57.16,59.3 1 1
github.com/shivasurya/code-pathfinder/sast-engine/graph/callgraph/integration.go:62.2,63.16 2 1
github.com/shivasurya/code-pathfinder/sast-engine/graph/callgraph/integration.go:63.16,65.3 1 0
github.com/shivasurya/code-pathfinder/sast-engine/graph/callgraph/integration.go:68.2,71.56 3 1
github.com/shivasurya/code-pathfinder/sast-engine/graph/callgraph/integration.go:83.108,93.43 3 1
github.com/shivasurya/code-pathfinder/sast-engine/graph/callgraph/integration.go:93.43,98.42 2 1
github.com/shivasurya/code-pathfinder/sast-engine/graph/callgraph/integration.go:98.42,100.21 2 1
github.com/shivasurya/code-pathfinder/sast-engine/graph/callgraph/integration.go:100.21,116.56 2 1
github.com/shivasurya/code-pathfinder/sast-engine/graph/callgraph/integration.go:116.56,117.67 1 1
github.com/shivasurya/code-pathfinder/sast-engine/graph/callgraph/integration.go:117.67,118.38 1 1
github.com/shivasurya/code-pathfinder/sast-engine/graph/callgraph/integration.go:118.38,119.81 1 1
github.com/shivasurya/code-pathfinder/sast-engine/graph/callgraph/integration.go:119.81,123.14 4 1
github.com/shivasurya/code-pathfinder/sast-engine/graph/callgraph/integration.go:130.5,130.52 1 1
github.com/shivasurya/code-pathfinder/sast-engine/graph/callgraph/integration.go:130.52,131.65 1 1
github.com/shivasurya/code-pathfinder/sast-engine/graph/callgraph/integration.go:131.65,132.38 1 1
github.com/shivasurya/code-pathfinder/sast-engine/graph/callgraph/integration.go:132.38,133.77 1 1
github.com/shivasurya/code-pathfinder/sast-engine/graph/callgraph/integration.go:133.77,137.14 4 1
github.com/shivasurya/code-pathfinder/sast-engine/graph/callgraph/integration.go:143.5,143.45 1 1
github.com/shivasurya/code-pathfinder/sast-engine/graph/callgraph/integration.go:148.2,148.16 1 1
github.com/shivasurya/code-pathfinder/sast-engine/graph/callgraph/integration.go:154.61,155.38 1 1
github.com/shivasurya/code-pathfinder/sast-engine/graph/callgraph/integration.go:155.38,157.3 1 1
github.com/shivasurya/code-pathfinder/sast-engine/graph/callgraph/integration.go:159.2,160.16 2 1
github.com/shivasurya/code-pathfinder/sast-engine/graph/callgraph/integration.go:160.16,162.3 1 1
github.com/shivasurya/code-pathfinder/sast-engine/graph/callgraph/integration.go:163.2,168.21 4 1
github.com/shivasurya/code-pathfinder/sast-engine/graph/callgraph/integration.go:168.21,169.32 1 1
github.com/shivasurya/code-pathfinder/sast-engine/graph/callgraph/integration.go:169.32,172.4 2 1
github.com/shivasurya/code-pathfinder/sast-engine/graph/callgraph/integration.go:173.3,173.16 1 1
github.com/shivasurya/code-pathfinder/sast-engine/graph/callgraph/integration.go:176.2,176.11 1 1
